#
# A fatal error has been detected by the Java Runtime Environment:
#
#  SIGSEGV (0xb) at pc=0x00007f3b1d3bcac7, pid=6229, tid=0x00007f3b3e8b2700
#
# JRE version: Java(TM) SE Runtime Environment (8.0_131-b11) (build 1.8.0_131-b11)
# Java VM: Java HotSpot(TM) 64-Bit Server VM (25.131-b11 mixed mode linux-amd64 compressed oops)
# Problematic frame:
# C  [libtesseract.so.3.0.4+0x9dac7]  tesseract::Tesseract::recog_all_words(PAGE_RES*, ETEXT_DESC*, TBOX const*, char const*, int)+0x5e7
#
# Failed to write core dump. Core dumps have been disabled. To enable core dumping, try "ulimit -c unlimited" before starting Java again
#
# If you would like to submit a bug report, please visit:
#   http://bugreport.java.com/bugreport/crash.jsp
# The crash happened outside the Java Virtual Machine in native code.
# See problematic frame for where to report the bug.
#

---------------  T H R E A D  ---------------

Current thread (0x00007f3b3800c000):  JavaThread "main" [_thread_in_native, id=6236, stack(0x00007f3b3e7b2000,0x00007f3b3e8b3000)]

siginfo: si_signo: 11 (SIGSEGV), si_code: 1 (SEGV_MAPERR), si_addr: 0x000000000000000c

Registers:
RAX=0x0000000000000000, RBX=0x00007f3b3e8b06d0, RCX=0x0000000000000000, RDX=0x0000000000000000
RSP=0x00007f3b3e8b0680, RBP=0x00007f3b387312f0, RSI=0x0000000000000000, RDI=0x00007f3b3e8b0790
R8 =0x0000000000000000, R9 =0x0000000000000000, R10=0x00000000ffff8001, R11=0x00007f3b3de4c110
R12=0x00007f3b389ad4a0, R13=0x0000000000000000, R14=0x0000000000000000, R15=0x00007f3b389ad4a0
RIP=0x00007f3b1d3bcac7, EFLAGS=0x0000000000010246, CSGSFS=0x002b000000000033, ERR=0x0000000000000004
  TRAPNO=0x000000000000000e

Top of Stack: (sp=0x00007f3b3e8b0680)
0x00007f3b3e8b0680:   0000000000000000 0000000000000000
0x00007f3b3e8b0690:   00007f3b3896d210 00007f3b38809810
0x00007f3b3e8b06a0:   00007f3b389c8040 00007f3b389ab840
0x00007f3b3e8b06b0:   0000000000000000 00007f3b3e8b06e0
0x00007f3b3e8b06c0:   00007f3b3896d210 00007f3b1d518980
0x00007f3b3e8b06d0:   00007f3b389ad4a0 0000000000000000
0x00007f3b3e8b06e0:   0000000000000000 0000000000000000
0x00007f3b3e8b06f0:   00007f3b38800a40 00007f3b389ac860
0x00007f3b3e8b0700:   00007f3b389ab840 00007f3b389acd10
0x00007f3b3e8b0710:   00007f3b389ac860 00007f3b389ab840
0x00007f3b3e8b0720:   00007f3b389ad4a8 00007f3b389ab840
0x00007f3b3e8b0730:   00007f3b389ab840 00007f3b389ab840
0x00007f3b3e8b0740:   00007f3b389a0000 00007f3b389ab840
0x00007f3b3e8b0750:   0000000000000000 00007f3b389ab868
0x00007f3b3e8b0760:   00007f3b38809810 00007f3b389ac860
0x00007f3b3e8b0770:   00007f3b389ac2d0 00007f3b38730000
0x00007f3b3e8b0780:   00007f3b389ac860 00007f3b389ad400
0x00007f3b3e8b0790:   00007f3b389ac880 00007f3b389acd10
0x00007f3b3e8b07a0:   00007f3b389b04a0 00007f3b38969700
0x00007f3b3e8b07b0:   0000000000000000 00007f3b38800a40
0x00007f3b3e8b07c0:   0000000000000001 7028aeda47cafc00
0x00007f3b3e8b07d0:   0000000000000000 00007f3b386e5650
0x00007f3b3e8b07e0:   00007f3b3e8b0860 00000000ffffffff
0x00007f3b3e8b07f0:   0000000000000000 00007f3b389ad4a0
0x00007f3b3e8b0800:   00007f3b389ad4a0 00007f3b1d3a7065
0x00007f3b3e8b0810:   00007f3b3e8b0890 00007f3b285ad040
0x00007f3b3e8b0820:   00007f3b3e8b0801 7028aeda47cafc00
0x00007f3b3e8b0830:   0000000000000016 00007f3b386e5650
0x00007f3b3e8b0840:   0000000000000001 0000000000000000
0x00007f3b3e8b0850:   0000000000000001 00007f3b3e8b12a0
0x00007f3b3e8b0860:   00007f3b3e8b08b0 00007f3b1d3a833c
0x00007f3b3e8b0870:   0000000000000000 7028aeda47cafc00 

Instructions: (pc=0x00007f3b1d3bcac7)
0x00007f3b1d3bcaa7:   13 00 00 41 83 fe 01 0f 84 ec fb ff ff e9 b9 fa
0x00007f3b1d3bcab7:   ff ff 0f 1f 80 00 00 00 00 48 8b 85 10 0b 00 00
0x00007f3b1d3bcac7:   80 78 0c 00 0f 84 9f fd ff ff 48 89 ef e8 17 82
0x00007f3b1d3bcad7:   0f 00 e9 92 fd ff ff 4c 89 e6 48 89 ef e8 e7 8b 

Register to memory mapping:

RAX=0x0000000000000000 is an unknown value
RBX=0x00007f3b3e8b06d0 is pointing into the stack for thread: 0x00007f3b3800c000
RCX=0x0000000000000000 is an unknown value
RDX=0x0000000000000000 is an unknown value
RSP=0x00007f3b3e8b0680 is pointing into the stack for thread: 0x00007f3b3800c000
RBP=0x00007f3b387312f0 is an unknown value
RSI=0x0000000000000000 is an unknown value
RDI=0x00007f3b3e8b0790 is pointing into the stack for thread: 0x00007f3b3800c000
R8 =0x0000000000000000 is an unknown value
R9 =0x0000000000000000 is an unknown value
R10=0x00000000ffff8001 is an unallocated location in the heap
R11=0x00007f3b3de4c110: <offset 0x196110> in /lib/x86_64-linux-gnu/libc.so.6 at 0x00007f3b3dcb6000
R12=0x00007f3b389ad4a0 is an unknown value
R13=0x0000000000000000 is an unknown value
R14=0x0000000000000000 is an unknown value
R15=0x00007f3b389ad4a0 is an unknown value


Stack: [0x00007f3b3e7b2000,0x00007f3b3e8b3000],  sp=0x00007f3b3e8b0680,  free space=1017k
Native frames: (J=compiled Java code, j=interpreted, Vv=VM code, C=native code)
C  [libtesseract.so.3.0.4+0x9dac7]  tesseract::Tesseract::recog_all_words(PAGE_RES*, ETEXT_DESC*, TBOX const*, char const*, int)+0x5e7

Java frames: (J=compiled Java code, j=interpreted, Vv=VM code)
j  com.sun.jna.Native.invokePointer(JI[Ljava/lang/Object;)J+0
j  com.sun.jna.Function.invokePointer(I[Ljava/lang/Object;)Lcom/sun/jna/Pointer;+6
j  com.sun.jna.Function.invoke([Ljava/lang/Object;Ljava/lang/Class;Z)Ljava/lang/Object;+426
j  com.sun.jna.Function.invoke(Ljava/lang/Class;[Ljava/lang/Object;Ljava/util/Map;)Ljava/lang/Object;+262
j  com.sun.jna.Library$Handler.invoke(Ljava/lang/Object;Ljava/lang/reflect/Method;[Ljava/lang/Object;)Ljava/lang/Object;+316
j  com.sun.proxy.$Proxy0.TessBaseAPIGetUTF8Text(Lnet/sourceforge/tess4j/ITessAPI$TessBaseAPI;)Lcom/sun/jna/Pointer;+16
j  net.sourceforge.tess4j.Tesseract.getOCRText(Ljava/lang/String;I)Ljava/lang/String;+62
j  net.sourceforge.tess4j.Tesseract.doOCR(Ljava/util/List;Ljava/lang/String;Ljava/awt/Rectangle;)Ljava/lang/String;+69
j  net.sourceforge.tess4j.Tesseract.doOCR(Ljava/io/File;Ljava/awt/Rectangle;)Ljava/lang/String;+10
j  net.sourceforge.tess4j.Tesseract.doOCR(Ljava/io/File;)Ljava/lang/String;+3
j  com.company.upload.UploadImage.ReadImage()V+26
j  com.company.Main.main([Ljava/lang/String;)V+9
v  ~StubRoutines::call_stub

---------------  P R O C E S S  ---------------

Java Threads: ( => current thread )
  0x00007f3b38408800 JavaThread "Java2D Disposer" daemon [_thread_blocked, id=6290, stack(0x00007f3b1ddb9000,0x00007f3b1deba000)]
  0x00007f3b382ee800 JavaThread "Service Thread" daemon [_thread_blocked, id=6269, stack(0x00007f3b1f8e6000,0x00007f3b1f9e7000)]
  0x00007f3b382e1800 JavaThread "C1 CompilerThread2" daemon [_thread_blocked, id=6268, stack(0x00007f3b1feff000,0x00007f3b20000000)]
  0x00007f3b382df000 JavaThread "C2 CompilerThread1" daemon [_thread_blocked, id=6267, stack(0x00007f3b24023000,0x00007f3b24124000)]
  0x00007f3b382dd800 JavaThread "C2 CompilerThread0" daemon [_thread_blocked, id=6266, stack(0x00007f3b24124000,0x00007f3b24225000)]
  0x00007f3b382cb000 JavaThread "Monitor Ctrl-Break" daemon [_thread_in_native, id=6265, stack(0x00007f3b24225000,0x00007f3b24326000)]
  0x00007f3b38181000 JavaThread "Signal Dispatcher" daemon [_thread_blocked, id=6259, stack(0x00007f3b243e8000,0x00007f3b244e9000)]
  0x00007f3b3814d000 JavaThread "Finalizer" daemon [_thread_blocked, id=6257, stack(0x00007f3b248f2000,0x00007f3b249f3000)]
  0x00007f3b38148800 JavaThread "Reference Handler" daemon [_thread_blocked, id=6254, stack(0x00007f3b249f3000,0x00007f3b24af4000)]
=>0x00007f3b3800c000 JavaThread "main" [_thread_in_native, id=6236, stack(0x00007f3b3e7b2000,0x00007f3b3e8b3000)]

Other Threads:
  0x00007f3b38141000 VMThread [stack: 0x00007f3b24af4000,0x00007f3b24bf5000] [id=6253]
  0x00007f3b382f1800 WatcherThread [stack: 0x00007f3b1f7e5000,0x00007f3b1f8e6000] [id=6270]

VM state:not at safepoint (normal execution)

VM Mutex/Monitor currently owned by a thread: None

Heap:
 PSYoungGen      total 13824K, used 9113K [0x00000000f1180000, 0x00000000f2080000, 0x0000000100000000)
  eden space 12288K, 61% used [0x00000000f1180000,0x00000000f18ea470,0x00000000f1d80000)
  from space 1536K, 98% used [0x00000000f1d80000,0x00000000f1efc010,0x00000000f1f00000)
  to   space 1536K, 0% used [0x00000000f1f00000,0x00000000f1f00000,0x00000000f2080000)
 ParOldGen       total 31744K, used 5891K [0x00000000d3400000, 0x00000000d5300000, 0x00000000f1180000)
  object space 31744K, 18% used [0x00000000d3400000,0x00000000d39c0c08,0x00000000d5300000)
 Metaspace       used 11240K, capacity 11406K, committed 11520K, reserved 1058816K
  class space    used 1369K, capacity 1435K, committed 1536K, reserved 1048576K

Card table byte_map: [0x00007f3b3c007000,0x00007f3b3c16e000] byte_map_base: 0x00007f3b3b96d000

Marking Bits: (ParMarkBitMap*) 0x00007f3b3dc88f60
 Begin Bits: [0x00007f3b26692000, 0x00007f3b271c2000)
 End Bits:   [0x00007f3b271c2000, 0x00007f3b27cf2000)

Polling page: 0x00007f3b3e8d9000

CodeCache: size=245760Kb used=3348Kb max_used=3348Kb free=242411Kb
 bounds [0x00007f3b285a5000, 0x00007f3b288f5000, 0x00007f3b375a5000]
 total_blobs=1187 nmethods=809 adapters=293
 compilation: enabled

Compilation events (10 events):
Event: 42.090 Thread 0x00007f3b382e1800  805       3       java.lang.Long::longValue (5 bytes)
Event: 42.090 Thread 0x00007f3b382e1800 nmethod 805 0x00007f3b288e8810 code [0x00007f3b288e8960, 0x00007f3b288e8ab0]
Event: 42.090 Thread 0x00007f3b382e1800  806       3       java.lang.Integer::valueOf (32 bytes)
Event: 42.091 Thread 0x00007f3b382e1800 nmethod 806 0x00007f3b288e8190 code [0x00007f3b288e8320, 0x00007f3b288e8670]
Event: 42.092 Thread 0x00007f3b382e1800  807       3       java.lang.Math::min (12 bytes)
Event: 42.092 Thread 0x00007f3b382e1800 nmethod 807 0x00007f3b288e7e10 code [0x00007f3b288e7f80, 0x00007f3b288e8110]
Event: 42.092 Thread 0x00007f3b382e1800  808       3       java.io.RandomAccessFile::readFully (45 bytes)
Event: 42.093 Thread 0x00007f3b382e1800 nmethod 808 0x00007f3b288eab90 code [0x00007f3b288ead20, 0x00007f3b288eb0f8]
Event: 42.122 Thread 0x00007f3b382e1800  809       3       sun.reflect.ClassFileAssembler::emitShort (24 bytes)
Event: 42.123 Thread 0x00007f3b382e1800 nmethod 809 0x00007f3b288eb2d0 code [0x00007f3b288eb460, 0x00007f3b288eb798]

GC Heap History (6 events):
Event: 23.406 GC heap before
{Heap before GC invocations=1 (full 0):
 PSYoungGen      total 13824K, used 12288K [0x00000000f1180000, 0x00000000f2080000, 0x0000000100000000)
  eden space 12288K, 100% used [0x00000000f1180000,0x00000000f1d80000,0x00000000f1d80000)
  from space 1536K, 0% used [0x00000000f1f00000,0x00000000f1f00000,0x00000000f2080000)
  to   space 1536K, 0% used [0x00000000f1d80000,0x00000000f1d80000,0x00000000f1f00000)
 ParOldGen       total 31744K, used 0K [0x00000000d3400000, 0x00000000d5300000, 0x00000000f1180000)
  object space 31744K, 0% used [0x00000000d3400000,0x00000000d3400000,0x00000000d5300000)
 Metaspace       used 6188K, capacity 6320K, committed 6528K, reserved 1056768K
  class space    used 752K, capacity 784K, committed 896K, reserved 1048576K
Event: 23.410 GC heap after
Heap after GC invocations=1 (full 0):
 PSYoungGen      total 13824K, used 1525K [0x00000000f1180000, 0x00000000f2080000, 0x0000000100000000)
  eden space 12288K, 0% used [0x00000000f1180000,0x00000000f1180000,0x00000000f1d80000)
  from space 1536K, 99% used [0x00000000f1d80000,0x00000000f1efd500,0x00000000f1f00000)
  to   space 1536K, 0% used [0x00000000f1f00000,0x00000000f1f00000,0x00000000f2080000)
 ParOldGen       total 31744K, used 474K [0x00000000d3400000, 0x00000000d5300000, 0x00000000f1180000)
  object space 31744K, 1% used [0x00000000d3400000,0x00000000d3476af0,0x00000000d5300000)
 Metaspace       used 6188K, capacity 6320K, committed 6528K, reserved 1056768K
  class space    used 752K, capacity 784K, committed 896K, reserved 1048576K
}
Event: 38.906 GC heap before
{Heap before GC invocations=2 (full 0):
 PSYoungGen      total 13824K, used 13813K [0x00000000f1180000, 0x00000000f2080000, 0x0000000100000000)
  eden space 12288K, 100% used [0x00000000f1180000,0x00000000f1d80000,0x00000000f1d80000)
  from space 1536K, 99% used [0x00000000f1d80000,0x00000000f1efd500,0x00000000f1f00000)
  to   space 1536K, 0% used [0x00000000f1f00000,0x00000000f1f00000,0x00000000f2080000)
 ParOldGen       total 31744K, used 474K [0x00000000d3400000, 0x00000000d5300000, 0x00000000f1180000)
  object space 31744K, 1% used [0x00000000d3400000,0x00000000d3476af0,0x00000000d5300000)
 Metaspace       used 9851K, capacity 10018K, committed 10240K, reserved 1058816K
  class space    used 1143K, capacity 1209K, committed 1280K, reserved 1048576K
Event: 38.919 GC heap after
Heap after GC invocations=2 (full 0):
 PSYoungGen      total 13824K, used 1520K [0x00000000f1180000, 0x00000000f2080000, 0x0000000100000000)
  eden space 12288K, 0% used [0x00000000f1180000,0x00000000f1180000,0x00000000f1d80000)
  from space 1536K, 98% used [0x00000000f1f00000,0x00000000f207c020,0x00000000f2080000)
  to   space 1536K, 0% used [0x00000000f1d80000,0x00000000f1d80000,0x00000000f1f00000)
 ParOldGen       total 31744K, used 5110K [0x00000000d3400000, 0x00000000d5300000, 0x00000000f1180000)
  object space 31744K, 16% used [0x00000000d3400000,0x00000000d38fda70,0x00000000d5300000)
 Metaspace       used 9851K, capacity 10018K, committed 10240K, reserved 1058816K
  class space    used 1143K, capacity 1209K, committed 1280K, reserved 1048576K
}
Event: 41.968 GC heap before
{Heap before GC invocations=3 (full 0):
 PSYoungGen      total 13824K, used 13808K [0x00000000f1180000, 0x00000000f2080000, 0x0000000100000000)
  eden space 12288K, 100% used [0x00000000f1180000,0x00000000f1d80000,0x00000000f1d80000)
  from space 1536K, 98% used [0x00000000f1f00000,0x00000000f207c020,0x00000000f2080000)
  to   space 1536K, 0% used [0x00000000f1d80000,0x00000000f1d80000,0x00000000f1f00000)
 ParOldGen       total 31744K, used 5110K [0x00000000d3400000, 0x00000000d5300000, 0x00000000f1180000)
  object space 31744K, 16% used [0x00000000d3400000,0x00000000d38fda70,0x00000000d5300000)
 Metaspace       used 11122K, capacity 11272K, committed 11520K, reserved 1058816K
  class space    used 1340K, capacity 1434K, committed 1536K, reserved 1048576K
Event: 41.973 GC heap after
Heap after GC invocations=3 (full 0):
 PSYoungGen      total 13824K, used 1520K [0x00000000f1180000, 0x00000000f2080000, 0x0000000100000000)
  eden space 12288K, 0% used [0x00000000f1180000,0x00000000f1180000,0x00000000f1d80000)
  from space 1536K, 98% used [0x00000000f1d80000,0x00000000f1efc010,0x00000000f1f00000)
  to   space 1536K, 0% used [0x00000000f1f00000,0x00000000f1f00000,0x00000000f2080000)
 ParOldGen       total 31744K, used 5891K [0x00000000d3400000, 0x00000000d5300000, 0x00000000f1180000)
  object space 31744K, 18% used [0x00000000d3400000,0x00000000d39c0c08,0x00000000d5300000)
 Metaspace       used 11122K, capacity 11272K, committed 11520K, reserved 1058816K
  class space    used 1340K, capacity 1434K, committed 1536K, reserved 1048576K
}

Deoptimization events (4 events):
Event: 26.347 Thread 0x00007f3b3800c000 Uncommon trap: reason=unstable_if action=reinterpret pc=0x00007f3b28758714 method=java.lang.String.replace(CC)Ljava/lang/String; @ 26
Event: 27.116 Thread 0x00007f3b3800c000 Uncommon trap: reason=unstable_if action=reinterpret pc=0x00007f3b2873651c method=sun.misc.MetaIndex.mayContain(Ljava/lang/String;)Z @ 38
Event: 40.612 Thread 0x00007f3b3800c000 Uncommon trap: reason=unstable_if action=reinterpret pc=0x00007f3b288438e8 method=java.util.HashMap.getNode(ILjava/lang/Object;)Ljava/util/HashMap$Node; @ 129
Event: 40.612 Thread 0x00007f3b3800c000 Uncommon trap: reason=unstable_if action=reinterpret pc=0x00007f3b288422a4 method=java.util.HashMap.getNode(ILjava/lang/Object;)Ljava/util/HashMap$Node; @ 129

Internal exceptions (10 events):
Event: 13.576 Thread 0x00007f3b3800c000 Exception <a 'java/security/PrivilegedActionException'> (0x00000000f148d220) thrown at [/HUDSON/workspace/8-2-build-linux-amd64/jdk8u131/8869/hotspot/src/share/vm/prims/jvm.cpp, line 1390]
Event: 13.576 Thread 0x00007f3b3800c000 Exception <a 'java/security/PrivilegedActionException'> (0x00000000f148f688) thrown at [/HUDSON/workspace/8-2-build-linux-amd64/jdk8u131/8869/hotspot/src/share/vm/prims/jvm.cpp, line 1390]
Event: 13.576 Thread 0x00007f3b3800c000 Exception <a 'java/security/PrivilegedActionException'> (0x00000000f148f898) thrown at [/HUDSON/workspace/8-2-build-linux-amd64/jdk8u131/8869/hotspot/src/share/vm/prims/jvm.cpp, line 1390]
Event: 15.333 Thread 0x00007f3b3800c000 Exception <a 'java/io/FileNotFoundException'> (0x00000000f1638888) thrown at [/HUDSON/workspace/8-2-build-linux-amd64/jdk8u131/8869/hotspot/src/share/vm/prims/jni.cpp, line 709]
Event: 29.972 Thread 0x00007f3b3800c000 Exception <a 'java/lang/NoSuchFieldError': method resolution failed> (0x00000000f142ef80) thrown at [/HUDSON/workspace/8-2-build-linux-amd64/jdk8u131/8869/hotspot/src/share/vm/prims/methodHandles.cpp, line 1146]
Event: 29.975 Thread 0x00007f3b3800c000 Exception <a 'java/lang/NoSuchFieldError': method resolution failed> (0x00000000f143cf10) thrown at [/HUDSON/workspace/8-2-build-linux-amd64/jdk8u131/8869/hotspot/src/share/vm/prims/methodHandles.cpp, line 1146]
Event: 31.195 Thread 0x00007f3b3800c000 Exception <a 'java/io/FileNotFoundException'> (0x00000000f14db1d0) thrown at [/HUDSON/workspace/8-2-build-linux-amd64/jdk8u131/8869/hotspot/src/share/vm/prims/jni.cpp, line 709]
Event: 31.195 Thread 0x00007f3b3800c000 Exception <a 'java/io/FileNotFoundException'> (0x00000000f14dbb58) thrown at [/HUDSON/workspace/8-2-build-linux-amd64/jdk8u131/8869/hotspot/src/share/vm/prims/jni.cpp, line 709]
Event: 38.651 Thread 0x00007f3b3800c000 Exception <a 'java/lang/UnsatisfiedLinkError': libtesseract.so: cannot open shared object file: No such file or directory> (0x00000000f1cdd970) thrown at [/HUDSON/workspace/8-2-build-linux-amd64/jdk8u131/8869/hotspot/src/share/vm/prims/jni.cpp, line 735]
Event: 38.651 Thread 0x00007f3b3800c000 Exception <a 'java/lang/UnsatisfiedLinkError': libtesseract.so: cannot open shared object file: No such file or directory> (0x00000000f1cdebf0) thrown at [/HUDSON/workspace/8-2-build-linux-amd64/jdk8u131/8869/hotspot/src/share/vm/prims/jni.cpp, line 735]

Events (10 events):
Event: 41.991 loading class java/awt/image/DataBufferShort
Event: 41.991 loading class java/awt/image/DataBufferShort done
Event: 41.991 loading class java/awt/image/DataBufferInt
Event: 42.071 loading class java/awt/image/DataBufferInt done
Event: 42.099 loading class java/nio/DirectByteBuffer$Deallocator
Event: 42.099 loading class java/nio/DirectByteBuffer$Deallocator done
Event: 42.100 loading class java/lang/StrictMath
Event: 42.100 loading class java/lang/StrictMath done
Event: 42.101 loading class com/sun/jna/Native$Buffers
Event: 42.101 loading class com/sun/jna/Native$Buffers done


Dynamic libraries:
00400000-00401000 r-xp 00000000 08:01 14549252                           /usr/lib/jvm/java-8-oracle/bin/java
00600000-00601000 rw-p 00000000 08:01 14549252                           /usr/lib/jvm/java-8-oracle/bin/java
00c58000-00c79000 rw-p 00000000 00:00 0                                  [heap]
d3400000-d5300000 rw-p 00000000 00:00 0 
d5300000-f1180000 ---p 00000000 00:00 0 
f1180000-f2080000 rw-p 00000000 00:00 0 
f2080000-100000000 ---p 00000000 00:00 0 
100000000-100180000 rw-p 00000000 00:00 0 
100180000-140000000 ---p 00000000 00:00 0 
7f3ae0000000-7f3ae0021000 rw-p 00000000 00:00 0 
7f3ae0021000-7f3ae4000000 ---p 00000000 00:00 0 
7f3ae710f000-7f3ae752c000 rw-p 00000000 00:00 0 
7f3ae752c000-7f3ae753d000 r-xp 00000000 08:01 14688857                   /usr/lib/jvm/java-8-oracle/jre/lib/amd64/libnio.so
7f3ae753d000-7f3ae773c000 ---p 00011000 08:01 14688857                   /usr/lib/jvm/java-8-oracle/jre/lib/amd64/libnio.so
7f3ae773c000-7f3ae773d000 rw-p 00010000 08:01 14688857                   /usr/lib/jvm/java-8-oracle/jre/lib/amd64/libnio.so
7f3ae773d000-7f3ae7748000 r-xp 00000000 08:01 14426599                   /usr/lib/x86_64-linux-gnu/libjbig.so.0
7f3ae7748000-7f3ae7947000 ---p 0000b000 08:01 14426599                   /usr/lib/x86_64-linux-gnu/libjbig.so.0
7f3ae7947000-7f3ae7948000 r--p 0000a000 08:01 14426599                   /usr/lib/x86_64-linux-gnu/libjbig.so.0
7f3ae7948000-7f3ae794b000 rw-p 0000b000 08:01 14426599                   /usr/lib/x86_64-linux-gnu/libjbig.so.0
7f3ae794b000-7f3ae796c000 r-xp 00000000 08:01 1708465                    /lib/x86_64-linux-gnu/liblzma.so.5.0.0
7f3ae796c000-7f3ae7b6b000 ---p 00021000 08:01 1708465                    /lib/x86_64-linux-gnu/liblzma.so.5.0.0
7f3ae7b6b000-7f3ae7b6c000 r--p 00020000 08:01 1708465                    /lib/x86_64-linux-gnu/liblzma.so.5.0.0
7f3ae7b6c000-7f3ae7b6d000 rw-p 00021000 08:01 1708465                    /lib/x86_64-linux-gnu/liblzma.so.5.0.0
7f3ae7b6d000-7f3ae7ba3000 r-xp 00000000 08:01 14419917                   /usr/lib/x86_64-linux-gnu/libopenjp2.so.2.1.0
7f3ae7ba3000-7f3ae7da2000 ---p 00036000 08:01 14419917                   /usr/lib/x86_64-linux-gnu/libopenjp2.so.2.1.0
7f3ae7da2000-7f3ae7da3000 r--p 00035000 08:01 14419917                   /usr/lib/x86_64-linux-gnu/libopenjp2.so.2.1.0
7f3ae7da3000-7f3ae7da4000 rw-p 00036000 08:01 14419917                   /usr/lib/x86_64-linux-gnu/libopenjp2.so.2.1.0
7f3ae7da4000-7f3ae7dfd000 r-xp 00000000 08:01 14427151                   /usr/lib/x86_64-linux-gnu/libwebp.so.5.0.4
7f3ae7dfd000-7f3ae7ffd000 ---p 00059000 08:01 14427151                   /usr/lib/x86_64-linux-gnu/libwebp.so.5.0.4
7f3ae7ffd000-7f3ae7ffe000 r--p 00059000 08:01 14427151                   /usr/lib/x86_64-linux-gnu/libwebp.so.5.0.4
7f3ae7ffe000-7f3ae8000000 rw-p 0005a000 08:01 14427151                   /usr/lib/x86_64-linux-gnu/libwebp.so.5.0.4
7f3ae8000000-7f3ae8021000 rw-p 00000000 00:00 0 
7f3ae8021000-7f3aec000000 ---p 00000000 00:00 0 
7f3aec000000-7f3aec021000 rw-p 00000000 00:00 0 
7f3aec021000-7f3af0000000 ---p 00000000 00:00 0 
7f3af0000000-7f3af04d6000 rw-p 00000000 00:00 0 
7f3af04d6000-7f3af4000000 ---p 00000000 00:00 0 
7f3af4000000-7f3af43f2000 rw-p 00000000 00:00 0 
7f3af43f2000-7f3af8000000 ---p 00000000 00:00 0 
7f3af8000000-7f3af8021000 rw-p 00000000 00:00 0 
7f3af8021000-7f3afc000000 ---p 00000000 00:00 0 
7f3afc000000-7f3afc34c000 rw-p 00000000 00:00 0 
7f3afc34c000-7f3b00000000 ---p 00000000 00:00 0 
7f3b00000000-7f3b00021000 rw-p 00000000 00:00 0 
7f3b00021000-7f3b04000000 ---p 00000000 00:00 0 
7f3b04000000-7f3b04021000 rw-p 00000000 00:00 0 
7f3b04021000-7f3b08000000 ---p 00000000 00:00 0 
7f3b08000000-7f3b08021000 rw-p 00000000 00:00 0 
7f3b08021000-7f3b0c000000 ---p 00000000 00:00 0 
7f3b0c000000-7f3b0c021000 rw-p 00000000 00:00 0 
7f3b0c021000-7f3b10000000 ---p 00000000 00:00 0 
7f3b10000000-7f3b10021000 rw-p 00000000 00:00 0 
7f3b10021000-7f3b14000000 ---p 00000000 00:00 0 
7f3b14000000-7f3b14021000 rw-p 00000000 00:00 0 
7f3b14021000-7f3b18000000 ---p 00000000 00:00 0 
7f3b18000000-7f3b18021000 rw-p 00000000 00:00 0 
7f3b18021000-7f3b1c000000 ---p 00000000 00:00 0 
7f3b1c038000-7f3b1c0a8000 r-xp 00000000 08:01 14420147                   /usr/lib/x86_64-linux-gnu/libtiff.so.5.2.4
7f3b1c0a8000-7f3b1c2a8000 ---p 00070000 08:01 14420147                   /usr/lib/x86_64-linux-gnu/libtiff.so.5.2.4
7f3b1c2a8000-7f3b1c2a9000 r--p 00070000 08:01 14420147                   /usr/lib/x86_64-linux-gnu/libtiff.so.5.2.4
7f3b1c2a9000-7f3b1c2ac000 rw-p 00071000 08:01 14420147                   /usr/lib/x86_64-linux-gnu/libtiff.so.5.2.4
7f3b1c2ac000-7f3b1c303000 r-xp 00000000 08:01 14426603                   /usr/lib/x86_64-linux-gnu/libjpeg.so.8.0.2
7f3b1c303000-7f3b1c503000 ---p 00057000 08:01 14426603                   /usr/lib/x86_64-linux-gnu/libjpeg.so.8.0.2
7f3b1c503000-7f3b1c504000 r--p 00057000 08:01 14426603                   /usr/lib/x86_64-linux-gnu/libjpeg.so.8.0.2
7f3b1c504000-7f3b1c505000 rw-p 00058000 08:01 14426603                   /usr/lib/x86_64-linux-gnu/libjpeg.so.8.0.2
7f3b1c505000-7f3b1c529000 r-xp 00000000 08:01 1708539                    /lib/x86_64-linux-gnu/libpng12.so.0.54.0
7f3b1c529000-7f3b1c728000 ---p 00024000 08:01 1708539                    /lib/x86_64-linux-gnu/libpng12.so.0.54.0
7f3b1c728000-7f3b1c729000 r--p 00023000 08:01 1708539                    /lib/x86_64-linux-gnu/libpng12.so.0.54.0
7f3b1c729000-7f3b1c72a000 rw-p 00024000 08:01 1708539                    /lib/x86_64-linux-gnu/libpng12.so.0.54.0
7f3b1c72a000-7f3b1c743000 r-xp 00000000 08:01 1704302                    /lib/x86_64-linux-gnu/libz.so.1.2.8
7f3b1c743000-7f3b1c942000 ---p 00019000 08:01 1704302                    /lib/x86_64-linux-gnu/libz.so.1.2.8
7f3b1c942000-7f3b1c943000 r--p 00018000 08:01 1704302                    /lib/x86_64-linux-gnu/libz.so.1.2.8
7f3b1c943000-7f3b1c944000 rw-p 00019000 08:01 1704302                    /lib/x86_64-linux-gnu/libz.so.1.2.8
7f3b1c944000-7f3b1c95a000 r-xp 00000000 08:01 1708436                    /lib/x86_64-linux-gnu/libgcc_s.so.1
7f3b1c95a000-7f3b1cb59000 ---p 00016000 08:01 1708436                    /lib/x86_64-linux-gnu/libgcc_s.so.1
7f3b1cb59000-7f3b1cb5a000 rw-p 00015000 08:01 1708436                    /lib/x86_64-linux-gnu/libgcc_s.so.1
7f3b1cb5a000-7f3b1cccc000 r-xp 00000000 08:01 14420097                   /usr/lib/x86_64-linux-gnu/libstdc++.so.6.0.21
7f3b1cccc000-7f3b1cecc000 ---p 00172000 08:01 14420097                   /usr/lib/x86_64-linux-gnu/libstdc++.so.6.0.21
7f3b1cecc000-7f3b1ced6000 r--p 00172000 08:01 14420097                   /usr/lib/x86_64-linux-gnu/libstdc++.so.6.0.21
7f3b1ced6000-7f3b1ced8000 rw-p 0017c000 08:01 14420097                   /usr/lib/x86_64-linux-gnu/libstdc++.so.6.0.21
7f3b1ced8000-7f3b1cedc000 rw-p 00000000 00:00 0 
7f3b1cedc000-7f3b1d119000 r-xp 00000000 08:01 14419919                   /usr/lib/liblept.so.5.0.0
7f3b1d119000-7f3b1d318000 ---p 0023d000 08:01 14419919                   /usr/lib/liblept.so.5.0.0
7f3b1d318000-7f3b1d319000 r--p 0023c000 08:01 14419919                   /usr/lib/liblept.so.5.0.0
7f3b1d319000-7f3b1d31f000 rw-p 0023d000 08:01 14419919                   /usr/lib/liblept.so.5.0.0
7f3b1d31f000-7f3b1d608000 r-xp 00000000 08:01 14419921                   /usr/lib/libtesseract.so.3.0.4
7f3b1d608000-7f3b1d808000 ---p 002e9000 08:01 14419921                   /usr/lib/libtesseract.so.3.0.4
7f3b1d808000-7f3b1d80c000 r--p 002e9000 08:01 14419921                   /usr/lib/libtesseract.so.3.0.4
7f3b1d80c000-7f3b1d80d000 rw-p 002ed000 08:01 14419921                   /usr/lib/libtesseract.so.3.0.4
7f3b1d80d000-7f3b1daa1000 rw-p 00000000 00:00 0 
7f3b1daa1000-7f3b1dab8000 r-xp 00000000 08:01 18612987                   /tmp/jna--991722340/jna8865579486088610634.tmp (deleted)
7f3b1dab8000-7f3b1dbb7000 ---p 00017000 08:01 18612987                   /tmp/jna--991722340/jna8865579486088610634.tmp (deleted)
7f3b1dbb7000-7f3b1dbb9000 rw-p 00016000 08:01 18612987                   /tmp/jna--991722340/jna8865579486088610634.tmp (deleted)
7f3b1dbb9000-7f3b1dd79000 rw-p 00000000 00:00 0 
7f3b1dd79000-7f3b1ddb9000 ---p 00000000 00:00 0 
7f3b1ddb9000-7f3b1ddbc000 ---p 00000000 00:00 0 
7f3b1ddbc000-7f3b1deba000 rw-p 00000000 00:00 0 
7f3b1deba000-7f3b1def5000 r-xp 00000000 08:01 14688807                   /usr/lib/jvm/java-8-oracle/jre/lib/amd64/libjpeg.so
7f3b1def5000-7f3b1e0f4000 ---p 0003b000 08:01 14688807                   /usr/lib/jvm/java-8-oracle/jre/lib/amd64/libjpeg.so
7f3b1e0f4000-7f3b1e0f5000 rw-p 0003a000 08:01 14688807                   /usr/lib/jvm/java-8-oracle/jre/lib/amd64/libjpeg.so
7f3b1e0f5000-7f3b1e0fa000 r-xp 00000000 08:01 14425880                   /usr/lib/x86_64-linux-gnu/libXdmcp.so.6.0.0
7f3b1e0fa000-7f3b1e2f9000 ---p 00005000 08:01 14425880                   /usr/lib/x86_64-linux-gnu/libXdmcp.so.6.0.0
7f3b1e2f9000-7f3b1e2fa000 r--p 00004000 08:01 14425880                   /usr/lib/x86_64-linux-gnu/libXdmcp.so.6.0.0
7f3b1e2fa000-7f3b1e2fb000 rw-p 00005000 08:01 14425880                   /usr/lib/x86_64-linux-gnu/libXdmcp.so.6.0.0
7f3b1e2fb000-7f3b1e2fd000 r-xp 00000000 08:01 14425869                   /usr/lib/x86_64-linux-gnu/libXau.so.6.0.0
7f3b1e2fd000-7f3b1e4fd000 ---p 00002000 08:01 14425869                   /usr/lib/x86_64-linux-gnu/libXau.so.6.0.0
7f3b1e4fd000-7f3b1e4fe000 r--p 00002000 08:01 14425869                   /usr/lib/x86_64-linux-gnu/libXau.so.6.0.0
7f3b1e4fe000-7f3b1e4ff000 rw-p 00003000 08:01 14425869                   /usr/lib/x86_64-linux-gnu/libXau.so.6.0.0
7f3b1e4ff000-7f3b1e520000 r-xp 00000000 08:01 14427247                   /usr/lib/x86_64-linux-gnu/libxcb.so.1.1.0
7f3b1e520000-7f3b1e71f000 ---p 00021000 08:01 14427247                   /usr/lib/x86_64-linux-gnu/libxcb.so.1.1.0
7f3b1e71f000-7f3b1e720000 r--p 00020000 08:01 14427247                   /usr/lib/x86_64-linux-gnu/libxcb.so.1.1.0
7f3b1e720000-7f3b1e721000 rw-p 00021000 08:01 14427247                   /usr/lib/x86_64-linux-gnu/libxcb.so.1.1.0
7f3b1e721000-7f3b1e730000 r-xp 00000000 08:01 14425890                   /usr/lib/x86_64-linux-gnu/libXi.so.6.1.0
7f3b1e730000-7f3b1e92f000 ---p 0000f000 08:01 14425890                   /usr/lib/x86_64-linux-gnu/libXi.so.6.1.0
7f3b1e92f000-7f3b1e930000 r--p 0000e000 08:01 14425890                   /usr/lib/x86_64-linux-gnu/libXi.so.6.1.0
7f3b1e930000-7f3b1e931000 rw-p 0000f000 08:01 14425890                   /usr/lib/x86_64-linux-gnu/libXi.so.6.1.0
7f3b1e931000-7f3b1e936000 r-xp 00000000 08:01 14425908                   /usr/lib/x86_64-linux-gnu/libXtst.so.6.1.0
7f3b1e936000-7f3b1eb35000 ---p 00005000 08:01 14425908                   /usr/lib/x86_64-linux-gnu/libXtst.so.6.1.0
7f3b1eb35000-7f3b1eb36000 r--p 00004000 08:01 14425908                   /usr/lib/x86_64-linux-gnu/libXtst.so.6.1.0
7f3b1eb36000-7f3b1eb37000 rw-p 00005000 08:01 14425908                   /usr/lib/x86_64-linux-gnu/libXtst.so.6.1.0
7f3b1eb37000-7f3b1eb40000 r-xp 00000000 08:01 14425902                   /usr/lib/x86_64-linux-gnu/libXrender.so.1.3.0
7f3b1eb40000-7f3b1ed3f000 ---p 00009000 08:01 14425902                   /usr/lib/x86_64-linux-gnu/libXrender.so.1.3.0
7f3b1ed3f000-7f3b1ed40000 r--p 00008000 08:01 14425902                   /usr/lib/x86_64-linux-gnu/libXrender.so.1.3.0
7f3b1ed40000-7f3b1ed41000 rw-p 00009000 08:01 14425902                   /usr/lib/x86_64-linux-gnu/libXrender.so.1.3.0
7f3b1ed41000-7f3b1ee76000 r-xp 00000000 08:01 14425865                   /usr/lib/x86_64-linux-gnu/libX11.so.6.3.0
7f3b1ee76000-7f3b1f076000 ---p 00135000 08:01 14425865                   /usr/lib/x86_64-linux-gnu/libX11.so.6.3.0
7f3b1f076000-7f3b1f077000 r--p 00135000 08:01 14425865                   /usr/lib/x86_64-linux-gnu/libX11.so.6.3.0
7f3b1f077000-7f3b1f07b000 rw-p 00136000 08:01 14425865                   /usr/lib/x86_64-linux-gnu/libX11.so.6.3.0
7f3b1f07b000-7f3b1f08c000 r-xp 00000000 08:01 14425882                   /usr/lib/x86_64-linux-gnu/libXext.so.6.4.0
7f3b1f08c000-7f3b1f28b000 ---p 00011000 08:01 14425882                   /usr/lib/x86_64-linux-gnu/libXext.so.6.4.0
7f3b1f28b000-7f3b1f28c000 r--p 00010000 08:01 14425882                   /usr/lib/x86_64-linux-gnu/libXext.so.6.4.0
7f3b1f28c000-7f3b1f28d000 rw-p 00011000 08:01 14425882                   /usr/lib/x86_64-linux-gnu/libXext.so.6.4.0
7f3b1f2b0000-7f3b1f304000 r-xp 00000000 08:01 14688861                   /usr/lib/jvm/java-8-oracle/jre/lib/amd64/libawt_xawt.so
7f3b1f304000-7f3b1f504000 ---p 00054000 08:01 14688861                   /usr/lib/jvm/java-8-oracle/jre/lib/amd64/libawt_xawt.so
7f3b1f504000-7f3b1f508000 rw-p 00054000 08:01 14688861                   /usr/lib/jvm/java-8-oracle/jre/lib/amd64/libawt_xawt.so
7f3b1f508000-7f3b1f509000 rw-p 00000000 00:00 0 
7f3b1f509000-7f3b1f5ab000 r-xp 00000000 08:01 14688847                   /usr/lib/jvm/java-8-oracle/jre/lib/amd64/libawt.so
7f3b1f5ab000-7f3b1f7ab000 ---p 000a2000 08:01 14688847                   /usr/lib/jvm/java-8-oracle/jre/lib/amd64/libawt.so
7f3b1f7ab000-7f3b1f7b7000 rw-p 000a2000 08:01 14688847                   /usr/lib/jvm/java-8-oracle/jre/lib/amd64/libawt.so
7f3b1f7b7000-7f3b1f7db000 rw-p 00000000 00:00 0 
7f3b1f7db000-7f3b1f7e5000 r--s 00116000 08:01 14685783                   /usr/lib/jvm/java-8-oracle/jre/lib/ext/localedata.jar
7f3b1f7e5000-7f3b1f7e6000 ---p 00000000 00:00 0 
7f3b1f7e6000-7f3b1f8e6000 rw-p 00000000 00:00 0 
7f3b1f8e6000-7f3b1f8e9000 ---p 00000000 00:00 0 
7f3b1f8e9000-7f3b1fce8000 rw-p 00000000 00:00 0 
7f3b1fce8000-7f3b1fcfe000 r-xp 00000000 08:01 14688854                   /usr/lib/jvm/java-8-oracle/jre/lib/amd64/libnet.so
7f3b1fcfe000-7f3b1fefe000 ---p 00016000 08:01 14688854                   /usr/lib/jvm/java-8-oracle/jre/lib/amd64/libnet.so
7f3b1fefe000-7f3b1feff000 rw-p 00016000 08:01 14688854                   /usr/lib/jvm/java-8-oracle/jre/lib/amd64/libnet.so
7f3b1feff000-7f3b1ff02000 ---p 00000000 00:00 0 
7f3b1ff02000-7f3b20000000 rw-p 00000000 00:00 0 
7f3b20000000-7f3b20021000 rw-p 00000000 00:00 0 
7f3b20021000-7f3b24000000 ---p 00000000 00:00 0 
7f3b24002000-7f3b24007000 r--s 0009a000 08:01 14685772                   /usr/lib/jvm/java-8-oracle/jre/lib/jsse.jar
7f3b24007000-7f3b24023000 r--s 00393000 08:01 14685776                   /usr/lib/jvm/java-8-oracle/jre/lib/ext/cldrdata.jar
7f3b24023000-7f3b24026000 ---p 00000000 00:00 0 
7f3b24026000-7f3b24124000 rw-p 00000000 00:00 0 
7f3b24124000-7f3b24127000 ---p 00000000 00:00 0 
7f3b24127000-7f3b24225000 rw-p 00000000 00:00 0 
7f3b24225000-7f3b24228000 ---p 00000000 00:00 0 
7f3b24228000-7f3b24326000 rw-p 00000000 00:00 0 
7f3b24326000-7f3b24328000 r--s 0001a000 08:01 2752850                    /home/permmy/idea-IU-171.4249.39/lib/idea_rt.jar
7f3b24328000-7f3b2432a000 r--s 00004000 08:01 11404816                   /home/permmy/.m2/repository/org/slf4j/log4j-over-slf4j/1.7.21/log4j-over-slf4j-1.7.21.jar
7f3b2432a000-7f3b2432c000 r--s 00003000 08:01 11404821                   /home/permmy/.m2/repository/org/slf4j/jcl-over-slf4j/1.7.21/jcl-over-slf4j-1.7.21.jar
7f3b2432c000-7f3b2432e000 r--s 00000000 08:01 11404817                   /home/permmy/.m2/repository/org/slf4j/jul-to-slf4j/1.7.21/jul-to-slf4j-1.7.21.jar
7f3b2432e000-7f3b24338000 r--s 00069000 08:01 8520315                    /home/permmy/.m2/repository/ch/qos/logback/logback-core/1.1.7/logback-core-1.1.7.jar
7f3b24338000-7f3b2433f000 r--s 00044000 08:01 8520313                    /home/permmy/.m2/repository/ch/qos/logback/logback-classic/1.1.7/logback-classic-1.1.7.jar
7f3b2433f000-7f3b24346000 r--s 00040000 08:01 6948410                    /home/permmy/.m2/repository/cglib/cglib/2.2.2/cglib-2.2.2.jar
7f3b24346000-7f3b2434a000 r--s 00015000 08:01 6948404                    /home/permmy/.m2/repository/org/rococoa/rococoa-core/0.5/rococoa-core-0.5.jar
7f3b2434a000-7f3b2434f000 r--s 00229000 08:01 11541521                   /home/permmy/.m2/repository/net/sourceforge/lept4j/lept4j/1.2.3/lept4j-1.2.3.jar
7f3b2434f000-7f3b24353000 r--s 0002f000 08:01 11010206                   /home/permmy/.m2/repository/commons-io/commons-io/2.5/commons-io-2.5.jar
7f3b24353000-7f3b2435f000 r--s 00108000 08:01 11010200                   /home/permmy/.m2/repository/com/lowagie/itext/2.1.7/itext-2.1.7.jar
7f3b2435f000-7f3b24369000 r--s 00081000 08:01 6948401                    /home/permmy/.m2/repository/org/apache/xmlgraphics/xmlgraphics-commons/1.4/xmlgraphics-commons-1.4.jar
7f3b24369000-7f3b24377000 r--s 0007f000 08:01 9831038                    /home/permmy/.m2/repository/commons-collections/commons-collections/3.2.1/commons-collections-3.2.1.jar
7f3b24377000-7f3b2437c000 r--s 00035000 08:01 11010196                   /home/permmy/.m2/repository/commons-beanutils/commons-beanutils/1.9.2/commons-beanutils-1.9.2.jar
7f3b2437c000-7f3b24385000 r--s 0006f000 08:01 10750631                   /home/permmy/.m2/repository/log4j/log4j/1.2.17/log4j-1.2.17.jar
7f3b24385000-7f3b2438a000 r--s 00028000 08:01 6948398                    /home/permmy/.m2/repository/org/ghost4j/ghost4j/1.0.1/ghost4j-1.0.1.jar
7f3b2438a000-7f3b24395000 r--s 00088000 08:01 11010202                   /home/permmy/.m2/repository/com/github/jai-imageio/jai-imageio-core/1.3.1/jai-imageio-core-1.3.1.jar
7f3b24395000-7f3b24399000 r--s 000dc000 08:01 11010204                   /home/permmy/.m2/repository/net/java/dev/jna/jna/4.1.0/jna-4.1.0.jar
7f3b24399000-7f3b243ac000 r--s 00345000 08:01 14685757                   /usr/lib/jvm/java-8-oracle/jre/lib/resources.jar
7f3b243ac000-7f3b243be000 r--s 000d6000 08:01 14683829                   /usr/lib/jvm/java-8-oracle/jre/lib/plugin.jar
7f3b243be000-7f3b243c3000 r--s 0009a000 08:01 14685772                   /usr/lib/jvm/java-8-oracle/jre/lib/jsse.jar
7f3b243c3000-7f3b243cd000 r--s 0006c000 08:01 14683814                   /usr/lib/jvm/java-8-oracle/jre/lib/javaws.jar
7f3b243cd000-7f3b243e8000 r--s 0020b000 08:01 14683805                   /usr/lib/jvm/java-8-oracle/jre/lib/deploy.jar
7f3b243e8000-7f3b243eb000 ---p 00000000 00:00 0 
7f3b243eb000-7f3b244e9000 rw-p 00000000 00:00 0 
7f3b244e9000-7f3b248f2000 r--p 00000000 08:01 14440884                   /usr/lib/locale/locale-archive
7f3b248f2000-7f3b248f5000 ---p 00000000 00:00 0 
7f3b248f5000-7f3b249f3000 rw-p 00000000 00:00 0 
7f3b249f3000-7f3b249f6000 ---p 00000000 00:00 0 
7f3b249f6000-7f3b24af4000 rw-p 00000000 00:00 0 
7f3b24af4000-7f3b24af5000 ---p 00000000 00:00 0 
7f3b24af5000-7f3b25b53000 rw-p 00000000 00:00 0 
7f3b25b53000-7f3b25d2c000 r--s 03d40000 08:01 14683887                   /usr/lib/jvm/java-8-oracle/jre/lib/rt.jar
7f3b25d2c000-7f3b27cf2000 rw-p 00000000 00:00 0 
7f3b27cf2000-7f3b27cf3000 ---p 00000000 00:00 0 
7f3b27cf3000-7f3b27df3000 rw-p 00000000 00:00 0 
7f3b27df3000-7f3b27df4000 ---p 00000000 00:00 0 
7f3b27df4000-7f3b27ef4000 rw-p 00000000 00:00 0 
7f3b27ef4000-7f3b27ef5000 ---p 00000000 00:00 0 
7f3b27ef5000-7f3b27ff5000 rw-p 00000000 00:00 0 
7f3b27ff5000-7f3b27ff6000 ---p 00000000 00:00 0 
7f3b27ff6000-7f3b28106000 rw-p 00000000 00:00 0 
7f3b28106000-7f3b281e5000 ---p 00000000 00:00 0 
7f3b281e5000-7f3b281f3000 rw-p 00000000 00:00 0 
7f3b281f3000-7f3b285a5000 ---p 00000000 00:00 0 
7f3b285a5000-7f3b288f5000 rwxp 00000000 00:00 0 
7f3b288f5000-7f3b375a5000 ---p 00000000 00:00 0 
7f3b375a5000-7f3b375bf000 r-xp 00000000 08:01 14688850                   /usr/lib/jvm/java-8-oracle/jre/lib/amd64/libzip.so
7f3b375bf000-7f3b377bf000 ---p 0001a000 08:01 14688850                   /usr/lib/jvm/java-8-oracle/jre/lib/amd64/libzip.so
7f3b377bf000-7f3b377c0000 rw-p 0001a000 08:01 14688850                   /usr/lib/jvm/java-8-oracle/jre/lib/amd64/libzip.so
7f3b377c0000-7f3b377cb000 r-xp 00000000 08:01 1705710                    /lib/x86_64-linux-gnu/libnss_files-2.23.so
7f3b377cb000-7f3b379ca000 ---p 0000b000 08:01 1705710                    /lib/x86_64-linux-gnu/libnss_files-2.23.so
7f3b379ca000-7f3b379cb000 r--p 0000a000 08:01 1705710                    /lib/x86_64-linux-gnu/libnss_files-2.23.so
7f3b379cb000-7f3b379cc000 rw-p 0000b000 08:01 1705710                    /lib/x86_64-linux-gnu/libnss_files-2.23.so
7f3b379cc000-7f3b379d2000 rw-p 00000000 00:00 0 
7f3b379d2000-7f3b379dd000 r-xp 00000000 08:01 1705716                    /lib/x86_64-linux-gnu/libnss_nis-2.23.so
7f3b379dd000-7f3b37bdc000 ---p 0000b000 08:01 1705716                    /lib/x86_64-linux-gnu/libnss_nis-2.23.so
7f3b37bdc000-7f3b37bdd000 r--p 0000a000 08:01 1705716                    /lib/x86_64-linux-gnu/libnss_nis-2.23.so
7f3b37bdd000-7f3b37bde000 rw-p 0000b000 08:01 1705716                    /lib/x86_64-linux-gnu/libnss_nis-2.23.so
7f3b37bde000-7f3b37bf4000 r-xp 00000000 08:01 1703950                    /lib/x86_64-linux-gnu/libnsl-2.23.so
7f3b37bf4000-7f3b37df3000 ---p 00016000 08:01 1703950                    /lib/x86_64-linux-gnu/libnsl-2.23.so
7f3b37df3000-7f3b37df4000 r--p 00015000 08:01 1703950                    /lib/x86_64-linux-gnu/libnsl-2.23.so
7f3b37df4000-7f3b37df5000 rw-p 00016000 08:01 1703950                    /lib/x86_64-linux-gnu/libnsl-2.23.so
7f3b37df5000-7f3b37df7000 rw-p 00000000 00:00 0 
7f3b37df7000-7f3b37dff000 r-xp 00000000 08:01 1705728                    /lib/x86_64-linux-gnu/libnss_compat-2.23.so
7f3b37dff000-7f3b37ffe000 ---p 00008000 08:01 1705728                    /lib/x86_64-linux-gnu/libnss_compat-2.23.so
7f3b37ffe000-7f3b37fff000 r--p 00007000 08:01 1705728                    /lib/x86_64-linux-gnu/libnss_compat-2.23.so
7f3b37fff000-7f3b38000000 rw-p 00008000 08:01 1705728                    /lib/x86_64-linux-gnu/libnss_compat-2.23.so
7f3b38000000-7f3b389f5000 rw-p 00000000 00:00 0 
7f3b389f5000-7f3b3c000000 ---p 00000000 00:00 0 
7f3b3c000000-7f3b3c001000 r--s 00009000 08:01 11010201                   /home/permmy/.m2/repository/org/slf4j/slf4j-api/1.7.20/slf4j-api-1.7.20.jar
7f3b3c001000-7f3b3c002000 r--s 0000a000 08:01 7212154                    /home/permmy/.m2/repository/asm/asm/3.3.1/asm-3.3.1.jar
7f3b3c002000-7f3b3c007000 r--s 00084000 08:01 14683804                   /usr/lib/jvm/java-8-oracle/jre/lib/jfr.jar
7f3b3c007000-7f3b3c017000 rw-p 00000000 00:00 0 
7f3b3c017000-7f3b3c0f5000 ---p 00000000 00:00 0 
7f3b3c0f5000-7f3b3c0fe000 rw-p 00000000 00:00 0 
7f3b3c0fe000-7f3b3c16d000 ---p 00000000 00:00 0 
7f3b3c16d000-7f3b3c16e000 rw-p 00000000 00:00 0 
7f3b3c16e000-7f3b3c178000 r-xp 00000000 08:01 14688859                   /usr/lib/jvm/java-8-oracle/jre/lib/amd64/libinstrument.so
7f3b3c178000-7f3b3c377000 ---p 0000a000 08:01 14688859                   /usr/lib/jvm/java-8-oracle/jre/lib/amd64/libinstrument.so
7f3b3c377000-7f3b3c378000 rw-p 00009000 08:01 14688859                   /usr/lib/jvm/java-8-oracle/jre/lib/amd64/libinstrument.so
7f3b3c378000-7f3b3c3a3000 r-xp 00000000 08:01 14688844                   /usr/lib/jvm/java-8-oracle/jre/lib/amd64/libjava.so
7f3b3c3a3000-7f3b3c5a2000 ---p 0002b000 08:01 14688844                   /usr/lib/jvm/java-8-oracle/jre/lib/amd64/libjava.so
7f3b3c5a2000-7f3b3c5a4000 rw-p 0002a000 08:01 14688844                   /usr/lib/jvm/java-8-oracle/jre/lib/amd64/libjava.so
7f3b3c5a4000-7f3b3c5b1000 r-xp 00000000 08:01 14688849                   /usr/lib/jvm/java-8-oracle/jre/lib/amd64/libverify.so
7f3b3c5b1000-7f3b3c7b0000 ---p 0000d000 08:01 14688849                   /usr/lib/jvm/java-8-oracle/jre/lib/amd64/libverify.so
7f3b3c7b0000-7f3b3c7b2000 rw-p 0000c000 08:01 14688849                   /usr/lib/jvm/java-8-oracle/jre/lib/amd64/libverify.so
7f3b3c7b2000-7f3b3c7b9000 r-xp 00000000 08:01 1705720                    /lib/x86_64-linux-gnu/librt-2.23.so
7f3b3c7b9000-7f3b3c9b8000 ---p 00007000 08:01 1705720                    /lib/x86_64-linux-gnu/librt-2.23.so
7f3b3c9b8000-7f3b3c9b9000 r--p 00006000 08:01 1705720                    /lib/x86_64-linux-gnu/librt-2.23.so
7f3b3c9b9000-7f3b3c9ba000 rw-p 00007000 08:01 1705720                    /lib/x86_64-linux-gnu/librt-2.23.so
7f3b3c9ba000-7f3b3cac2000 r-xp 00000000 08:01 1705739                    /lib/x86_64-linux-gnu/libm-2.23.so
7f3b3cac2000-7f3b3ccc1000 ---p 00108000 08:01 1705739                    /lib/x86_64-linux-gnu/libm-2.23.so
7f3b3ccc1000-7f3b3ccc2000 r--p 00107000 08:01 1705739                    /lib/x86_64-linux-gnu/libm-2.23.so
7f3b3ccc2000-7f3b3ccc3000 rw-p 00108000 08:01 1705739                    /lib/x86_64-linux-gnu/libm-2.23.so
7f3b3ccc3000-7f3b3d992000 r-xp 00000000 08:01 14814863                   /usr/lib/jvm/java-8-oracle/jre/lib/amd64/server/libjvm.so
7f3b3d992000-7f3b3db92000 ---p 00ccf000 08:01 14814863                   /usr/lib/jvm/java-8-oracle/jre/lib/amd64/server/libjvm.so
7f3b3db92000-7f3b3dc6b000 rw-p 00ccf000 08:01 14814863                   /usr/lib/jvm/java-8-oracle/jre/lib/amd64/server/libjvm.so
7f3b3dc6b000-7f3b3dcb6000 rw-p 00000000 00:00 0 
7f3b3dcb6000-7f3b3de76000 r-xp 00000000 08:01 1705749                    /lib/x86_64-linux-gnu/libc-2.23.so
7f3b3de76000-7f3b3e076000 ---p 001c0000 08:01 1705749                    /lib/x86_64-linux-gnu/libc-2.23.so
7f3b3e076000-7f3b3e07a000 r--p 001c0000 08:01 1705749                    /lib/x86_64-linux-gnu/libc-2.23.so
7f3b3e07a000-7f3b3e07c000 rw-p 001c4000 08:01 1705749                    /lib/x86_64-linux-gnu/libc-2.23.so
7f3b3e07c000-7f3b3e080000 rw-p 00000000 00:00 0 
7f3b3e080000-7f3b3e083000 r-xp 00000000 08:01 1705726                    /lib/x86_64-linux-gnu/libdl-2.23.so
7f3b3e083000-7f3b3e282000 ---p 00003000 08:01 1705726                    /lib/x86_64-linux-gnu/libdl-2.23.so
7f3b3e282000-7f3b3e283000 r--p 00002000 08:01 1705726                    /lib/x86_64-linux-gnu/libdl-2.23.so
7f3b3e283000-7f3b3e284000 rw-p 00003000 08:01 1705726                    /lib/x86_64-linux-gnu/libdl-2.23.so
7f3b3e284000-7f3b3e299000 r-xp 00000000 08:01 14683764                   /usr/lib/jvm/java-8-oracle/lib/amd64/jli/libjli.so
7f3b3e299000-7f3b3e499000 ---p 00015000 08:01 14683764                   /usr/lib/jvm/java-8-oracle/lib/amd64/jli/libjli.so
7f3b3e499000-7f3b3e49a000 rw-p 00015000 08:01 14683764                   /usr/lib/jvm/java-8-oracle/lib/amd64/jli/libjli.so
7f3b3e49a000-7f3b3e4b2000 r-xp 00000000 08:01 1705714                    /lib/x86_64-linux-gnu/libpthread-2.23.so
7f3b3e4b2000-7f3b3e6b1000 ---p 00018000 08:01 1705714                    /lib/x86_64-linux-gnu/libpthread-2.23.so
7f3b3e6b1000-7f3b3e6b2000 r--p 00017000 08:01 1705714                    /lib/x86_64-linux-gnu/libpthread-2.23.so
7f3b3e6b2000-7f3b3e6b3000 rw-p 00018000 08:01 1705714                    /lib/x86_64-linux-gnu/libpthread-2.23.so
7f3b3e6b3000-7f3b3e6b7000 rw-p 00000000 00:00 0 
7f3b3e6b7000-7f3b3e6dd000 r-xp 00000000 08:01 1705704                    /lib/x86_64-linux-gnu/ld-2.23.so
7f3b3e6dd000-7f3b3e6df000 r--s 0000d000 08:01 9830979                    /home/permmy/.m2/repository/commons-logging/commons-logging/1.1.1/commons-logging-1.1.1.jar
7f3b3e6df000-7f3b3e6e1000 r--s 02050000 08:01 11541519                   /home/permmy/.m2/repository/net/sourceforge/tess4j/tess4j/3.2.1/tess4j-3.2.1.jar
7f3b3e6e1000-7f3b3e7b2000 rw-p 00000000 00:00 0 
7f3b3e7b2000-7f3b3e7b5000 ---p 00000000 00:00 0 
7f3b3e7b5000-7f3b3e8b7000 rw-p 00000000 00:00 0 
7f3b3e8b7000-7f3b3e8b8000 r--s 00000000 08:01 14683811                   /usr/lib/jvm/java-8-oracle/jre/lib/management-agent.jar
7f3b3e8b8000-7f3b3e8ba000 r--s 00007000 08:01 14688801                   /usr/lib/jvm/java-8-oracle/jre/lib/jfxswt.jar
7f3b3e8ba000-7f3b3e8bd000 r--s 0001a000 08:01 14688799                   /usr/lib/jvm/java-8-oracle/jre/lib/jce.jar
7f3b3e8bd000-7f3b3e8c2000 r--s 002f9000 08:01 14683885                   /usr/lib/jvm/java-8-oracle/jre/lib/charsets.jar
7f3b3e8c2000-7f3b3e8d0000 rw-p 00000000 00:00 0 
7f3b3e8d0000-7f3b3e8d8000 rw-s 00000000 08:01 18612986                   /tmp/hsperfdata_permmy/6229
7f3b3e8d8000-7f3b3e8d9000 rw-p 00000000 00:00 0 
7f3b3e8d9000-7f3b3e8da000 r--p 00000000 00:00 0 
7f3b3e8da000-7f3b3e8dc000 rw-p 00000000 00:00 0 
7f3b3e8dc000-7f3b3e8dd000 r--p 00025000 08:01 1705704                    /lib/x86_64-linux-gnu/ld-2.23.so
7f3b3e8dd000-7f3b3e8de000 rw-p 00026000 08:01 1705704                    /lib/x86_64-linux-gnu/ld-2.23.so
7f3b3e8de000-7f3b3e8df000 rw-p 00000000 00:00 0 
7ffc34e2b000-7ffc34e4d000 rw-p 00000000 00:00 0                          [stack]
7ffc34e6f000-7ffc34e71000 r--p 00000000 00:00 0                          [vvar]
7ffc34e71000-7ffc34e73000 r-xp 00000000 00:00 0                          [vdso]
ffffffffff600000-ffffffffff601000 r-xp 00000000 00:00 0                  [vsyscall]

VM Arguments:
jvm_args: -javaagent:/home/permmy/idea-IU-171.4249.39/lib/idea_rt.jar=42635:/home/permmy/idea-IU-171.4249.39/bin -Dfile.encoding=UTF-8 
java_command: com.company.Main
java_class_path (initial): /usr/lib/jvm/java-8-oracle/jre/lib/charsets.jar:/usr/lib/jvm/java-8-oracle/jre/lib/deploy.jar:/usr/lib/jvm/java-8-oracle/jre/lib/ext/cldrdata.jar:/usr/lib/jvm/java-8-oracle/jre/lib/ext/dnsns.jar:/usr/lib/jvm/java-8-oracle/jre/lib/ext/jaccess.jar:/usr/lib/jvm/java-8-oracle/jre/lib/ext/jfxrt.jar:/usr/lib/jvm/java-8-oracle/jre/lib/ext/localedata.jar:/usr/lib/jvm/java-8-oracle/jre/lib/ext/nashorn.jar:/usr/lib/jvm/java-8-oracle/jre/lib/ext/sunec.jar:/usr/lib/jvm/java-8-oracle/jre/lib/ext/sunjce_provider.jar:/usr/lib/jvm/java-8-oracle/jre/lib/ext/sunpkcs11.jar:/usr/lib/jvm/java-8-oracle/jre/lib/ext/zipfs.jar:/usr/lib/jvm/java-8-oracle/jre/lib/javaws.jar:/usr/lib/jvm/java-8-oracle/jre/lib/jce.jar:/usr/lib/jvm/java-8-oracle/jre/lib/jfr.jar:/usr/lib/jvm/java-8-oracle/jre/lib/jfxswt.jar:/usr/lib/jvm/java-8-oracle/jre/lib/jsse.jar:/usr/lib/jvm/java-8-oracle/jre/lib/management-agent.jar:/usr/lib/jvm/java-8-oracle/jre/lib/plugin.jar:/usr/lib/jvm/java-8-oracle/jre/lib/resources.jar:/usr/lib/jvm/java-8-oracle/jre/lib/rt.jar:/home/permmy/Desktop/java/spring stuff/JavaOCR/target/classes:/home/permmy/.m2/repository/net/sourceforge/tess4j/tess4j/3.2.1/tess4j-3.2.1.jar:/home/permmy/.m2/repository/net/java/dev/jna/jna/4.1.0/jna-4.1.0.jar:/home/permmy/.m2/repository/com/github/jai-imageio/jai-imageio-core/1.3.1/jai-imageio-core-1.3.1.jar:/home/permmy/.m2/repository/org/ghost4j/ghost4j/1.0.1/ghost4j-1.0.1.jar:/home/permmy/.m2/repository/log4j/log4j/1.2.17/log4j-1.2.17.jar:/home/permmy/.m2/repository/commons-beanutils/commons-beanutils/1.9.2/commons-beanutils-1.9.2.jar:/home/permmy/.m2/repository/commons-logging/commons-logging/1.1.1/commons-logging-1.1.1.jar:/home/permmy/.m2/repository/commons-collections/commons-collections/3.2.1/commons-collections-3.2.1.jar:/home/permmy/.m2/repository/org/apache/xmlgraphics/xmlgraphics-commons/1.4/xmlgraphics-commons-1.4.jar:/home/permmy/.m2/repository/com/lowagie/itext/2.1.7/itext-2.1.7.jar:/home/permmy/.m2/repository/comm
Launcher Type: SUN_STANDARD

Environment Variables:
JAVA_HOME=/usr/lib/jvm/java-8-oracle
PATH=/home/permmy/bin:/home/permmy/.local/bin:/usr/local/sbin:/usr/local/bin:/usr/sbin:/usr/bin:/sbin:/bin:/usr/games:/usr/local/games:/snap/bin:/usr/lib/jvm/java-8-oracle/bin:/usr/lib/jvm/java-8-oracle/db/bin:/usr/lib/jvm/java-8-oracle/jre/bin
LD_LIBRARY_PATH=/home/permmy/idea-IU-171.4249.39/bin:
SHELL=/bin/bash
DISPLAY=:1

Signal Handlers:
SIGSEGV: [libjvm.so+0xac8af0], sa_mask[0]=11111111011111111101111111111110, sa_flags=SA_RESTART|SA_SIGINFO
SIGBUS: [libjvm.so+0xac8af0], sa_mask[0]=11111111011111111101111111111110, sa_flags=SA_RESTART|SA_SIGINFO
SIGFPE: [libjvm.so+0x921dd0], sa_mask[0]=11111111011111111101111111111110, sa_flags=SA_RESTART|SA_SIGINFO
SIGPIPE: [libjvm.so+0x921dd0], sa_mask[0]=11111111011111111101111111111110, sa_flags=SA_RESTART|SA_SIGINFO
SIGXFSZ: [libjvm.so+0x921dd0], sa_mask[0]=11111111011111111101111111111110, sa_flags=SA_RESTART|SA_SIGINFO
SIGILL: [libjvm.so+0x921dd0], sa_mask[0]=11111111011111111101111111111110, sa_flags=SA_RESTART|SA_SIGINFO
SIGUSR1: SIG_DFL, sa_mask[0]=00000000000000000000000000000000, sa_flags=none
SIGUSR2: [libjvm.so+0x923610], sa_mask[0]=00100000000000000000000000000000, sa_flags=SA_RESTART|SA_SIGINFO
SIGHUP: [libjvm.so+0x924a10], sa_mask[0]=11111111011111111101111111111110, sa_flags=SA_RESTART|SA_SIGINFO
SIGINT: [libjvm.so+0x924a10], sa_mask[0]=11111111011111111101111111111110, sa_flags=SA_RESTART|SA_SIGINFO
SIGTERM: [libjvm.so+0x924a10], sa_mask[0]=11111111011111111101111111111110, sa_flags=SA_RESTART|SA_SIGINFO
SIGQUIT: [libjvm.so+0x924a10], sa_mask[0]=11111111011111111101111111111110, sa_flags=SA_RESTART|SA_SIGINFO


---------------  S Y S T E M  ---------------

OS:DISTRIB_ID=Ubuntu
DISTRIB_RELEASE=16.04
DISTRIB_CODENAME=xenial
DISTRIB_DESCRIPTION="Ubuntu 16.04.2 LTS"

uname:Linux 4.9.2-040902-generic #201701090331 SMP Mon Jan 9 08:33:19 UTC 2017 x86_64
libc:glibc 2.23 NPTL 2.23 
rlimit: STACK 8192k, CORE 0k, NPROC 11290, NOFILE 65536, AS infinity
load average:3.99 1.97 1.44

/proc/meminfo:
MemTotal:        2932444 kB
MemFree:           73084 kB
MemAvailable:     347652 kB
Buffers:           21560 kB
Cached:           518016 kB
SwapCached:        29132 kB
Active:          1986268 kB
Inactive:         637412 kB
Active(anon):    1790336 kB
Inactive(anon):   452772 kB
Active(file):     195932 kB
Inactive(file):   184640 kB
Unevictable:         112 kB
Mlocked:             112 kB
SwapTotal:       2996220 kB
SwapFree:        1656024 kB
Dirty:               308 kB
Writeback:             0 kB
AnonPages:       2073792 kB
Mapped:           178772 kB
Shmem:            158916 kB
Slab:             109360 kB
SReclaimable:      58212 kB
SUnreclaim:        51148 kB
KernelStack:       15856 kB
PageTables:        71940 kB
NFS_Unstable:          0 kB
Bounce:                0 kB
WritebackTmp:          0 kB
CommitLimit:     4462440 kB
Committed_AS:   10963780 kB
VmallocTotal:   34359738367 kB
VmallocUsed:           0 kB
VmallocChunk:          0 kB
HardwareCorrupted:     0 kB
AnonHugePages:    344064 kB
ShmemHugePages:        0 kB
ShmemPmdMapped:        0 kB
CmaTotal:              0 kB
CmaFree:               0 kB
HugePages_Total:       0
HugePages_Free:        0
HugePages_Rsvd:        0
HugePages_Surp:        0
Hugepagesize:       2048 kB
DirectMap4k:      110400 kB
DirectMap2M:     2887680 kB


CPU:total 4 (initial active 4) (2 cores per cpu, 2 threads per core) family 6 model 37 stepping 2, cmov, cx8, fxsr, mmx, sse, sse2, sse3, ssse3, sse4.1, sse4.2, popcnt, ht, tsc, tscinvbit

/proc/cpuinfo:
processor	: 0
vendor_id	: GenuineIntel
cpu family	: 6
model		: 37
model name	: Intel(R) Core(TM) i3 CPU       M 350  @ 2.27GHz
stepping	: 2
microcode	: 0x9
cpu MHz		: 2266.000
cache size	: 3072 KB
physical id	: 0
siblings	: 4
core id		: 0
cpu cores	: 2
apicid		: 0
initial apicid	: 0
fpu		: yes
fpu_exception	: yes
cpuid level	: 11
wp		: yes
flags		: fpu vme de pse tsc msr pae mce cx8 apic sep mtrr pge mca cmov pat pse36 clflush dts acpi mmx fxsr sse sse2 ss ht tm pbe syscall nx rdtscp lm constant_tsc arch_perfmon pebs bts rep_good nopl xtopology nonstop_tsc aperfmperf eagerfpu pni dtes64 monitor ds_cpl vmx est tm2 ssse3 cx16 xtpr pdcm sse4_1 sse4_2 popcnt lahf_lm tpr_shadow vnmi flexpriority ept vpid dtherm arat
bugs		:
bogomips	: 4521.71
clflush size	: 64
cache_alignment	: 64
address sizes	: 36 bits physical, 48 bits virtual
power management:

processor	: 1
vendor_id	: GenuineIntel
cpu family	: 6
model		: 37
model name	: Intel(R) Core(TM) i3 CPU       M 350  @ 2.27GHz
stepping	: 2
microcode	: 0x9
cpu MHz		: 2266.000
cache size	: 3072 KB
physical id	: 0
siblings	: 4
core id		: 0
cpu cores	: 2
apicid		: 1
initial apicid	: 1
fpu		: yes
fpu_exception	: yes
cpuid level	: 11
wp		: yes
flags		: fpu vme de pse tsc msr pae mce cx8 apic sep mtrr pge mca cmov pat pse36 clflush dts acpi mmx fxsr sse sse2 ss ht tm pbe syscall nx rdtscp lm constant_tsc arch_perfmon pebs bts rep_good nopl xtopology nonstop_tsc aperfmperf eagerfpu pni dtes64 monitor ds_cpl vmx est tm2 ssse3 cx16 xtpr pdcm sse4_1 sse4_2 popcnt lahf_lm tpr_shadow vnmi flexpriority ept vpid dtherm arat
bugs		:
bogomips	: 4521.87
clflush size	: 64
cache_alignment	: 64
address sizes	: 36 bits physical, 48 bits virtual
power management:

processor	: 2
vendor_id	: GenuineIntel
cpu family	: 6
model		: 37
model name	: Intel(R) Core(TM) i3 CPU       M 350  @ 2.27GHz
stepping	: 2
microcode	: 0x9
cpu MHz		: 2266.000
cache size	: 3072 KB
physical id	: 0
siblings	: 4
core id		: 2
cpu cores	: 2
apicid		: 4
initial apicid	: 4
fpu		: yes
fpu_exception	: yes
cpuid level	: 11
wp		: yes
flags		: fpu vme de pse tsc msr pae mce cx8 apic sep mtrr pge mca cmov pat pse36 clflush dts acpi mmx fxsr sse sse2 ss ht tm pbe syscall nx rdtscp lm constant_tsc arch_perfmon pebs bts rep_good nopl xtopology nonstop_tsc aperfmperf eagerfpu pni dtes64 monitor ds_cpl vmx est tm2 ssse3 cx16 xtpr pdcm sse4_1 sse4_2 popcnt lahf_lm tpr_shadow vnmi flexpriority ept vpid dtherm arat
bugs		:
bogomips	: 4521.90
clflush size	: 64
cache_alignment	: 64
address sizes	: 36 bits physical, 48 bits virtual
power management:

processor	: 3
vendor_id	: GenuineIntel
cpu family	: 6
model		: 37
model name	: Intel(R) Core(TM) i3 CPU       M 350  @ 2.27GHz
stepping	: 2
microcode	: 0x9
cpu MHz		: 2266.000
cache size	: 3072 KB
physical id	: 0
siblings	: 4
core id		: 2
cpu cores	: 2
apicid		: 5
initial apicid	: 5
fpu		: yes
fpu_exception	: yes
cpuid level	: 11
wp		: yes
flags		: fpu vme de pse tsc msr pae mce cx8 apic sep mtrr pge mca cmov pat pse36 clflush dts acpi mmx fxsr sse sse2 ss ht tm pbe syscall nx rdtscp lm constant_tsc arch_perfmon pebs bts rep_good nopl xtopology nonstop_tsc aperfmperf eagerfpu pni dtes64 monitor ds_cpl vmx est tm2 ssse3 cx16 xtpr pdcm sse4_1 sse4_2 popcnt lahf_lm tpr_shadow vnmi flexpriority ept vpid dtherm arat
bugs		:
bogomips	: 4521.90
clflush size	: 64
cache_alignment	: 64
address sizes	: 36 bits physical, 48 bits virtual
power management:



Memory: 4k page, physical 2932444k(73084k free), swap 2996220k(1656024k free)

vm_info: Java HotSpot(TM) 64-Bit Server VM (25.131-b11) for linux-amd64 JRE (1.8.0_131-b11), built on Mar 15 2017 01:23:40 by "java_re" with gcc 4.3.0 20080428 (Red Hat 4.3.0-8)

time: Mon Jul  3 12:28:56 2017
elapsed time: 42 seconds (0d 0h 0m 42s)

