#
# A fatal error has been detected by the Java Runtime Environment:
#
#  SIGSEGV (0xb) at pc=0x00007f6307702ac7, pid=7130, tid=0x00007f632b067700
#
# JRE version: Java(TM) SE Runtime Environment (8.0_131-b11) (build 1.8.0_131-b11)
# Java VM: Java HotSpot(TM) 64-Bit Server VM (25.131-b11 mixed mode linux-amd64 compressed oops)
# Problematic frame:
# C  [libtesseract.so.3.0.4+0x9dac7]  tesseract::Tesseract::recog_all_words(PAGE_RES*, ETEXT_DESC*, TBOX const*, char const*, int)+0x5e7
#
# Failed to write core dump. Core dumps have been disabled. To enable core dumping, try "ulimit -c unlimited" before starting Java again
#
# If you would like to submit a bug report, please visit:
#   http://bugreport.java.com/bugreport/crash.jsp
# The crash happened outside the Java Virtual Machine in native code.
# See problematic frame for where to report the bug.
#

---------------  T H R E A D  ---------------

Current thread (0x00007f632400c000):  JavaThread "main" [_thread_in_native, id=7132, stack(0x00007f632af67000,0x00007f632b068000)]

siginfo: si_signo: 11 (SIGSEGV), si_code: 1 (SEGV_MAPERR), si_addr: 0x000000000000000c

Registers:
RAX=0x0000000000000000, RBX=0x00007f632b0658b0, RCX=0x0000000000000000, RDX=0x0000000000000000
RSP=0x00007f632b065860, RBP=0x00007f63241d9710, RSI=0x0000000000000000, RDI=0x00007f632b065970
R8 =0x0000000000000000, R9 =0x0000000000000000, R10=0x00000000ffff8001, R11=0x00007f632a601110
R12=0x00007f63248b4390, R13=0x0000000000000000, R14=0x0000000000000000, R15=0x00007f63248b4390
RIP=0x00007f6307702ac7, EFLAGS=0x0000000000010246, CSGSFS=0x002b000000000033, ERR=0x0000000000000004
  TRAPNO=0x000000000000000e

Top of Stack: (sp=0x00007f632b065860)
0x00007f632b065860:   0000000000000000 0000000000000000
0x00007f632b065870:   00007f63246f77e0 00007f63246faac0
0x00007f632b065880:   00007f63248cef80 00007f63248b2e60
0x00007f632b065890:   0000000000000000 00007f632b0658c0
0x00007f632b0658a0:   00007f63246f77e0 00007f630785e980
0x00007f632b0658b0:   00007f63248b4390 0000000000000000
0x00007f632b0658c0:   0000000000000000 0000000000000000
0x00007f632b0658d0:   00007f63248b9dc0 00007f63248b4300
0x00007f632b0658e0:   00007f63248b2e60 00007f6324731950
0x00007f632b0658f0:   00007f63248b4300 00007f63248b2e60
0x00007f632b065900:   00007f63248b4398 00007f63248b2e60
0x00007f632b065910:   00007f63248b2e60 00007f63248b2e60
0x00007f632b065920:   00007f63248b0000 00007f63248b2e60
0x00007f632b065930:   0000000000000000 00007f63248b2e88
0x00007f632b065940:   00007f63246faac0 00007f63248b4300
0x00007f632b065950:   00007f63248b2c00 00007f63241d0000
0x00007f632b065960:   00007f63248b4300 00007f63248b4300
0x00007f632b065970:   00007f63248b4320 00007f6324731950
0x00007f632b065980:   00007f63248b3c00 00007f63248b7390
0x00007f632b065990:   0000000000000000 00007f63248b9dc0
0x00007f632b0659a0:   0000000000000001 8cbd0ea1560f5300
0x00007f632b0659b0:   0000000000000000 00007f6324681810
0x00007f632b0659c0:   00007f632b065a40 00000000ffffffff
0x00007f632b0659d0:   0000000000000000 00007f63248b4390
0x00007f632b0659e0:   00007f63248b4390 00007f63076ed065
0x00007f632b0659f0:   00007f63246232d0 00007f632a4ef184
0x00007f632b065a00:   0000000000000001 8cbd0ea1560f5300
0x00007f632b065a10:   000000000000000c 00007f6324681810
0x00007f632b065a20:   0000000000000001 0000000000000000
0x00007f632b065a30:   0000000000000001 00007f6324623510
0x00007f632b065a40:   00007f632b065a90 00007f63076ee33c
0x00007f632b065a50:   00007f63246fe960 8cbd0ea1560f5300 

Instructions: (pc=0x00007f6307702ac7)
0x00007f6307702aa7:   13 00 00 41 83 fe 01 0f 84 ec fb ff ff e9 b9 fa
0x00007f6307702ab7:   ff ff 0f 1f 80 00 00 00 00 48 8b 85 10 0b 00 00
0x00007f6307702ac7:   80 78 0c 00 0f 84 9f fd ff ff 48 89 ef e8 17 82
0x00007f6307702ad7:   0f 00 e9 92 fd ff ff 4c 89 e6 48 89 ef e8 e7 8b 

Register to memory mapping:

RAX=0x0000000000000000 is an unknown value
RBX=0x00007f632b0658b0 is pointing into the stack for thread: 0x00007f632400c000
RCX=0x0000000000000000 is an unknown value
RDX=0x0000000000000000 is an unknown value
RSP=0x00007f632b065860 is pointing into the stack for thread: 0x00007f632400c000
RBP=0x00007f63241d9710 is an unknown value
RSI=0x0000000000000000 is an unknown value
RDI=0x00007f632b065970 is pointing into the stack for thread: 0x00007f632400c000
R8 =0x0000000000000000 is an unknown value
R9 =0x0000000000000000 is an unknown value
R10=0x00000000ffff8001 is an unallocated location in the heap
R11=0x00007f632a601110: <offset 0x196110> in /lib/x86_64-linux-gnu/libc.so.6 at 0x00007f632a46b000
R12=0x00007f63248b4390 is an unknown value
R13=0x0000000000000000 is an unknown value
R14=0x0000000000000000 is an unknown value
R15=0x00007f63248b4390 is an unknown value


Stack: [0x00007f632af67000,0x00007f632b068000],  sp=0x00007f632b065860,  free space=1018k
Native frames: (J=compiled Java code, j=interpreted, Vv=VM code, C=native code)
C  [libtesseract.so.3.0.4+0x9dac7]  tesseract::Tesseract::recog_all_words(PAGE_RES*, ETEXT_DESC*, TBOX const*, char const*, int)+0x5e7

Java frames: (J=compiled Java code, j=interpreted, Vv=VM code)
j  net.sourceforge.tess4j.TessAPI1.TessBaseAPIGetUTF8Text(Lnet/sourceforge/tess4j/ITessAPI$TessBaseAPI;)Lcom/sun/jna/Pointer;+0
j  net.sourceforge.tess4j.Tesseract1.getOCRText(Ljava/lang/String;I)Ljava/lang/String;+46
j  net.sourceforge.tess4j.Tesseract1.doOCR(Ljava/util/List;Ljava/lang/String;Ljava/awt/Rectangle;)Ljava/lang/String;+69
j  net.sourceforge.tess4j.Tesseract1.doOCR(Ljava/io/File;Ljava/awt/Rectangle;)Ljava/lang/String;+10
j  net.sourceforge.tess4j.Tesseract1.doOCR(Ljava/io/File;)Ljava/lang/String;+3
j  com.company.upload.UploadImage.ReadImage()V+26
j  com.company.Main.main([Ljava/lang/String;)V+9
v  ~StubRoutines::call_stub

---------------  P R O C E S S  ---------------

Java Threads: ( => current thread )
  0x00007f632469c800 JavaThread "Java2D Disposer" daemon [_thread_blocked, id=7159, stack(0x00007f63040f7000,0x00007f63041f8000)]
  0x00007f63242e6000 JavaThread "Service Thread" daemon [_thread_blocked, id=7157, stack(0x00007f630c067000,0x00007f630c168000)]
  0x00007f63242e1000 JavaThread "C1 CompilerThread2" daemon [_thread_blocked, id=7156, stack(0x00007f630c168000,0x00007f630c269000)]
  0x00007f63242df000 JavaThread "C2 CompilerThread1" daemon [_thread_blocked, id=7155, stack(0x00007f630c269000,0x00007f630c36a000)]
  0x00007f63242dd000 JavaThread "C2 CompilerThread0" daemon [_thread_blocked, id=7154, stack(0x00007f630c882000,0x00007f630c983000)]
  0x00007f63242db800 JavaThread "Monitor Ctrl-Break" daemon [_thread_in_native, id=7153, stack(0x00007f630c983000,0x00007f630ca84000)]
  0x00007f6324181000 JavaThread "Signal Dispatcher" daemon [_thread_blocked, id=7146, stack(0x00007f630ca84000,0x00007f630cb85000)]
  0x00007f632414d000 JavaThread "Finalizer" daemon [_thread_blocked, id=7143, stack(0x00007f630cf8e000,0x00007f630d08f000)]
  0x00007f6324148800 JavaThread "Reference Handler" daemon [_thread_blocked, id=7142, stack(0x00007f630d08f000,0x00007f630d190000)]
=>0x00007f632400c000 JavaThread "main" [_thread_in_native, id=7132, stack(0x00007f632af67000,0x00007f632b068000)]

Other Threads:
  0x00007f6324141000 VMThread [stack: 0x00007f630d190000,0x00007f630d291000] [id=7141]
  0x00007f63242ec000 WatcherThread [stack: 0x00007f6307eff000,0x00007f6308000000] [id=7158]

VM state:not at safepoint (normal execution)

VM Mutex/Monitor currently owned by a thread: None

Heap:
 PSYoungGen      total 13824K, used 10332K [0x00000000f1180000, 0x00000000f2c80000, 0x0000000100000000)
  eden space 12288K, 71% used [0x00000000f1180000,0x00000000f1a1f1e0,0x00000000f1d80000)
  from space 1536K, 97% used [0x00000000f1d80000,0x00000000f1ef8020,0x00000000f1f00000)
  to   space 1536K, 0% used [0x00000000f2b00000,0x00000000f2b00000,0x00000000f2c80000)
 ParOldGen       total 31744K, used 3784K [0x00000000d3400000, 0x00000000d5300000, 0x00000000f1180000)
  object space 31744K, 11% used [0x00000000d3400000,0x00000000d37b2168,0x00000000d5300000)
 Metaspace       used 11111K, capacity 11304K, committed 11392K, reserved 1058816K
  class space    used 1351K, capacity 1402K, committed 1408K, reserved 1048576K

Card table byte_map: [0x00007f63148be000,0x00007f6314a25000] byte_map_base: 0x00007f6314224000

Marking Bits: (ParMarkBitMap*) 0x00007f632a43df60
 Begin Bits: [0x00007f630e9a0000, 0x00007f630f4d0000)
 End Bits:   [0x00007f630f4d0000, 0x00007f6310000000)

Polling page: 0x00007f632b08e000

CodeCache: size=245760Kb used=3166Kb max_used=3166Kb free=242593Kb
 bounds [0x00007f6314de5000, 0x00007f6315105000, 0x00007f6323de5000]
 total_blobs=1123 nmethods=747 adapters=291
 compilation: enabled

Compilation events (10 events):
Event: 2.448 Thread 0x00007f63242e1000  744       3       com.github.jaiimageio.impl.plugins.tiff.TIFFImageReader::ifloor (14 bytes)
Event: 2.448 Thread 0x00007f63242e1000 nmethod 744 0x00007f63150fc190 code [0x00007f63150fc300, 0x00007f63150fc490]
Event: 2.452 Thread 0x00007f63242e1000  745  s    3       java.io.ByteArrayOutputStream::write (66 bytes)
Event: 2.453 Thread 0x00007f63242e1000 nmethod 745 0x00007f63150fc550 code [0x00007f63150fc700, 0x00007f63150fcd68]
Event: 2.453 Thread 0x00007f63242e1000  746       3       java.io.ByteArrayOutputStream::ensureCapacity (16 bytes)
Event: 2.454 Thread 0x00007f63242e1000 nmethod 746 0x00007f63150fcfd0 code [0x00007f63150fd140, 0x00007f63150fd308]
Event: 2.454 Thread 0x00007f63242e1000  747       3       java.lang.Math::min (12 bytes)
Event: 2.454 Thread 0x00007f63242e1000 nmethod 747 0x00007f63150fd3d0 code [0x00007f63150fd540, 0x00007f63150fd6d0]
Event: 2.454 Thread 0x00007f63242e1000  748       3       java.io.RandomAccessFile::readFully (45 bytes)
Event: 2.454 Thread 0x00007f63242e1000 nmethod 748 0x00007f63150fd750 code [0x00007f63150fd8e0, 0x00007f63150fdcb8]

GC Heap History (6 events):
Event: 1.047 GC heap before
{Heap before GC invocations=1 (full 0):
 PSYoungGen      total 13824K, used 12288K [0x00000000f1180000, 0x00000000f2080000, 0x0000000100000000)
  eden space 12288K, 100% used [0x00000000f1180000,0x00000000f1d80000,0x00000000f1d80000)
  from space 1536K, 0% used [0x00000000f1f00000,0x00000000f1f00000,0x00000000f2080000)
  to   space 1536K, 0% used [0x00000000f1d80000,0x00000000f1d80000,0x00000000f1f00000)
 ParOldGen       total 31744K, used 0K [0x00000000d3400000, 0x00000000d5300000, 0x00000000f1180000)
  object space 31744K, 0% used [0x00000000d3400000,0x00000000d3400000,0x00000000d5300000)
 Metaspace       used 6200K, capacity 6320K, committed 6528K, reserved 1056768K
  class space    used 752K, capacity 784K, committed 896K, reserved 1048576K
Event: 1.053 GC heap after
Heap after GC invocations=1 (full 0):
 PSYoungGen      total 13824K, used 1512K [0x00000000f1180000, 0x00000000f2080000, 0x0000000100000000)
  eden space 12288K, 0% used [0x00000000f1180000,0x00000000f1180000,0x00000000f1d80000)
  from space 1536K, 98% used [0x00000000f1d80000,0x00000000f1efa270,0x00000000f1f00000)
  to   space 1536K, 0% used [0x00000000f1f00000,0x00000000f1f00000,0x00000000f2080000)
 ParOldGen       total 31744K, used 525K [0x00000000d3400000, 0x00000000d5300000, 0x00000000f1180000)
  object space 31744K, 1% used [0x00000000d3400000,0x00000000d34837f8,0x00000000d5300000)
 Metaspace       used 6200K, capacity 6320K, committed 6528K, reserved 1056768K
  class space    used 752K, capacity 784K, committed 896K, reserved 1048576K
}
Event: 1.723 GC heap before
{Heap before GC invocations=2 (full 0):
 PSYoungGen      total 13824K, used 12009K [0x00000000f1180000, 0x00000000f2080000, 0x0000000100000000)
  eden space 12288K, 85% used [0x00000000f1180000,0x00000000f1bc0480,0x00000000f1d80000)
  from space 1536K, 98% used [0x00000000f1d80000,0x00000000f1efa270,0x00000000f1f00000)
  to   space 1536K, 0% used [0x00000000f1f00000,0x00000000f1f00000,0x00000000f2080000)
 ParOldGen       total 31744K, used 525K [0x00000000d3400000, 0x00000000d5300000, 0x00000000f1180000)
  object space 31744K, 1% used [0x00000000d3400000,0x00000000d34837f8,0x00000000d5300000)
 Metaspace       used 9721K, capacity 9826K, committed 9984K, reserved 1058816K
  class space    used 1142K, capacity 1209K, committed 1280K, reserved 1048576K
Event: 1.735 GC heap after
Heap after GC invocations=2 (full 0):
 PSYoungGen      total 13824K, used 1504K [0x00000000f1180000, 0x00000000f2c80000, 0x0000000100000000)
  eden space 12288K, 0% used [0x00000000f1180000,0x00000000f1180000,0x00000000f1d80000)
  from space 1536K, 97% used [0x00000000f1f00000,0x00000000f2078030,0x00000000f2080000)
  to   space 1536K, 0% used [0x00000000f1d80000,0x00000000f1d80000,0x00000000f1f00000)
 ParOldGen       total 31744K, used 1522K [0x00000000d3400000, 0x00000000d5300000, 0x00000000f1180000)
  object space 31744K, 4% used [0x00000000d3400000,0x00000000d357ca78,0x00000000d5300000)
 Metaspace       used 9721K, capacity 9826K, committed 9984K, reserved 1058816K
  class space    used 1142K, capacity 1209K, committed 1280K, reserved 1048576K
}
Event: 2.190 GC heap before
{Heap before GC invocations=3 (full 0):
 PSYoungGen      total 13824K, used 13792K [0x00000000f1180000, 0x00000000f2c80000, 0x0000000100000000)
  eden space 12288K, 100% used [0x00000000f1180000,0x00000000f1d80000,0x00000000f1d80000)
  from space 1536K, 97% used [0x00000000f1f00000,0x00000000f2078030,0x00000000f2080000)
  to   space 1536K, 0% used [0x00000000f1d80000,0x00000000f1d80000,0x00000000f1f00000)
 ParOldGen       total 31744K, used 1522K [0x00000000d3400000, 0x00000000d5300000, 0x00000000f1180000)
  object space 31744K, 4% used [0x00000000d3400000,0x00000000d357ca78,0x00000000d5300000)
 Metaspace       used 10846K, capacity 10984K, committed 11136K, reserved 1058816K
  class space    used 1284K, capacity 1338K, committed 1408K, reserved 1048576K
Event: 2.237 GC heap after
Heap after GC invocations=3 (full 0):
 PSYoungGen      total 13824K, used 1504K [0x00000000f1180000, 0x00000000f2c80000, 0x0000000100000000)
  eden space 12288K, 0% used [0x00000000f1180000,0x00000000f1180000,0x00000000f1d80000)
  from space 1536K, 97% used [0x00000000f1d80000,0x00000000f1ef8020,0x00000000f1f00000)
  to   space 1536K, 0% used [0x00000000f2b00000,0x00000000f2b00000,0x00000000f2c80000)
 ParOldGen       total 31744K, used 3784K [0x00000000d3400000, 0x00000000d5300000, 0x00000000f1180000)
  object space 31744K, 11% used [0x00000000d3400000,0x00000000d37b2168,0x00000000d5300000)
 Metaspace       used 10846K, capacity 10984K, committed 11136K, reserved 1058816K
  class space    used 1284K, capacity 1338K, committed 1408K, reserved 1048576K
}

Deoptimization events (2 events):
Event: 1.116 Thread 0x00007f632400c000 Uncommon trap: reason=unstable_if action=reinterpret pc=0x00007f6314f75d14 method=java.lang.String.replace(CC)Ljava/lang/String; @ 26
Event: 1.420 Thread 0x00007f632400c000 Uncommon trap: reason=unstable_if action=reinterpret pc=0x00007f6314f7de9c method=sun.misc.MetaIndex.mayContain(Ljava/lang/String;)Z @ 38

Internal exceptions (10 events):
Event: 0.585 Thread 0x00007f632400c000 Exception <a 'java/security/PrivilegedActionException'> (0x00000000f14a1de0) thrown at [/HUDSON/workspace/8-2-build-linux-amd64/jdk8u131/8869/hotspot/src/share/vm/prims/jvm.cpp, line 1390]
Event: 0.586 Thread 0x00007f632400c000 Exception <a 'java/security/PrivilegedActionException'> (0x00000000f14a4248) thrown at [/HUDSON/workspace/8-2-build-linux-amd64/jdk8u131/8869/hotspot/src/share/vm/prims/jvm.cpp, line 1390]
Event: 0.586 Thread 0x00007f632400c000 Exception <a 'java/security/PrivilegedActionException'> (0x00000000f14a4458) thrown at [/HUDSON/workspace/8-2-build-linux-amd64/jdk8u131/8869/hotspot/src/share/vm/prims/jvm.cpp, line 1390]
Event: 0.717 Thread 0x00007f632400c000 Exception <a 'java/io/FileNotFoundException'> (0x00000000f1649220) thrown at [/HUDSON/workspace/8-2-build-linux-amd64/jdk8u131/8869/hotspot/src/share/vm/prims/jni.cpp, line 709]
Event: 1.297 Thread 0x00007f632400c000 Exception <a 'java/lang/UnsatisfiedLinkError': libtesseract.so: cannot open shared object file: No such file or directory> (0x00000000f1457ae8) thrown at [/HUDSON/workspace/8-2-build-linux-amd64/jdk8u131/8869/hotspot/src/share/vm/prims/jni.cpp, line 735]
Event: 1.298 Thread 0x00007f632400c000 Exception <a 'java/lang/UnsatisfiedLinkError': libtesseract.so: cannot open shared object file: No such file or directory> (0x00000000f1458d68) thrown at [/HUDSON/workspace/8-2-build-linux-amd64/jdk8u131/8869/hotspot/src/share/vm/prims/jni.cpp, line 735]
Event: 1.524 Thread 0x00007f632400c000 Exception <a 'java/lang/NoSuchFieldError': method resolution failed> (0x00000000f184e188) thrown at [/HUDSON/workspace/8-2-build-linux-amd64/jdk8u131/8869/hotspot/src/share/vm/prims/methodHandles.cpp, line 1146]
Event: 1.529 Thread 0x00007f632400c000 Exception <a 'java/lang/NoSuchFieldError': method resolution failed> (0x00000000f185c118) thrown at [/HUDSON/workspace/8-2-build-linux-amd64/jdk8u131/8869/hotspot/src/share/vm/prims/methodHandles.cpp, line 1146]
Event: 1.587 Thread 0x00007f632400c000 Exception <a 'java/io/FileNotFoundException'> (0x00000000f18fb358) thrown at [/HUDSON/workspace/8-2-build-linux-amd64/jdk8u131/8869/hotspot/src/share/vm/prims/jni.cpp, line 709]
Event: 1.587 Thread 0x00007f632400c000 Exception <a 'java/io/FileNotFoundException'> (0x00000000f18fbce0) thrown at [/HUDSON/workspace/8-2-build-linux-amd64/jdk8u131/8869/hotspot/src/share/vm/prims/jni.cpp, line 709]

Events (10 events):
Event: 2.391 loading class java/awt/image/DataBufferUShort
Event: 2.391 loading class java/awt/image/DataBufferUShort done
Event: 2.392 loading class java/awt/image/DataBufferShort
Event: 2.392 loading class java/awt/image/DataBufferShort done
Event: 2.392 loading class java/awt/image/DataBufferInt
Event: 2.392 loading class java/awt/image/DataBufferInt done
Event: 2.464 loading class java/nio/DirectByteBuffer$Deallocator
Event: 2.465 loading class java/nio/DirectByteBuffer$Deallocator done
Event: 2.466 loading class java/lang/StrictMath
Event: 2.467 loading class java/lang/StrictMath done


Dynamic libraries:
00400000-00401000 r-xp 00000000 08:01 14549252                           /usr/lib/jvm/java-8-oracle/bin/java
00600000-00601000 rw-p 00000000 08:01 14549252                           /usr/lib/jvm/java-8-oracle/bin/java
017f9000-0181a000 rw-p 00000000 00:00 0                                  [heap]
d3400000-d5300000 rw-p 00000000 00:00 0 
d5300000-f1180000 ---p 00000000 00:00 0 
f1180000-f2c80000 rw-p 00000000 00:00 0 
f2c80000-100000000 ---p 00000000 00:00 0 
100000000-100160000 rw-p 00000000 00:00 0 
100160000-140000000 ---p 00000000 00:00 0 
7f62cc000000-7f62cc021000 rw-p 00000000 00:00 0 
7f62cc021000-7f62d0000000 ---p 00000000 00:00 0 
7f62d0000000-7f62d0021000 rw-p 00000000 00:00 0 
7f62d0021000-7f62d4000000 ---p 00000000 00:00 0 
7f62d7797000-7f62d7bb4000 rw-p 00000000 00:00 0 
7f62d7bb4000-7f62d7bc5000 r-xp 00000000 08:01 14688857                   /usr/lib/jvm/java-8-oracle/jre/lib/amd64/libnio.so
7f62d7bc5000-7f62d7dc4000 ---p 00011000 08:01 14688857                   /usr/lib/jvm/java-8-oracle/jre/lib/amd64/libnio.so
7f62d7dc4000-7f62d7dc5000 rw-p 00010000 08:01 14688857                   /usr/lib/jvm/java-8-oracle/jre/lib/amd64/libnio.so
7f62d7dc5000-7f62d7e00000 r-xp 00000000 08:01 14688807                   /usr/lib/jvm/java-8-oracle/jre/lib/amd64/libjpeg.so
7f62d7e00000-7f62d7fff000 ---p 0003b000 08:01 14688807                   /usr/lib/jvm/java-8-oracle/jre/lib/amd64/libjpeg.so
7f62d7fff000-7f62d8000000 rw-p 0003a000 08:01 14688807                   /usr/lib/jvm/java-8-oracle/jre/lib/amd64/libjpeg.so
7f62d8000000-7f62d851e000 rw-p 00000000 00:00 0 
7f62d851e000-7f62dc000000 ---p 00000000 00:00 0 
7f62dc000000-7f62dc021000 rw-p 00000000 00:00 0 
7f62dc021000-7f62e0000000 ---p 00000000 00:00 0 
7f62e0000000-7f62e0531000 rw-p 00000000 00:00 0 
7f62e0531000-7f62e4000000 ---p 00000000 00:00 0 
7f62e4000000-7f62e4303000 rw-p 00000000 00:00 0 
7f62e4303000-7f62e8000000 ---p 00000000 00:00 0 
7f62e8000000-7f62e8021000 rw-p 00000000 00:00 0 
7f62e8021000-7f62ec000000 ---p 00000000 00:00 0 
7f62ec000000-7f62ec021000 rw-p 00000000 00:00 0 
7f62ec021000-7f62f0000000 ---p 00000000 00:00 0 
7f62f0000000-7f62f0021000 rw-p 00000000 00:00 0 
7f62f0021000-7f62f4000000 ---p 00000000 00:00 0 
7f62f4000000-7f62f4021000 rw-p 00000000 00:00 0 
7f62f4021000-7f62f8000000 ---p 00000000 00:00 0 
7f62f8000000-7f62f8021000 rw-p 00000000 00:00 0 
7f62f8021000-7f62fc000000 ---p 00000000 00:00 0 
7f62fc000000-7f62fc021000 rw-p 00000000 00:00 0 
7f62fc021000-7f6300000000 ---p 00000000 00:00 0 
7f6300000000-7f6300021000 rw-p 00000000 00:00 0 
7f6300021000-7f6304000000 ---p 00000000 00:00 0 
7f63040f7000-7f63040fa000 ---p 00000000 00:00 0 
7f63040fa000-7f63043b8000 rw-p 00000000 00:00 0 
7f63043b8000-7f63043f8000 ---p 00000000 00:00 0 
7f63043f8000-7f63043fd000 r-xp 00000000 08:01 14425880                   /usr/lib/x86_64-linux-gnu/libXdmcp.so.6.0.0
7f63043fd000-7f63045fc000 ---p 00005000 08:01 14425880                   /usr/lib/x86_64-linux-gnu/libXdmcp.so.6.0.0
7f63045fc000-7f63045fd000 r--p 00004000 08:01 14425880                   /usr/lib/x86_64-linux-gnu/libXdmcp.so.6.0.0
7f63045fd000-7f63045fe000 rw-p 00005000 08:01 14425880                   /usr/lib/x86_64-linux-gnu/libXdmcp.so.6.0.0
7f63045fe000-7f6304600000 r-xp 00000000 08:01 14425869                   /usr/lib/x86_64-linux-gnu/libXau.so.6.0.0
7f6304600000-7f6304800000 ---p 00002000 08:01 14425869                   /usr/lib/x86_64-linux-gnu/libXau.so.6.0.0
7f6304800000-7f6304801000 r--p 00002000 08:01 14425869                   /usr/lib/x86_64-linux-gnu/libXau.so.6.0.0
7f6304801000-7f6304802000 rw-p 00003000 08:01 14425869                   /usr/lib/x86_64-linux-gnu/libXau.so.6.0.0
7f6304802000-7f6304823000 r-xp 00000000 08:01 14427247                   /usr/lib/x86_64-linux-gnu/libxcb.so.1.1.0
7f6304823000-7f6304a22000 ---p 00021000 08:01 14427247                   /usr/lib/x86_64-linux-gnu/libxcb.so.1.1.0
7f6304a22000-7f6304a23000 r--p 00020000 08:01 14427247                   /usr/lib/x86_64-linux-gnu/libxcb.so.1.1.0
7f6304a23000-7f6304a24000 rw-p 00021000 08:01 14427247                   /usr/lib/x86_64-linux-gnu/libxcb.so.1.1.0
7f6304a24000-7f6304a33000 r-xp 00000000 08:01 14425890                   /usr/lib/x86_64-linux-gnu/libXi.so.6.1.0
7f6304a33000-7f6304c32000 ---p 0000f000 08:01 14425890                   /usr/lib/x86_64-linux-gnu/libXi.so.6.1.0
7f6304c32000-7f6304c33000 r--p 0000e000 08:01 14425890                   /usr/lib/x86_64-linux-gnu/libXi.so.6.1.0
7f6304c33000-7f6304c34000 rw-p 0000f000 08:01 14425890                   /usr/lib/x86_64-linux-gnu/libXi.so.6.1.0
7f6304c34000-7f6304c39000 r-xp 00000000 08:01 14425908                   /usr/lib/x86_64-linux-gnu/libXtst.so.6.1.0
7f6304c39000-7f6304e38000 ---p 00005000 08:01 14425908                   /usr/lib/x86_64-linux-gnu/libXtst.so.6.1.0
7f6304e38000-7f6304e39000 r--p 00004000 08:01 14425908                   /usr/lib/x86_64-linux-gnu/libXtst.so.6.1.0
7f6304e39000-7f6304e3a000 rw-p 00005000 08:01 14425908                   /usr/lib/x86_64-linux-gnu/libXtst.so.6.1.0
7f6304e3a000-7f6304e43000 r-xp 00000000 08:01 14425902                   /usr/lib/x86_64-linux-gnu/libXrender.so.1.3.0
7f6304e43000-7f6305042000 ---p 00009000 08:01 14425902                   /usr/lib/x86_64-linux-gnu/libXrender.so.1.3.0
7f6305042000-7f6305043000 r--p 00008000 08:01 14425902                   /usr/lib/x86_64-linux-gnu/libXrender.so.1.3.0
7f6305043000-7f6305044000 rw-p 00009000 08:01 14425902                   /usr/lib/x86_64-linux-gnu/libXrender.so.1.3.0
7f6305044000-7f6305179000 r-xp 00000000 08:01 14425865                   /usr/lib/x86_64-linux-gnu/libX11.so.6.3.0
7f6305179000-7f6305379000 ---p 00135000 08:01 14425865                   /usr/lib/x86_64-linux-gnu/libX11.so.6.3.0
7f6305379000-7f630537a000 r--p 00135000 08:01 14425865                   /usr/lib/x86_64-linux-gnu/libX11.so.6.3.0
7f630537a000-7f630537e000 rw-p 00136000 08:01 14425865                   /usr/lib/x86_64-linux-gnu/libX11.so.6.3.0
7f630537e000-7f630538f000 r-xp 00000000 08:01 14425882                   /usr/lib/x86_64-linux-gnu/libXext.so.6.4.0
7f630538f000-7f630558e000 ---p 00011000 08:01 14425882                   /usr/lib/x86_64-linux-gnu/libXext.so.6.4.0
7f630558e000-7f630558f000 r--p 00010000 08:01 14425882                   /usr/lib/x86_64-linux-gnu/libXext.so.6.4.0
7f630558f000-7f6305590000 rw-p 00011000 08:01 14425882                   /usr/lib/x86_64-linux-gnu/libXext.so.6.4.0
7f6305590000-7f63055e4000 r-xp 00000000 08:01 14688861                   /usr/lib/jvm/java-8-oracle/jre/lib/amd64/libawt_xawt.so
7f63055e4000-7f63057e4000 ---p 00054000 08:01 14688861                   /usr/lib/jvm/java-8-oracle/jre/lib/amd64/libawt_xawt.so
7f63057e4000-7f63057e8000 rw-p 00054000 08:01 14688861                   /usr/lib/jvm/java-8-oracle/jre/lib/amd64/libawt_xawt.so
7f63057e8000-7f63057e9000 rw-p 00000000 00:00 0 
7f63057e9000-7f630588b000 r-xp 00000000 08:01 14688847                   /usr/lib/jvm/java-8-oracle/jre/lib/amd64/libawt.so
7f630588b000-7f6305a8b000 ---p 000a2000 08:01 14688847                   /usr/lib/jvm/java-8-oracle/jre/lib/amd64/libawt.so
7f6305a8b000-7f6305a97000 rw-p 000a2000 08:01 14688847                   /usr/lib/jvm/java-8-oracle/jre/lib/amd64/libawt.so
7f6305a97000-7f6305abb000 rw-p 00000000 00:00 0 
7f6305abb000-7f6305ac6000 r-xp 00000000 08:01 14426599                   /usr/lib/x86_64-linux-gnu/libjbig.so.0
7f6305ac6000-7f6305cc5000 ---p 0000b000 08:01 14426599                   /usr/lib/x86_64-linux-gnu/libjbig.so.0
7f6305cc5000-7f6305cc6000 r--p 0000a000 08:01 14426599                   /usr/lib/x86_64-linux-gnu/libjbig.so.0
7f6305cc6000-7f6305cc9000 rw-p 0000b000 08:01 14426599                   /usr/lib/x86_64-linux-gnu/libjbig.so.0
7f6305cc9000-7f6305cea000 r-xp 00000000 08:01 1708465                    /lib/x86_64-linux-gnu/liblzma.so.5.0.0
7f6305cea000-7f6305ee9000 ---p 00021000 08:01 1708465                    /lib/x86_64-linux-gnu/liblzma.so.5.0.0
7f6305ee9000-7f6305eea000 r--p 00020000 08:01 1708465                    /lib/x86_64-linux-gnu/liblzma.so.5.0.0
7f6305eea000-7f6305eeb000 rw-p 00021000 08:01 1708465                    /lib/x86_64-linux-gnu/liblzma.so.5.0.0
7f6305eeb000-7f6305f21000 r-xp 00000000 08:01 14419917                   /usr/lib/x86_64-linux-gnu/libopenjp2.so.2.1.0
7f6305f21000-7f6306120000 ---p 00036000 08:01 14419917                   /usr/lib/x86_64-linux-gnu/libopenjp2.so.2.1.0
7f6306120000-7f6306121000 r--p 00035000 08:01 14419917                   /usr/lib/x86_64-linux-gnu/libopenjp2.so.2.1.0
7f6306121000-7f6306122000 rw-p 00036000 08:01 14419917                   /usr/lib/x86_64-linux-gnu/libopenjp2.so.2.1.0
7f6306122000-7f630617b000 r-xp 00000000 08:01 14427151                   /usr/lib/x86_64-linux-gnu/libwebp.so.5.0.4
7f630617b000-7f630637b000 ---p 00059000 08:01 14427151                   /usr/lib/x86_64-linux-gnu/libwebp.so.5.0.4
7f630637b000-7f630637c000 r--p 00059000 08:01 14427151                   /usr/lib/x86_64-linux-gnu/libwebp.so.5.0.4
7f630637c000-7f630637e000 rw-p 0005a000 08:01 14427151                   /usr/lib/x86_64-linux-gnu/libwebp.so.5.0.4
7f630637e000-7f63063ee000 r-xp 00000000 08:01 14420147                   /usr/lib/x86_64-linux-gnu/libtiff.so.5.2.4
7f63063ee000-7f63065ee000 ---p 00070000 08:01 14420147                   /usr/lib/x86_64-linux-gnu/libtiff.so.5.2.4
7f63065ee000-7f63065ef000 r--p 00070000 08:01 14420147                   /usr/lib/x86_64-linux-gnu/libtiff.so.5.2.4
7f63065ef000-7f63065f2000 rw-p 00071000 08:01 14420147                   /usr/lib/x86_64-linux-gnu/libtiff.so.5.2.4
7f63065f2000-7f6306649000 r-xp 00000000 08:01 14426603                   /usr/lib/x86_64-linux-gnu/libjpeg.so.8.0.2
7f6306649000-7f6306849000 ---p 00057000 08:01 14426603                   /usr/lib/x86_64-linux-gnu/libjpeg.so.8.0.2
7f6306849000-7f630684a000 r--p 00057000 08:01 14426603                   /usr/lib/x86_64-linux-gnu/libjpeg.so.8.0.2
7f630684a000-7f630684b000 rw-p 00058000 08:01 14426603                   /usr/lib/x86_64-linux-gnu/libjpeg.so.8.0.2
7f630684b000-7f630686f000 r-xp 00000000 08:01 1708539                    /lib/x86_64-linux-gnu/libpng12.so.0.54.0
7f630686f000-7f6306a6e000 ---p 00024000 08:01 1708539                    /lib/x86_64-linux-gnu/libpng12.so.0.54.0
7f6306a6e000-7f6306a6f000 r--p 00023000 08:01 1708539                    /lib/x86_64-linux-gnu/libpng12.so.0.54.0
7f6306a6f000-7f6306a70000 rw-p 00024000 08:01 1708539                    /lib/x86_64-linux-gnu/libpng12.so.0.54.0
7f6306a70000-7f6306a89000 r-xp 00000000 08:01 1704302                    /lib/x86_64-linux-gnu/libz.so.1.2.8
7f6306a89000-7f6306c88000 ---p 00019000 08:01 1704302                    /lib/x86_64-linux-gnu/libz.so.1.2.8
7f6306c88000-7f6306c89000 r--p 00018000 08:01 1704302                    /lib/x86_64-linux-gnu/libz.so.1.2.8
7f6306c89000-7f6306c8a000 rw-p 00019000 08:01 1704302                    /lib/x86_64-linux-gnu/libz.so.1.2.8
7f6306c8a000-7f6306ca0000 r-xp 00000000 08:01 1708436                    /lib/x86_64-linux-gnu/libgcc_s.so.1
7f6306ca0000-7f6306e9f000 ---p 00016000 08:01 1708436                    /lib/x86_64-linux-gnu/libgcc_s.so.1
7f6306e9f000-7f6306ea0000 rw-p 00015000 08:01 1708436                    /lib/x86_64-linux-gnu/libgcc_s.so.1
7f6306ea0000-7f6307012000 r-xp 00000000 08:01 14420097                   /usr/lib/x86_64-linux-gnu/libstdc++.so.6.0.21
7f6307012000-7f6307212000 ---p 00172000 08:01 14420097                   /usr/lib/x86_64-linux-gnu/libstdc++.so.6.0.21
7f6307212000-7f630721c000 r--p 00172000 08:01 14420097                   /usr/lib/x86_64-linux-gnu/libstdc++.so.6.0.21
7f630721c000-7f630721e000 rw-p 0017c000 08:01 14420097                   /usr/lib/x86_64-linux-gnu/libstdc++.so.6.0.21
7f630721e000-7f6307222000 rw-p 00000000 00:00 0 
7f6307222000-7f630745f000 r-xp 00000000 08:01 14419919                   /usr/lib/liblept.so.5.0.0
7f630745f000-7f630765e000 ---p 0023d000 08:01 14419919                   /usr/lib/liblept.so.5.0.0
7f630765e000-7f630765f000 r--p 0023c000 08:01 14419919                   /usr/lib/liblept.so.5.0.0
7f630765f000-7f6307665000 rw-p 0023d000 08:01 14419919                   /usr/lib/liblept.so.5.0.0
7f6307665000-7f630794e000 r-xp 00000000 08:01 14419921                   /usr/lib/libtesseract.so.3.0.4
7f630794e000-7f6307b4e000 ---p 002e9000 08:01 14419921                   /usr/lib/libtesseract.so.3.0.4
7f6307b4e000-7f6307b52000 r--p 002e9000 08:01 14419921                   /usr/lib/libtesseract.so.3.0.4
7f6307b52000-7f6307b53000 rw-p 002ed000 08:01 14419921                   /usr/lib/libtesseract.so.3.0.4
7f6307b53000-7f6307de7000 rw-p 00000000 00:00 0 
7f6307de7000-7f6307dfe000 r-xp 00000000 08:01 18612987                   /tmp/jna--991722340/jna3556419069290980646.tmp (deleted)
7f6307dfe000-7f6307efd000 ---p 00017000 08:01 18612987                   /tmp/jna--991722340/jna3556419069290980646.tmp (deleted)
7f6307efd000-7f6307eff000 rw-p 00016000 08:01 18612987                   /tmp/jna--991722340/jna3556419069290980646.tmp (deleted)
7f6307eff000-7f6307f00000 ---p 00000000 00:00 0 
7f6307f00000-7f6308000000 rw-p 00000000 00:00 0 
7f6308000000-7f6308021000 rw-p 00000000 00:00 0 
7f6308021000-7f630c000000 ---p 00000000 00:00 0 
7f630c067000-7f630c06a000 ---p 00000000 00:00 0 
7f630c06a000-7f630c168000 rw-p 00000000 00:00 0 
7f630c168000-7f630c16b000 ---p 00000000 00:00 0 
7f630c16b000-7f630c269000 rw-p 00000000 00:00 0 
7f630c269000-7f630c26c000 ---p 00000000 00:00 0 
7f630c26c000-7f630c66b000 rw-p 00000000 00:00 0 
7f630c66b000-7f630c681000 r-xp 00000000 08:01 14688854                   /usr/lib/jvm/java-8-oracle/jre/lib/amd64/libnet.so
7f630c681000-7f630c881000 ---p 00016000 08:01 14688854                   /usr/lib/jvm/java-8-oracle/jre/lib/amd64/libnet.so
7f630c881000-7f630c882000 rw-p 00016000 08:01 14688854                   /usr/lib/jvm/java-8-oracle/jre/lib/amd64/libnet.so
7f630c882000-7f630c885000 ---p 00000000 00:00 0 
7f630c885000-7f630c983000 rw-p 00000000 00:00 0 
7f630c983000-7f630c986000 ---p 00000000 00:00 0 
7f630c986000-7f630ca84000 rw-p 00000000 00:00 0 
7f630ca84000-7f630ca87000 ---p 00000000 00:00 0 
7f630ca87000-7f630cb85000 rw-p 00000000 00:00 0 
7f630cb85000-7f630cf8e000 r--p 00000000 08:01 14440884                   /usr/lib/locale/locale-archive
7f630cf8e000-7f630cf91000 ---p 00000000 00:00 0 
7f630cf91000-7f630d08f000 rw-p 00000000 00:00 0 
7f630d08f000-7f630d092000 ---p 00000000 00:00 0 
7f630d092000-7f630d190000 rw-p 00000000 00:00 0 
7f630d190000-7f630d191000 ---p 00000000 00:00 0 
7f630d191000-7f6310000000 rw-p 00000000 00:00 0 
7f6310000000-7f6310021000 rw-p 00000000 00:00 0 
7f6310021000-7f6314000000 ---p 00000000 00:00 0 
7f6314029000-7f6314033000 r--s 00116000 08:01 14685783                   /usr/lib/jvm/java-8-oracle/jre/lib/ext/localedata.jar
7f6314033000-7f631404f000 r--s 00393000 08:01 14685776                   /usr/lib/jvm/java-8-oracle/jre/lib/ext/cldrdata.jar
7f631404f000-7f6314051000 rwxp 00000000 00:00 0 
7f6314051000-7f6314052000 r--p 00000000 00:00 0 
7f6314052000-7f6314057000 r--s 0009a000 08:01 14685772                   /usr/lib/jvm/java-8-oracle/jre/lib/jsse.jar
7f6314057000-7f6314059000 r--s 0001a000 08:01 2752850                    /home/permmy/idea-IU-171.4249.39/lib/idea_rt.jar
7f6314059000-7f631405b000 r--s 00004000 08:01 11404816                   /home/permmy/.m2/repository/org/slf4j/log4j-over-slf4j/1.7.21/log4j-over-slf4j-1.7.21.jar
7f631405b000-7f631405d000 r--s 00003000 08:01 11404821                   /home/permmy/.m2/repository/org/slf4j/jcl-over-slf4j/1.7.21/jcl-over-slf4j-1.7.21.jar
7f631405d000-7f631405f000 r--s 00000000 08:01 11404817                   /home/permmy/.m2/repository/org/slf4j/jul-to-slf4j/1.7.21/jul-to-slf4j-1.7.21.jar
7f631405f000-7f6314069000 r--s 00069000 08:01 8520315                    /home/permmy/.m2/repository/ch/qos/logback/logback-core/1.1.7/logback-core-1.1.7.jar
7f6314069000-7f6314070000 r--s 00044000 08:01 8520313                    /home/permmy/.m2/repository/ch/qos/logback/logback-classic/1.1.7/logback-classic-1.1.7.jar
7f6314070000-7f6314077000 r--s 00040000 08:01 6948410                    /home/permmy/.m2/repository/cglib/cglib/2.2.2/cglib-2.2.2.jar
7f6314077000-7f631407b000 r--s 00015000 08:01 6948404                    /home/permmy/.m2/repository/org/rococoa/rococoa-core/0.5/rococoa-core-0.5.jar
7f631407b000-7f6314080000 r--s 00229000 08:01 11541521                   /home/permmy/.m2/repository/net/sourceforge/lept4j/lept4j/1.2.3/lept4j-1.2.3.jar
7f6314080000-7f631408c000 r--s 00108000 08:01 11010200                   /home/permmy/.m2/repository/com/lowagie/itext/2.1.7/itext-2.1.7.jar
7f631408c000-7f6314265000 r--s 03d40000 08:01 14683887                   /usr/lib/jvm/java-8-oracle/jre/lib/rt.jar
7f6314265000-7f63143cb000 rw-p 00000000 00:00 0 
7f63143cb000-7f63143cc000 ---p 00000000 00:00 0 
7f63143cc000-7f63144cc000 rw-p 00000000 00:00 0 
7f63144cc000-7f63144cd000 ---p 00000000 00:00 0 
7f63144cd000-7f63145cd000 rw-p 00000000 00:00 0 
7f63145cd000-7f63145ce000 ---p 00000000 00:00 0 
7f63145ce000-7f63146ce000 rw-p 00000000 00:00 0 
7f63146ce000-7f63146cf000 ---p 00000000 00:00 0 
7f63146cf000-7f63147df000 rw-p 00000000 00:00 0 
7f63147df000-7f63148be000 ---p 00000000 00:00 0 
7f63148be000-7f63148ce000 rw-p 00000000 00:00 0 
7f63148ce000-7f63149ac000 ---p 00000000 00:00 0 
7f63149ac000-7f63149bb000 rw-p 00000000 00:00 0 
7f63149bb000-7f6314a24000 ---p 00000000 00:00 0 
7f6314a24000-7f6314a32000 rw-p 00000000 00:00 0 
7f6314a32000-7f6314de5000 ---p 00000000 00:00 0 
7f6314de5000-7f6315105000 rwxp 00000000 00:00 0 
7f6315105000-7f6323de5000 ---p 00000000 00:00 0 
7f6323de5000-7f6323dff000 r-xp 00000000 08:01 14688850                   /usr/lib/jvm/java-8-oracle/jre/lib/amd64/libzip.so
7f6323dff000-7f6323fff000 ---p 0001a000 08:01 14688850                   /usr/lib/jvm/java-8-oracle/jre/lib/amd64/libzip.so
7f6323fff000-7f6324000000 rw-p 0001a000 08:01 14688850                   /usr/lib/jvm/java-8-oracle/jre/lib/amd64/libzip.so
7f6324000000-7f63248fc000 rw-p 00000000 00:00 0 
7f63248fc000-7f6328000000 ---p 00000000 00:00 0 
7f6328000000-7f6328001000 r--s 00009000 08:01 11010201                   /home/permmy/.m2/repository/org/slf4j/slf4j-api/1.7.20/slf4j-api-1.7.20.jar
7f6328001000-7f6328002000 r--s 0000a000 08:01 7212154                    /home/permmy/.m2/repository/asm/asm/3.3.1/asm-3.3.1.jar
7f6328002000-7f6328006000 r--s 0002f000 08:01 11010206                   /home/permmy/.m2/repository/commons-io/commons-io/2.5/commons-io-2.5.jar
7f6328006000-7f6328010000 r--s 00081000 08:01 6948401                    /home/permmy/.m2/repository/org/apache/xmlgraphics/xmlgraphics-commons/1.4/xmlgraphics-commons-1.4.jar
7f6328010000-7f632801e000 r--s 0007f000 08:01 9831038                    /home/permmy/.m2/repository/commons-collections/commons-collections/3.2.1/commons-collections-3.2.1.jar
7f632801e000-7f6328023000 r--s 00035000 08:01 11010196                   /home/permmy/.m2/repository/commons-beanutils/commons-beanutils/1.9.2/commons-beanutils-1.9.2.jar
7f6328023000-7f632802c000 r--s 0006f000 08:01 10750631                   /home/permmy/.m2/repository/log4j/log4j/1.2.17/log4j-1.2.17.jar
7f632802c000-7f6328031000 r--s 00028000 08:01 6948398                    /home/permmy/.m2/repository/org/ghost4j/ghost4j/1.0.1/ghost4j-1.0.1.jar
7f6328031000-7f632803c000 r--s 00088000 08:01 11010202                   /home/permmy/.m2/repository/com/github/jai-imageio/jai-imageio-core/1.3.1/jai-imageio-core-1.3.1.jar
7f632803c000-7f6328040000 r--s 000dc000 08:01 11010204                   /home/permmy/.m2/repository/net/java/dev/jna/jna/4.1.0/jna-4.1.0.jar
7f6328040000-7f6328053000 r--s 00345000 08:01 14685757                   /usr/lib/jvm/java-8-oracle/jre/lib/resources.jar
7f6328053000-7f6328065000 r--s 000d6000 08:01 14683829                   /usr/lib/jvm/java-8-oracle/jre/lib/plugin.jar
7f6328065000-7f632806a000 r--s 0009a000 08:01 14685772                   /usr/lib/jvm/java-8-oracle/jre/lib/jsse.jar
7f632806a000-7f632806f000 r--s 00084000 08:01 14683804                   /usr/lib/jvm/java-8-oracle/jre/lib/jfr.jar
7f632806f000-7f6328079000 r--s 0006c000 08:01 14683814                   /usr/lib/jvm/java-8-oracle/jre/lib/javaws.jar
7f6328079000-7f6328094000 r--s 0020b000 08:01 14683805                   /usr/lib/jvm/java-8-oracle/jre/lib/deploy.jar
7f6328094000-7f63280e3000 rw-p 00000000 00:00 0 
7f63280e3000-7f63280ee000 r-xp 00000000 08:01 1705710                    /lib/x86_64-linux-gnu/libnss_files-2.23.so
7f63280ee000-7f63282ed000 ---p 0000b000 08:01 1705710                    /lib/x86_64-linux-gnu/libnss_files-2.23.so
7f63282ed000-7f63282ee000 r--p 0000a000 08:01 1705710                    /lib/x86_64-linux-gnu/libnss_files-2.23.so
7f63282ee000-7f63282ef000 rw-p 0000b000 08:01 1705710                    /lib/x86_64-linux-gnu/libnss_files-2.23.so
7f63282ef000-7f63282f5000 rw-p 00000000 00:00 0 
7f63282f5000-7f6328300000 r-xp 00000000 08:01 1705716                    /lib/x86_64-linux-gnu/libnss_nis-2.23.so
7f6328300000-7f63284ff000 ---p 0000b000 08:01 1705716                    /lib/x86_64-linux-gnu/libnss_nis-2.23.so
7f63284ff000-7f6328500000 r--p 0000a000 08:01 1705716                    /lib/x86_64-linux-gnu/libnss_nis-2.23.so
7f6328500000-7f6328501000 rw-p 0000b000 08:01 1705716                    /lib/x86_64-linux-gnu/libnss_nis-2.23.so
7f6328501000-7f6328517000 r-xp 00000000 08:01 1703950                    /lib/x86_64-linux-gnu/libnsl-2.23.so
7f6328517000-7f6328716000 ---p 00016000 08:01 1703950                    /lib/x86_64-linux-gnu/libnsl-2.23.so
7f6328716000-7f6328717000 r--p 00015000 08:01 1703950                    /lib/x86_64-linux-gnu/libnsl-2.23.so
7f6328717000-7f6328718000 rw-p 00016000 08:01 1703950                    /lib/x86_64-linux-gnu/libnsl-2.23.so
7f6328718000-7f632871a000 rw-p 00000000 00:00 0 
7f632871a000-7f6328722000 r-xp 00000000 08:01 1705728                    /lib/x86_64-linux-gnu/libnss_compat-2.23.so
7f6328722000-7f6328921000 ---p 00008000 08:01 1705728                    /lib/x86_64-linux-gnu/libnss_compat-2.23.so
7f6328921000-7f6328922000 r--p 00007000 08:01 1705728                    /lib/x86_64-linux-gnu/libnss_compat-2.23.so
7f6328922000-7f6328923000 rw-p 00008000 08:01 1705728                    /lib/x86_64-linux-gnu/libnss_compat-2.23.so
7f6328923000-7f632892d000 r-xp 00000000 08:01 14688859                   /usr/lib/jvm/java-8-oracle/jre/lib/amd64/libinstrument.so
7f632892d000-7f6328b2c000 ---p 0000a000 08:01 14688859                   /usr/lib/jvm/java-8-oracle/jre/lib/amd64/libinstrument.so
7f6328b2c000-7f6328b2d000 rw-p 00009000 08:01 14688859                   /usr/lib/jvm/java-8-oracle/jre/lib/amd64/libinstrument.so
7f6328b2d000-7f6328b58000 r-xp 00000000 08:01 14688844                   /usr/lib/jvm/java-8-oracle/jre/lib/amd64/libjava.so
7f6328b58000-7f6328d57000 ---p 0002b000 08:01 14688844                   /usr/lib/jvm/java-8-oracle/jre/lib/amd64/libjava.so
7f6328d57000-7f6328d59000 rw-p 0002a000 08:01 14688844                   /usr/lib/jvm/java-8-oracle/jre/lib/amd64/libjava.so
7f6328d59000-7f6328d66000 r-xp 00000000 08:01 14688849                   /usr/lib/jvm/java-8-oracle/jre/lib/amd64/libverify.so
7f6328d66000-7f6328f65000 ---p 0000d000 08:01 14688849                   /usr/lib/jvm/java-8-oracle/jre/lib/amd64/libverify.so
7f6328f65000-7f6328f67000 rw-p 0000c000 08:01 14688849                   /usr/lib/jvm/java-8-oracle/jre/lib/amd64/libverify.so
7f6328f67000-7f6328f6e000 r-xp 00000000 08:01 1705720                    /lib/x86_64-linux-gnu/librt-2.23.so
7f6328f6e000-7f632916d000 ---p 00007000 08:01 1705720                    /lib/x86_64-linux-gnu/librt-2.23.so
7f632916d000-7f632916e000 r--p 00006000 08:01 1705720                    /lib/x86_64-linux-gnu/librt-2.23.so
7f632916e000-7f632916f000 rw-p 00007000 08:01 1705720                    /lib/x86_64-linux-gnu/librt-2.23.so
7f632916f000-7f6329277000 r-xp 00000000 08:01 1705739                    /lib/x86_64-linux-gnu/libm-2.23.so
7f6329277000-7f6329476000 ---p 00108000 08:01 1705739                    /lib/x86_64-linux-gnu/libm-2.23.so
7f6329476000-7f6329477000 r--p 00107000 08:01 1705739                    /lib/x86_64-linux-gnu/libm-2.23.so
7f6329477000-7f6329478000 rw-p 00108000 08:01 1705739                    /lib/x86_64-linux-gnu/libm-2.23.so
7f6329478000-7f632a147000 r-xp 00000000 08:01 14814863                   /usr/lib/jvm/java-8-oracle/jre/lib/amd64/server/libjvm.so
7f632a147000-7f632a347000 ---p 00ccf000 08:01 14814863                   /usr/lib/jvm/java-8-oracle/jre/lib/amd64/server/libjvm.so
7f632a347000-7f632a420000 rw-p 00ccf000 08:01 14814863                   /usr/lib/jvm/java-8-oracle/jre/lib/amd64/server/libjvm.so
7f632a420000-7f632a46b000 rw-p 00000000 00:00 0 
7f632a46b000-7f632a62b000 r-xp 00000000 08:01 1705749                    /lib/x86_64-linux-gnu/libc-2.23.so
7f632a62b000-7f632a82b000 ---p 001c0000 08:01 1705749                    /lib/x86_64-linux-gnu/libc-2.23.so
7f632a82b000-7f632a82f000 r--p 001c0000 08:01 1705749                    /lib/x86_64-linux-gnu/libc-2.23.so
7f632a82f000-7f632a831000 rw-p 001c4000 08:01 1705749                    /lib/x86_64-linux-gnu/libc-2.23.so
7f632a831000-7f632a835000 rw-p 00000000 00:00 0 
7f632a835000-7f632a838000 r-xp 00000000 08:01 1705726                    /lib/x86_64-linux-gnu/libdl-2.23.so
7f632a838000-7f632aa37000 ---p 00003000 08:01 1705726                    /lib/x86_64-linux-gnu/libdl-2.23.so
7f632aa37000-7f632aa38000 r--p 00002000 08:01 1705726                    /lib/x86_64-linux-gnu/libdl-2.23.so
7f632aa38000-7f632aa39000 rw-p 00003000 08:01 1705726                    /lib/x86_64-linux-gnu/libdl-2.23.so
7f632aa39000-7f632aa4e000 r-xp 00000000 08:01 14683764                   /usr/lib/jvm/java-8-oracle/lib/amd64/jli/libjli.so
7f632aa4e000-7f632ac4e000 ---p 00015000 08:01 14683764                   /usr/lib/jvm/java-8-oracle/lib/amd64/jli/libjli.so
7f632ac4e000-7f632ac4f000 rw-p 00015000 08:01 14683764                   /usr/lib/jvm/java-8-oracle/lib/amd64/jli/libjli.so
7f632ac4f000-7f632ac67000 r-xp 00000000 08:01 1705714                    /lib/x86_64-linux-gnu/libpthread-2.23.so
7f632ac67000-7f632ae66000 ---p 00018000 08:01 1705714                    /lib/x86_64-linux-gnu/libpthread-2.23.so
7f632ae66000-7f632ae67000 r--p 00017000 08:01 1705714                    /lib/x86_64-linux-gnu/libpthread-2.23.so
7f632ae67000-7f632ae68000 rw-p 00018000 08:01 1705714                    /lib/x86_64-linux-gnu/libpthread-2.23.so
7f632ae68000-7f632ae6c000 rw-p 00000000 00:00 0 
7f632ae6c000-7f632ae92000 r-xp 00000000 08:01 1705704                    /lib/x86_64-linux-gnu/ld-2.23.so
7f632ae92000-7f632ae94000 r--s 0000d000 08:01 9830979                    /home/permmy/.m2/repository/commons-logging/commons-logging/1.1.1/commons-logging-1.1.1.jar
7f632ae94000-7f632ae96000 r--s 02050000 08:01 11541519                   /home/permmy/.m2/repository/net/sourceforge/tess4j/tess4j/3.2.1/tess4j-3.2.1.jar
7f632ae96000-7f632af67000 rw-p 00000000 00:00 0 
7f632af67000-7f632af6a000 ---p 00000000 00:00 0 
7f632af6a000-7f632b06c000 rw-p 00000000 00:00 0 
7f632b06c000-7f632b06d000 r--s 00000000 08:01 14683811                   /usr/lib/jvm/java-8-oracle/jre/lib/management-agent.jar
7f632b06d000-7f632b06f000 r--s 00007000 08:01 14688801                   /usr/lib/jvm/java-8-oracle/jre/lib/jfxswt.jar
7f632b06f000-7f632b072000 r--s 0001a000 08:01 14688799                   /usr/lib/jvm/java-8-oracle/jre/lib/jce.jar
7f632b072000-7f632b077000 r--s 002f9000 08:01 14683885                   /usr/lib/jvm/java-8-oracle/jre/lib/charsets.jar
7f632b077000-7f632b085000 rw-p 00000000 00:00 0 
7f632b085000-7f632b08d000 rw-s 00000000 08:01 18612986                   /tmp/hsperfdata_permmy/7130
7f632b08d000-7f632b08e000 rw-p 00000000 00:00 0 
7f632b08e000-7f632b08f000 r--p 00000000 00:00 0 
7f632b08f000-7f632b091000 rw-p 00000000 00:00 0 
7f632b091000-7f632b092000 r--p 00025000 08:01 1705704                    /lib/x86_64-linux-gnu/ld-2.23.so
7f632b092000-7f632b093000 rw-p 00026000 08:01 1705704                    /lib/x86_64-linux-gnu/ld-2.23.so
7f632b093000-7f632b094000 rw-p 00000000 00:00 0 
7ffcb0996000-7ffcb09b8000 rw-p 00000000 00:00 0                          [stack]
7ffcb09ed000-7ffcb09ef000 r--p 00000000 00:00 0                          [vvar]
7ffcb09ef000-7ffcb09f1000 r-xp 00000000 00:00 0                          [vdso]
ffffffffff600000-ffffffffff601000 r-xp 00000000 00:00 0                  [vsyscall]

VM Arguments:
jvm_args: -javaagent:/home/permmy/idea-IU-171.4249.39/lib/idea_rt.jar=39275:/home/permmy/idea-IU-171.4249.39/bin -Dfile.encoding=UTF-8 
java_command: com.company.Main
java_class_path (initial): /usr/lib/jvm/java-8-oracle/jre/lib/charsets.jar:/usr/lib/jvm/java-8-oracle/jre/lib/deploy.jar:/usr/lib/jvm/java-8-oracle/jre/lib/ext/cldrdata.jar:/usr/lib/jvm/java-8-oracle/jre/lib/ext/dnsns.jar:/usr/lib/jvm/java-8-oracle/jre/lib/ext/jaccess.jar:/usr/lib/jvm/java-8-oracle/jre/lib/ext/jfxrt.jar:/usr/lib/jvm/java-8-oracle/jre/lib/ext/localedata.jar:/usr/lib/jvm/java-8-oracle/jre/lib/ext/nashorn.jar:/usr/lib/jvm/java-8-oracle/jre/lib/ext/sunec.jar:/usr/lib/jvm/java-8-oracle/jre/lib/ext/sunjce_provider.jar:/usr/lib/jvm/java-8-oracle/jre/lib/ext/sunpkcs11.jar:/usr/lib/jvm/java-8-oracle/jre/lib/ext/zipfs.jar:/usr/lib/jvm/java-8-oracle/jre/lib/javaws.jar:/usr/lib/jvm/java-8-oracle/jre/lib/jce.jar:/usr/lib/jvm/java-8-oracle/jre/lib/jfr.jar:/usr/lib/jvm/java-8-oracle/jre/lib/jfxswt.jar:/usr/lib/jvm/java-8-oracle/jre/lib/jsse.jar:/usr/lib/jvm/java-8-oracle/jre/lib/management-agent.jar:/usr/lib/jvm/java-8-oracle/jre/lib/plugin.jar:/usr/lib/jvm/java-8-oracle/jre/lib/resources.jar:/usr/lib/jvm/java-8-oracle/jre/lib/rt.jar:/home/permmy/IdeaProjects/JavaOCR/target/classes:/home/permmy/.m2/repository/net/sourceforge/tess4j/tess4j/3.2.1/tess4j-3.2.1.jar:/home/permmy/.m2/repository/net/java/dev/jna/jna/4.1.0/jna-4.1.0.jar:/home/permmy/.m2/repository/com/github/jai-imageio/jai-imageio-core/1.3.1/jai-imageio-core-1.3.1.jar:/home/permmy/.m2/repository/org/ghost4j/ghost4j/1.0.1/ghost4j-1.0.1.jar:/home/permmy/.m2/repository/log4j/log4j/1.2.17/log4j-1.2.17.jar:/home/permmy/.m2/repository/commons-beanutils/commons-beanutils/1.9.2/commons-beanutils-1.9.2.jar:/home/permmy/.m2/repository/commons-logging/commons-logging/1.1.1/commons-logging-1.1.1.jar:/home/permmy/.m2/repository/commons-collections/commons-collections/3.2.1/commons-collections-3.2.1.jar:/home/permmy/.m2/repository/org/apache/xmlgraphics/xmlgraphics-commons/1.4/xmlgraphics-commons-1.4.jar:/home/permmy/.m2/repository/com/lowagie/itext/2.1.7/itext-2.1.7.jar:/home/permmy/.m2/repository/commons-io/common
Launcher Type: SUN_STANDARD

Environment Variables:
JAVA_HOME=/usr/lib/jvm/java-8-oracle
PATH=/home/permmy/bin:/home/permmy/.local/bin:/usr/local/sbin:/usr/local/bin:/usr/sbin:/usr/bin:/sbin:/bin:/usr/games:/usr/local/games:/snap/bin:/usr/lib/jvm/java-8-oracle/bin:/usr/lib/jvm/java-8-oracle/db/bin:/usr/lib/jvm/java-8-oracle/jre/bin
LD_LIBRARY_PATH=/home/permmy/idea-IU-171.4249.39/bin:
SHELL=/bin/bash
DISPLAY=:1

Signal Handlers:
SIGSEGV: [libjvm.so+0xac8af0], sa_mask[0]=11111111011111111101111111111110, sa_flags=SA_RESTART|SA_SIGINFO
SIGBUS: [libjvm.so+0xac8af0], sa_mask[0]=11111111011111111101111111111110, sa_flags=SA_RESTART|SA_SIGINFO
SIGFPE: [libjvm.so+0x921dd0], sa_mask[0]=11111111011111111101111111111110, sa_flags=SA_RESTART|SA_SIGINFO
SIGPIPE: [libjvm.so+0x921dd0], sa_mask[0]=11111111011111111101111111111110, sa_flags=SA_RESTART|SA_SIGINFO
SIGXFSZ: [libjvm.so+0x921dd0], sa_mask[0]=11111111011111111101111111111110, sa_flags=SA_RESTART|SA_SIGINFO
SIGILL: [libjvm.so+0x921dd0], sa_mask[0]=11111111011111111101111111111110, sa_flags=SA_RESTART|SA_SIGINFO
SIGUSR1: SIG_DFL, sa_mask[0]=00000000000000000000000000000000, sa_flags=none
SIGUSR2: [libjvm.so+0x923610], sa_mask[0]=00100000000000000000000000000000, sa_flags=SA_RESTART|SA_SIGINFO
SIGHUP: [libjvm.so+0x924a10], sa_mask[0]=11111111011111111101111111111110, sa_flags=SA_RESTART|SA_SIGINFO
SIGINT: [libjvm.so+0x924a10], sa_mask[0]=11111111011111111101111111111110, sa_flags=SA_RESTART|SA_SIGINFO
SIGTERM: [libjvm.so+0x924a10], sa_mask[0]=11111111011111111101111111111110, sa_flags=SA_RESTART|SA_SIGINFO
SIGQUIT: [libjvm.so+0x924a10], sa_mask[0]=11111111011111111101111111111110, sa_flags=SA_RESTART|SA_SIGINFO


---------------  S Y S T E M  ---------------

OS:DISTRIB_ID=Ubuntu
DISTRIB_RELEASE=16.04
DISTRIB_CODENAME=xenial
DISTRIB_DESCRIPTION="Ubuntu 16.04.2 LTS"

uname:Linux 4.9.2-040902-generic #201701090331 SMP Mon Jan 9 08:33:19 UTC 2017 x86_64
libc:glibc 2.23 NPTL 2.23 
rlimit: STACK 8192k, CORE 0k, NPROC 11290, NOFILE 65536, AS infinity
load average:1.68 2.11 2.31

/proc/meminfo:
MemTotal:        2932444 kB
MemFree:          115112 kB
MemAvailable:     713744 kB
Buffers:           41380 kB
Cached:           809896 kB
SwapCached:        26344 kB
Active:          1797832 kB
Inactive:         774736 kB
Active(anon):    1440244 kB
Inactive(anon):   432576 kB
Active(file):     357588 kB
Inactive(file):   342160 kB
Unevictable:         112 kB
Mlocked:             112 kB
SwapTotal:       2996220 kB
SwapFree:        1685076 kB
Dirty:             23792 kB
Writeback:             0 kB
AnonPages:       1716024 kB
Mapped:           201360 kB
Shmem:            151608 kB
Slab:             119220 kB
SReclaimable:      67988 kB
SUnreclaim:        51232 kB
KernelStack:       15840 kB
PageTables:        71116 kB
NFS_Unstable:          0 kB
Bounce:                0 kB
WritebackTmp:          0 kB
CommitLimit:     4462440 kB
Committed_AS:   10661356 kB
VmallocTotal:   34359738367 kB
VmallocUsed:           0 kB
VmallocChunk:          0 kB
HardwareCorrupted:     0 kB
AnonHugePages:    362496 kB
ShmemHugePages:        0 kB
ShmemPmdMapped:        0 kB
CmaTotal:              0 kB
CmaFree:               0 kB
HugePages_Total:       0
HugePages_Free:        0
HugePages_Rsvd:        0
HugePages_Surp:        0
Hugepagesize:       2048 kB
DirectMap4k:      114496 kB
DirectMap2M:     2883584 kB


CPU:total 4 (initial active 4) (2 cores per cpu, 2 threads per core) family 6 model 37 stepping 2, cmov, cx8, fxsr, mmx, sse, sse2, sse3, ssse3, sse4.1, sse4.2, popcnt, ht, tsc, tscinvbit

/proc/cpuinfo:
processor	: 0
vendor_id	: GenuineIntel
cpu family	: 6
model		: 37
model name	: Intel(R) Core(TM) i3 CPU       M 350  @ 2.27GHz
stepping	: 2
microcode	: 0x9
cpu MHz		: 2266.000
cache size	: 3072 KB
physical id	: 0
siblings	: 4
core id		: 0
cpu cores	: 2
apicid		: 0
initial apicid	: 0
fpu		: yes
fpu_exception	: yes
cpuid level	: 11
wp		: yes
flags		: fpu vme de pse tsc msr pae mce cx8 apic sep mtrr pge mca cmov pat pse36 clflush dts acpi mmx fxsr sse sse2 ss ht tm pbe syscall nx rdtscp lm constant_tsc arch_perfmon pebs bts rep_good nopl xtopology nonstop_tsc aperfmperf eagerfpu pni dtes64 monitor ds_cpl vmx est tm2 ssse3 cx16 xtpr pdcm sse4_1 sse4_2 popcnt lahf_lm tpr_shadow vnmi flexpriority ept vpid dtherm arat
bugs		:
bogomips	: 4521.71
clflush size	: 64
cache_alignment	: 64
address sizes	: 36 bits physical, 48 bits virtual
power management:

processor	: 1
vendor_id	: GenuineIntel
cpu family	: 6
model		: 37
model name	: Intel(R) Core(TM) i3 CPU       M 350  @ 2.27GHz
stepping	: 2
microcode	: 0x9
cpu MHz		: 2266.000
cache size	: 3072 KB
physical id	: 0
siblings	: 4
core id		: 0
cpu cores	: 2
apicid		: 1
initial apicid	: 1
fpu		: yes
fpu_exception	: yes
cpuid level	: 11
wp		: yes
flags		: fpu vme de pse tsc msr pae mce cx8 apic sep mtrr pge mca cmov pat pse36 clflush dts acpi mmx fxsr sse sse2 ss ht tm pbe syscall nx rdtscp lm constant_tsc arch_perfmon pebs bts rep_good nopl xtopology nonstop_tsc aperfmperf eagerfpu pni dtes64 monitor ds_cpl vmx est tm2 ssse3 cx16 xtpr pdcm sse4_1 sse4_2 popcnt lahf_lm tpr_shadow vnmi flexpriority ept vpid dtherm arat
bugs		:
bogomips	: 4521.87
clflush size	: 64
cache_alignment	: 64
address sizes	: 36 bits physical, 48 bits virtual
power management:

processor	: 2
vendor_id	: GenuineIntel
cpu family	: 6
model		: 37
model name	: Intel(R) Core(TM) i3 CPU       M 350  @ 2.27GHz
stepping	: 2
microcode	: 0x9
cpu MHz		: 2266.000
cache size	: 3072 KB
physical id	: 0
siblings	: 4
core id		: 2
cpu cores	: 2
apicid		: 4
initial apicid	: 4
fpu		: yes
fpu_exception	: yes
cpuid level	: 11
wp		: yes
flags		: fpu vme de pse tsc msr pae mce cx8 apic sep mtrr pge mca cmov pat pse36 clflush dts acpi mmx fxsr sse sse2 ss ht tm pbe syscall nx rdtscp lm constant_tsc arch_perfmon pebs bts rep_good nopl xtopology nonstop_tsc aperfmperf eagerfpu pni dtes64 monitor ds_cpl vmx est tm2 ssse3 cx16 xtpr pdcm sse4_1 sse4_2 popcnt lahf_lm tpr_shadow vnmi flexpriority ept vpid dtherm arat
bugs		:
bogomips	: 4521.90
clflush size	: 64
cache_alignment	: 64
address sizes	: 36 bits physical, 48 bits virtual
power management:

processor	: 3
vendor_id	: GenuineIntel
cpu family	: 6
model		: 37
model name	: Intel(R) Core(TM) i3 CPU       M 350  @ 2.27GHz
stepping	: 2
microcode	: 0x9
cpu MHz		: 2133.000
cache size	: 3072 KB
physical id	: 0
siblings	: 4
core id		: 2
cpu cores	: 2
apicid		: 5
initial apicid	: 5
fpu		: yes
fpu_exception	: yes
cpuid level	: 11
wp		: yes
flags		: fpu vme de pse tsc msr pae mce cx8 apic sep mtrr pge mca cmov pat pse36 clflush dts acpi mmx fxsr sse sse2 ss ht tm pbe syscall nx rdtscp lm constant_tsc arch_perfmon pebs bts rep_good nopl xtopology nonstop_tsc aperfmperf eagerfpu pni dtes64 monitor ds_cpl vmx est tm2 ssse3 cx16 xtpr pdcm sse4_1 sse4_2 popcnt lahf_lm tpr_shadow vnmi flexpriority ept vpid dtherm arat
bugs		:
bogomips	: 4521.90
clflush size	: 64
cache_alignment	: 64
address sizes	: 36 bits physical, 48 bits virtual
power management:



Memory: 4k page, physical 2932444k(115112k free), swap 2996220k(1685076k free)

vm_info: Java HotSpot(TM) 64-Bit Server VM (25.131-b11) for linux-amd64 JRE (1.8.0_131-b11), built on Mar 15 2017 01:23:40 by "java_re" with gcc 4.3.0 20080428 (Red Hat 4.3.0-8)

time: Mon Jul  3 12:47:36 2017
elapsed time: 2 seconds (0d 0h 0m 2s)

