#
# A fatal error has been detected by the Java Runtime Environment:
#
#  SIGSEGV (0xb) at pc=0x00007feec5cd0ac7, pid=6991, tid=0x00007feeed5ce700
#
# JRE version: Java(TM) SE Runtime Environment (8.0_131-b11) (build 1.8.0_131-b11)
# Java VM: Java HotSpot(TM) 64-Bit Server VM (25.131-b11 mixed mode linux-amd64 compressed oops)
# Problematic frame:
# C  [libtesseract.so.3.0.4+0x9dac7]  tesseract::Tesseract::recog_all_words(PAGE_RES*, ETEXT_DESC*, TBOX const*, char const*, int)+0x5e7
#
# Failed to write core dump. Core dumps have been disabled. To enable core dumping, try "ulimit -c unlimited" before starting Java again
#
# If you would like to submit a bug report, please visit:
#   http://bugreport.java.com/bugreport/crash.jsp
# The crash happened outside the Java Virtual Machine in native code.
# See problematic frame for where to report the bug.
#

---------------  T H R E A D  ---------------

Current thread (0x00007feee400c000):  JavaThread "main" [_thread_in_native, id=6993, stack(0x00007feeed4ce000,0x00007feeed5cf000)]

siginfo: si_signo: 11 (SIGSEGV), si_code: 1 (SEGV_MAPERR), si_addr: 0x000000000000000c

Registers:
RAX=0x0000000000000000, RBX=0x00007feeed5cc8b0, RCX=0x0000000000000000, RDX=0x0000000000000000
RSP=0x00007feeed5cc860, RBP=0x00007feee41d6e00, RSI=0x0000000000000000, RDI=0x00007feeed5cc970
R8 =0x0000000000000000, R9 =0x0000000000000000, R10=0x00000000ffff8001, R11=0x00007feeecb68110
R12=0x00007feee494b440, R13=0x0000000000000000, R14=0x0000000000000000, R15=0x00007feee494b440
RIP=0x00007feec5cd0ac7, EFLAGS=0x0000000000010246, CSGSFS=0x002b000000000033, ERR=0x0000000000000004
  TRAPNO=0x000000000000000e

Top of Stack: (sp=0x00007feeed5cc860)
0x00007feeed5cc860:   0000000000000000 0000000000000000
0x00007feeed5cc870:   00007feee49078b0 00007feee4907d00
0x00007feeed5cc880:   00007feee4965fc0 00007feee494a080
0x00007feeed5cc890:   0000000000000000 00007feeed5cc8c0
0x00007feeed5cc8a0:   00007feee49078b0 00007feec5e2c980
0x00007feeed5cc8b0:   00007feee494b440 0000000000000000
0x00007feeed5cc8c0:   0000000000000000 0000000000000000
0x00007feeed5cc8d0:   00007feee4905f80 00007feee4946680
0x00007feeed5cc8e0:   00007feee494a080 00007feee494acb0
0x00007feeed5cc8f0:   00007feee4946680 00007feee494a080
0x00007feeed5cc900:   00007feee494b448 00007feee494a080
0x00007feeed5cc910:   00007feee494a080 00007feee494a080
0x00007feeed5cc920:   00007feee4940000 00007feee494a080
0x00007feeed5cc930:   0000000000000000 00007feee494a0a8
0x00007feeed5cc940:   00007feee4907d00 00007feee4946680
0x00007feeed5cc950:   00007feee4949f90 00007feee41d0000
0x00007feeed5cc960:   00007feee4946680 00007feee494b400
0x00007feeed5cc970:   00007feee49466a0 00007feee494acb0
0x00007feeed5cc980:   00007feee4766170 00007feee494e440
0x00007feeed5cc990:   0000000000000000 00007feee4905f80
0x00007feeed5cc9a0:   0000000000000001 b0ea11a284a59000
0x00007feeed5cc9b0:   0000000000000000 00007feee46c4ca0
0x00007feeed5cc9c0:   00007feeed5cca40 00000000ffffffff
0x00007feeed5cc9d0:   0000000000000000 00007feee494b440
0x00007feeed5cc9e0:   00007feee494b440 00007feec5cbb065
0x00007feeed5cc9f0:   00007feee4660b60 00007feeeca56184
0x00007feeed5cca00:   0000000000000001 b0ea11a284a59000
0x00007feeed5cca10:   000000000000000c 00007feee46c4ca0
0x00007feeed5cca20:   0000000000000001 0000000000000000
0x00007feeed5cca30:   0000000000000001 00007feee4660da0
0x00007feeed5cca40:   00007feeed5cca90 00007feec5cbc33c
0x00007feeed5cca50:   00007feee476a570 b0ea11a284a59000 

Instructions: (pc=0x00007feec5cd0ac7)
0x00007feec5cd0aa7:   13 00 00 41 83 fe 01 0f 84 ec fb ff ff e9 b9 fa
0x00007feec5cd0ab7:   ff ff 0f 1f 80 00 00 00 00 48 8b 85 10 0b 00 00
0x00007feec5cd0ac7:   80 78 0c 00 0f 84 9f fd ff ff 48 89 ef e8 17 82
0x00007feec5cd0ad7:   0f 00 e9 92 fd ff ff 4c 89 e6 48 89 ef e8 e7 8b 

Register to memory mapping:

RAX=0x0000000000000000 is an unknown value
RBX=0x00007feeed5cc8b0 is pointing into the stack for thread: 0x00007feee400c000
RCX=0x0000000000000000 is an unknown value
RDX=0x0000000000000000 is an unknown value
RSP=0x00007feeed5cc860 is pointing into the stack for thread: 0x00007feee400c000
RBP=0x00007feee41d6e00 is an unknown value
RSI=0x0000000000000000 is an unknown value
RDI=0x00007feeed5cc970 is pointing into the stack for thread: 0x00007feee400c000
R8 =0x0000000000000000 is an unknown value
R9 =0x0000000000000000 is an unknown value
R10=0x00000000ffff8001 is an unallocated location in the heap
R11=0x00007feeecb68110: <offset 0x196110> in /lib/x86_64-linux-gnu/libc.so.6 at 0x00007feeec9d2000
R12=0x00007feee494b440 is an unknown value
R13=0x0000000000000000 is an unknown value
R14=0x0000000000000000 is an unknown value
R15=0x00007feee494b440 is an unknown value


Stack: [0x00007feeed4ce000,0x00007feeed5cf000],  sp=0x00007feeed5cc860,  free space=1018k
Native frames: (J=compiled Java code, j=interpreted, Vv=VM code, C=native code)
C  [libtesseract.so.3.0.4+0x9dac7]  tesseract::Tesseract::recog_all_words(PAGE_RES*, ETEXT_DESC*, TBOX const*, char const*, int)+0x5e7

Java frames: (J=compiled Java code, j=interpreted, Vv=VM code)
j  net.sourceforge.tess4j.TessAPI1.TessBaseAPIGetUTF8Text(Lnet/sourceforge/tess4j/ITessAPI$TessBaseAPI;)Lcom/sun/jna/Pointer;+0
j  net.sourceforge.tess4j.Tesseract1.getOCRText(Ljava/lang/String;I)Ljava/lang/String;+46
j  net.sourceforge.tess4j.Tesseract1.doOCR(Ljava/util/List;Ljava/lang/String;Ljava/awt/Rectangle;)Ljava/lang/String;+69
j  net.sourceforge.tess4j.Tesseract1.doOCR(Ljava/io/File;Ljava/awt/Rectangle;)Ljava/lang/String;+10
j  net.sourceforge.tess4j.Tesseract1.doOCR(Ljava/io/File;)Ljava/lang/String;+3
j  com.company.upload.UploadImage.ReadImage()V+26
j  com.company.Main.main([Ljava/lang/String;)V+9
v  ~StubRoutines::call_stub

---------------  P R O C E S S  ---------------

Java Threads: ( => current thread )
  0x00007feee46c6000 JavaThread "Java2D Disposer" daemon [_thread_blocked, id=7018, stack(0x00007fee9a401000,0x00007fee9a502000)]
  0x00007feee4316800 JavaThread "Service Thread" daemon [_thread_blocked, id=7007, stack(0x00007feec65ce000,0x00007feec66cf000)]
  0x00007feee42e1000 JavaThread "C1 CompilerThread2" daemon [_thread_blocked, id=7006, stack(0x00007feec6be7000,0x00007feec6ce8000)]
  0x00007feee42df000 JavaThread "C2 CompilerThread1" daemon [_thread_blocked, id=7005, stack(0x00007feec6ce8000,0x00007feec6de9000)]
  0x00007feee42dd000 JavaThread "C2 CompilerThread0" daemon [_thread_blocked, id=7004, stack(0x00007feec6de9000,0x00007feec6eea000)]
  0x00007feee42db800 JavaThread "Monitor Ctrl-Break" daemon [_thread_in_native, id=7003, stack(0x00007feec6eea000,0x00007feec6feb000)]
  0x00007feee4181000 JavaThread "Signal Dispatcher" daemon [_thread_blocked, id=7002, stack(0x00007feec6feb000,0x00007feec70ec000)]
  0x00007feee414d000 JavaThread "Finalizer" daemon [_thread_blocked, id=7001, stack(0x00007feec74f5000,0x00007feec75f6000)]
  0x00007feee4148800 JavaThread "Reference Handler" daemon [_thread_blocked, id=7000, stack(0x00007feec75f6000,0x00007feec76f7000)]
=>0x00007feee400c000 JavaThread "main" [_thread_in_native, id=6993, stack(0x00007feeed4ce000,0x00007feeed5cf000)]

Other Threads:
  0x00007feee4141000 VMThread [stack: 0x00007feec76f7000,0x00007feec77f8000] [id=6999]
  0x00007feee4319000 WatcherThread [stack: 0x00007feec64cd000,0x00007feec65ce000] [id=7008]

VM state:not at safepoint (normal execution)

VM Mutex/Monitor currently owned by a thread: None

Heap:
 PSYoungGen      total 13824K, used 10342K [0x00000000f1180000, 0x00000000f2080000, 0x0000000100000000)
  eden space 12288K, 71% used [0x00000000f1180000,0x00000000f1a1d858,0x00000000f1d80000)
  from space 1536K, 98% used [0x00000000f1d80000,0x00000000f1efc020,0x00000000f1f00000)
  to   space 1536K, 0% used [0x00000000f1f00000,0x00000000f1f00000,0x00000000f2080000)
 ParOldGen       total 31744K, used 7397K [0x00000000d3400000, 0x00000000d5300000, 0x00000000f1180000)
  object space 31744K, 23% used [0x00000000d3400000,0x00000000d3b39740,0x00000000d5300000)
 Metaspace       used 11117K, capacity 11304K, committed 11392K, reserved 1058816K
  class space    used 1351K, capacity 1402K, committed 1408K, reserved 1048576K

Card table byte_map: [0x00007feee9f08000,0x00007feeea06f000] byte_map_base: 0x00007feee986e000

Marking Bits: (ParMarkBitMap*) 0x00007feeec9a4f60
 Begin Bits: [0x00007feee83b5000, 0x00007feee8ee5000)
 End Bits:   [0x00007feee8ee5000, 0x00007feee9a15000)

Polling page: 0x00007feeed5f5000

CodeCache: size=245760Kb used=3308Kb max_used=3308Kb free=242451Kb
 bounds [0x00007feed5000000, 0x00007feed5340000, 0x00007feee4000000]
 total_blobs=1140 nmethods=764 adapters=291
 compilation: enabled

Compilation events (10 events):
Event: 7.216 Thread 0x00007feee42e1000  760       1       sun.awt.image.ByteInterleavedRaster::getPixelStride (5 bytes)
Event: 7.216 Thread 0x00007feee42e1000 nmethod 760 0x00007feed5339d50 code [0x00007feed5339ea0, 0x00007feed5339fb0]
Event: 7.216 Thread 0x00007feee42e1000  761  s    1       javax.imageio.ImageReader::abortRequested (5 bytes)
Event: 7.216 Thread 0x00007feee42e1000 nmethod 761 0x00007feed533a010 code [0x00007feed533a160, 0x00007feed533a3d0]
Event: 7.220 Thread 0x00007feee42e1000  762  s    3       java.io.ByteArrayOutputStream::write (66 bytes)
Event: 7.222 Thread 0x00007feee42e1000 nmethod 762 0x00007feed533a450 code [0x00007feed533a600, 0x00007feed533ac68]
Event: 7.222 Thread 0x00007feee42e1000  763       3       java.lang.Math::min (12 bytes)
Event: 7.222 Thread 0x00007feee42e1000 nmethod 763 0x00007feed533aed0 code [0x00007feed533b040, 0x00007feed533b1d0]
Event: 7.222 Thread 0x00007feee42e1000  764       3       java.io.RandomAccessFile::readFully (45 bytes)
Event: 7.223 Thread 0x00007feee42e1000 nmethod 764 0x00007feed533b250 code [0x00007feed533b3e0, 0x00007feed533b7b8]

GC Heap History (6 events):
Event: 2.303 GC heap before
{Heap before GC invocations=1 (full 0):
 PSYoungGen      total 13824K, used 12288K [0x00000000f1180000, 0x00000000f2080000, 0x0000000100000000)
  eden space 12288K, 100% used [0x00000000f1180000,0x00000000f1d80000,0x00000000f1d80000)
  from space 1536K, 0% used [0x00000000f1f00000,0x00000000f1f00000,0x00000000f2080000)
  to   space 1536K, 0% used [0x00000000f1d80000,0x00000000f1d80000,0x00000000f1f00000)
 ParOldGen       total 31744K, used 0K [0x00000000d3400000, 0x00000000d5300000, 0x00000000f1180000)
  object space 31744K, 0% used [0x00000000d3400000,0x00000000d3400000,0x00000000d5300000)
 Metaspace       used 6206K, capacity 6320K, committed 6528K, reserved 1056768K
  class space    used 752K, capacity 784K, committed 896K, reserved 1048576K
Event: 2.310 GC heap after
Heap after GC invocations=1 (full 0):
 PSYoungGen      total 13824K, used 1509K [0x00000000f1180000, 0x00000000f2080000, 0x0000000100000000)
  eden space 12288K, 0% used [0x00000000f1180000,0x00000000f1180000,0x00000000f1d80000)
  from space 1536K, 98% used [0x00000000f1d80000,0x00000000f1ef94f0,0x00000000f1f00000)
  to   space 1536K, 0% used [0x00000000f1f00000,0x00000000f1f00000,0x00000000f2080000)
 ParOldGen       total 31744K, used 519K [0x00000000d3400000, 0x00000000d5300000, 0x00000000f1180000)
  object space 31744K, 1% used [0x00000000d3400000,0x00000000d3481fb0,0x00000000d5300000)
 Metaspace       used 6206K, capacity 6320K, committed 6528K, reserved 1056768K
  class space    used 752K, capacity 784K, committed 896K, reserved 1048576K
}
Event: 6.103 GC heap before
{Heap before GC invocations=2 (full 0):
 PSYoungGen      total 13824K, used 12181K [0x00000000f1180000, 0x00000000f2080000, 0x0000000100000000)
  eden space 12288K, 86% used [0x00000000f1180000,0x00000000f1bec1a8,0x00000000f1d80000)
  from space 1536K, 98% used [0x00000000f1d80000,0x00000000f1ef94f0,0x00000000f1f00000)
  to   space 1536K, 0% used [0x00000000f1f00000,0x00000000f1f00000,0x00000000f2080000)
 ParOldGen       total 31744K, used 519K [0x00000000d3400000, 0x00000000d5300000, 0x00000000f1180000)
  object space 31744K, 1% used [0x00000000d3400000,0x00000000d3481fb0,0x00000000d5300000)
 Metaspace       used 9737K, capacity 9890K, committed 10240K, reserved 1058816K
  class space    used 1142K, capacity 1209K, committed 1280K, reserved 1048576K
Event: 6.110 GC heap after
Heap after GC invocations=2 (full 0):
 PSYoungGen      total 13824K, used 1504K [0x00000000f1180000, 0x00000000f2080000, 0x0000000100000000)
  eden space 12288K, 0% used [0x00000000f1180000,0x00000000f1180000,0x00000000f1d80000)
  from space 1536K, 97% used [0x00000000f1f00000,0x00000000f2078010,0x00000000f2080000)
  to   space 1536K, 0% used [0x00000000f1d80000,0x00000000f1d80000,0x00000000f1f00000)
 ParOldGen       total 31744K, used 1496K [0x00000000d3400000, 0x00000000d5300000, 0x00000000f1180000)
  object space 31744K, 4% used [0x00000000d3400000,0x00000000d3576230,0x00000000d5300000)
 Metaspace       used 9737K, capacity 9890K, committed 10240K, reserved 1058816K
  class space    used 1142K, capacity 1209K, committed 1280K, reserved 1048576K
}
Event: 6.986 GC heap before
{Heap before GC invocations=3 (full 0):
 PSYoungGen      total 13824K, used 13792K [0x00000000f1180000, 0x00000000f2080000, 0x0000000100000000)
  eden space 12288K, 100% used [0x00000000f1180000,0x00000000f1d80000,0x00000000f1d80000)
  from space 1536K, 97% used [0x00000000f1f00000,0x00000000f2078010,0x00000000f2080000)
  to   space 1536K, 0% used [0x00000000f1d80000,0x00000000f1d80000,0x00000000f1f00000)
 ParOldGen       total 31744K, used 1496K [0x00000000d3400000, 0x00000000d5300000, 0x00000000f1180000)
  object space 31744K, 4% used [0x00000000d3400000,0x00000000d3576230,0x00000000d5300000)
 Metaspace       used 10854K, capacity 10984K, committed 11136K, reserved 1058816K
  class space    used 1284K, capacity 1338K, committed 1408K, reserved 1048576K
Event: 7.004 GC heap after
Heap after GC invocations=3 (full 0):
 PSYoungGen      total 13824K, used 1520K [0x00000000f1180000, 0x00000000f2080000, 0x0000000100000000)
  eden space 12288K, 0% used [0x00000000f1180000,0x00000000f1180000,0x00000000f1d80000)
  from space 1536K, 98% used [0x00000000f1d80000,0x00000000f1efc020,0x00000000f1f00000)
  to   space 1536K, 0% used [0x00000000f1f00000,0x00000000f1f00000,0x00000000f2080000)
 ParOldGen       total 31744K, used 7397K [0x00000000d3400000, 0x00000000d5300000, 0x00000000f1180000)
  object space 31744K, 23% used [0x00000000d3400000,0x00000000d3b39740,0x00000000d5300000)
 Metaspace       used 10854K, capacity 10984K, committed 11136K, reserved 1058816K
  class space    used 1284K, capacity 1338K, committed 1408K, reserved 1048576K
}

Deoptimization events (2 events):
Event: 2.467 Thread 0x00007feee400c000 Uncommon trap: reason=unstable_if action=reinterpret pc=0x00007feed51a3554 method=java.lang.String.replace(CC)Ljava/lang/String; @ 26
Event: 4.508 Thread 0x00007feee400c000 Uncommon trap: reason=unstable_if action=reinterpret pc=0x00007feed51a5cdc method=sun.misc.MetaIndex.mayContain(Ljava/lang/String;)Z @ 38

Internal exceptions (10 events):
Event: 0.970 Thread 0x00007feee400c000 Exception <a 'java/security/PrivilegedActionException'> (0x00000000f14a19d0) thrown at [/HUDSON/workspace/8-2-build-linux-amd64/jdk8u131/8869/hotspot/src/share/vm/prims/jvm.cpp, line 1390]
Event: 0.971 Thread 0x00007feee400c000 Exception <a 'java/security/PrivilegedActionException'> (0x00000000f14a3e38) thrown at [/HUDSON/workspace/8-2-build-linux-amd64/jdk8u131/8869/hotspot/src/share/vm/prims/jvm.cpp, line 1390]
Event: 0.971 Thread 0x00007feee400c000 Exception <a 'java/security/PrivilegedActionException'> (0x00000000f14a4048) thrown at [/HUDSON/workspace/8-2-build-linux-amd64/jdk8u131/8869/hotspot/src/share/vm/prims/jvm.cpp, line 1390]
Event: 1.439 Thread 0x00007feee400c000 Exception <a 'java/io/FileNotFoundException'> (0x00000000f1648e10) thrown at [/HUDSON/workspace/8-2-build-linux-amd64/jdk8u131/8869/hotspot/src/share/vm/prims/jni.cpp, line 709]
Event: 2.912 Thread 0x00007feee400c000 Exception <a 'java/lang/UnsatisfiedLinkError': libtesseract.so: cannot open shared object file: No such file or directory> (0x00000000f1458c58) thrown at [/HUDSON/workspace/8-2-build-linux-amd64/jdk8u131/8869/hotspot/src/share/vm/prims/jni.cpp, line 735]
Event: 2.912 Thread 0x00007feee400c000 Exception <a 'java/lang/UnsatisfiedLinkError': libtesseract.so: cannot open shared object file: No such file or directory> (0x00000000f1459ed8) thrown at [/HUDSON/workspace/8-2-build-linux-amd64/jdk8u131/8869/hotspot/src/share/vm/prims/jni.cpp, line 735]
Event: 4.810 Thread 0x00007feee400c000 Exception <a 'java/lang/NoSuchFieldError': method resolution failed> (0x00000000f184f260) thrown at [/HUDSON/workspace/8-2-build-linux-amd64/jdk8u131/8869/hotspot/src/share/vm/prims/methodHandles.cpp, line 1146]
Event: 4.822 Thread 0x00007feee400c000 Exception <a 'java/lang/NoSuchFieldError': method resolution failed> (0x00000000f185d1f0) thrown at [/HUDSON/workspace/8-2-build-linux-amd64/jdk8u131/8869/hotspot/src/share/vm/prims/methodHandles.cpp, line 1146]
Event: 5.313 Thread 0x00007feee400c000 Exception <a 'java/io/FileNotFoundException'> (0x00000000f18fc308) thrown at [/HUDSON/workspace/8-2-build-linux-amd64/jdk8u131/8869/hotspot/src/share/vm/prims/jni.cpp, line 709]
Event: 5.313 Thread 0x00007feee400c000 Exception <a 'java/io/FileNotFoundException'> (0x00000000f18fcc90) thrown at [/HUDSON/workspace/8-2-build-linux-amd64/jdk8u131/8869/hotspot/src/share/vm/prims/jni.cpp, line 709]

Events (10 events):
Event: 7.144 loading class java/awt/image/DataBufferUShort
Event: 7.145 loading class java/awt/image/DataBufferUShort done
Event: 7.145 loading class java/awt/image/DataBufferShort
Event: 7.145 loading class java/awt/image/DataBufferShort done
Event: 7.145 loading class java/awt/image/DataBufferInt
Event: 7.161 loading class java/awt/image/DataBufferInt done
Event: 7.235 loading class java/nio/DirectByteBuffer$Deallocator
Event: 7.235 loading class java/nio/DirectByteBuffer$Deallocator done
Event: 7.237 loading class java/lang/StrictMath
Event: 7.237 loading class java/lang/StrictMath done


Dynamic libraries:
00400000-00401000 r-xp 00000000 08:01 14549252                           /usr/lib/jvm/java-8-oracle/bin/java
00600000-00601000 rw-p 00000000 08:01 14549252                           /usr/lib/jvm/java-8-oracle/bin/java
01c1d000-01c3e000 rw-p 00000000 00:00 0                                  [heap]
d3400000-d5300000 rw-p 00000000 00:00 0 
d5300000-f1180000 ---p 00000000 00:00 0 
f1180000-f2080000 rw-p 00000000 00:00 0 
f2080000-100000000 ---p 00000000 00:00 0 
100000000-100160000 rw-p 00000000 00:00 0 
100160000-140000000 ---p 00000000 00:00 0 
7fee90000000-7fee90021000 rw-p 00000000 00:00 0 
7fee90021000-7fee94000000 ---p 00000000 00:00 0 
7fee94000000-7fee94021000 rw-p 00000000 00:00 0 
7fee94021000-7fee98000000 ---p 00000000 00:00 0 
7fee99dd3000-7fee9a1f0000 rw-p 00000000 00:00 0 
7fee9a1f0000-7fee9a201000 r-xp 00000000 08:01 14688857                   /usr/lib/jvm/java-8-oracle/jre/lib/amd64/libnio.so
7fee9a201000-7fee9a400000 ---p 00011000 08:01 14688857                   /usr/lib/jvm/java-8-oracle/jre/lib/amd64/libnio.so
7fee9a400000-7fee9a401000 rw-p 00010000 08:01 14688857                   /usr/lib/jvm/java-8-oracle/jre/lib/amd64/libnio.so
7fee9a401000-7fee9a404000 ---p 00000000 00:00 0 
7fee9a404000-7fee9a502000 rw-p 00000000 00:00 0 
7fee9a502000-7fee9a53d000 r-xp 00000000 08:01 14688807                   /usr/lib/jvm/java-8-oracle/jre/lib/amd64/libjpeg.so
7fee9a53d000-7fee9a73c000 ---p 0003b000 08:01 14688807                   /usr/lib/jvm/java-8-oracle/jre/lib/amd64/libjpeg.so
7fee9a73c000-7fee9a73d000 rw-p 0003a000 08:01 14688807                   /usr/lib/jvm/java-8-oracle/jre/lib/amd64/libjpeg.so
7fee9a73d000-7fee9a8fd000 rw-p 00000000 00:00 0 
7fee9a8fd000-7fee9a93d000 ---p 00000000 00:00 0 
7fee9a93d000-7fee9a942000 r-xp 00000000 08:01 14425880                   /usr/lib/x86_64-linux-gnu/libXdmcp.so.6.0.0
7fee9a942000-7fee9ab41000 ---p 00005000 08:01 14425880                   /usr/lib/x86_64-linux-gnu/libXdmcp.so.6.0.0
7fee9ab41000-7fee9ab42000 r--p 00004000 08:01 14425880                   /usr/lib/x86_64-linux-gnu/libXdmcp.so.6.0.0
7fee9ab42000-7fee9ab43000 rw-p 00005000 08:01 14425880                   /usr/lib/x86_64-linux-gnu/libXdmcp.so.6.0.0
7fee9ab43000-7fee9ab45000 r-xp 00000000 08:01 14425869                   /usr/lib/x86_64-linux-gnu/libXau.so.6.0.0
7fee9ab45000-7fee9ad45000 ---p 00002000 08:01 14425869                   /usr/lib/x86_64-linux-gnu/libXau.so.6.0.0
7fee9ad45000-7fee9ad46000 r--p 00002000 08:01 14425869                   /usr/lib/x86_64-linux-gnu/libXau.so.6.0.0
7fee9ad46000-7fee9ad47000 rw-p 00003000 08:01 14425869                   /usr/lib/x86_64-linux-gnu/libXau.so.6.0.0
7fee9ad47000-7fee9ad68000 r-xp 00000000 08:01 14427247                   /usr/lib/x86_64-linux-gnu/libxcb.so.1.1.0
7fee9ad68000-7fee9af67000 ---p 00021000 08:01 14427247                   /usr/lib/x86_64-linux-gnu/libxcb.so.1.1.0
7fee9af67000-7fee9af68000 r--p 00020000 08:01 14427247                   /usr/lib/x86_64-linux-gnu/libxcb.so.1.1.0
7fee9af68000-7fee9af69000 rw-p 00021000 08:01 14427247                   /usr/lib/x86_64-linux-gnu/libxcb.so.1.1.0
7fee9af69000-7fee9af78000 r-xp 00000000 08:01 14425890                   /usr/lib/x86_64-linux-gnu/libXi.so.6.1.0
7fee9af78000-7fee9b177000 ---p 0000f000 08:01 14425890                   /usr/lib/x86_64-linux-gnu/libXi.so.6.1.0
7fee9b177000-7fee9b178000 r--p 0000e000 08:01 14425890                   /usr/lib/x86_64-linux-gnu/libXi.so.6.1.0
7fee9b178000-7fee9b179000 rw-p 0000f000 08:01 14425890                   /usr/lib/x86_64-linux-gnu/libXi.so.6.1.0
7fee9b179000-7fee9b17e000 r-xp 00000000 08:01 14425908                   /usr/lib/x86_64-linux-gnu/libXtst.so.6.1.0
7fee9b17e000-7fee9b37d000 ---p 00005000 08:01 14425908                   /usr/lib/x86_64-linux-gnu/libXtst.so.6.1.0
7fee9b37d000-7fee9b37e000 r--p 00004000 08:01 14425908                   /usr/lib/x86_64-linux-gnu/libXtst.so.6.1.0
7fee9b37e000-7fee9b37f000 rw-p 00005000 08:01 14425908                   /usr/lib/x86_64-linux-gnu/libXtst.so.6.1.0
7fee9b37f000-7fee9b388000 r-xp 00000000 08:01 14425902                   /usr/lib/x86_64-linux-gnu/libXrender.so.1.3.0
7fee9b388000-7fee9b587000 ---p 00009000 08:01 14425902                   /usr/lib/x86_64-linux-gnu/libXrender.so.1.3.0
7fee9b587000-7fee9b588000 r--p 00008000 08:01 14425902                   /usr/lib/x86_64-linux-gnu/libXrender.so.1.3.0
7fee9b588000-7fee9b589000 rw-p 00009000 08:01 14425902                   /usr/lib/x86_64-linux-gnu/libXrender.so.1.3.0
7fee9b589000-7fee9b6be000 r-xp 00000000 08:01 14425865                   /usr/lib/x86_64-linux-gnu/libX11.so.6.3.0
7fee9b6be000-7fee9b8be000 ---p 00135000 08:01 14425865                   /usr/lib/x86_64-linux-gnu/libX11.so.6.3.0
7fee9b8be000-7fee9b8bf000 r--p 00135000 08:01 14425865                   /usr/lib/x86_64-linux-gnu/libX11.so.6.3.0
7fee9b8bf000-7fee9b8c3000 rw-p 00136000 08:01 14425865                   /usr/lib/x86_64-linux-gnu/libX11.so.6.3.0
7fee9b8c3000-7fee9b8d4000 r-xp 00000000 08:01 14425882                   /usr/lib/x86_64-linux-gnu/libXext.so.6.4.0
7fee9b8d4000-7fee9bad3000 ---p 00011000 08:01 14425882                   /usr/lib/x86_64-linux-gnu/libXext.so.6.4.0
7fee9bad3000-7fee9bad4000 r--p 00010000 08:01 14425882                   /usr/lib/x86_64-linux-gnu/libXext.so.6.4.0
7fee9bad4000-7fee9bad5000 rw-p 00011000 08:01 14425882                   /usr/lib/x86_64-linux-gnu/libXext.so.6.4.0
7fee9bad5000-7fee9bb29000 r-xp 00000000 08:01 14688861                   /usr/lib/jvm/java-8-oracle/jre/lib/amd64/libawt_xawt.so
7fee9bb29000-7fee9bd29000 ---p 00054000 08:01 14688861                   /usr/lib/jvm/java-8-oracle/jre/lib/amd64/libawt_xawt.so
7fee9bd29000-7fee9bd2d000 rw-p 00054000 08:01 14688861                   /usr/lib/jvm/java-8-oracle/jre/lib/amd64/libawt_xawt.so
7fee9bd2d000-7fee9bd2e000 rw-p 00000000 00:00 0 
7fee9bd2e000-7fee9bdd0000 r-xp 00000000 08:01 14688847                   /usr/lib/jvm/java-8-oracle/jre/lib/amd64/libawt.so
7fee9bdd0000-7fee9bfd0000 ---p 000a2000 08:01 14688847                   /usr/lib/jvm/java-8-oracle/jre/lib/amd64/libawt.so
7fee9bfd0000-7fee9bfdc000 rw-p 000a2000 08:01 14688847                   /usr/lib/jvm/java-8-oracle/jre/lib/amd64/libawt.so
7fee9bfdc000-7fee9c000000 rw-p 00000000 00:00 0 
7fee9c000000-7fee9c44f000 rw-p 00000000 00:00 0 
7fee9c44f000-7feea0000000 ---p 00000000 00:00 0 
7feea0000000-7feea0021000 rw-p 00000000 00:00 0 
7feea0021000-7feea4000000 ---p 00000000 00:00 0 
7feea4000000-7feea452b000 rw-p 00000000 00:00 0 
7feea452b000-7feea8000000 ---p 00000000 00:00 0 
7feea8000000-7feea8290000 rw-p 00000000 00:00 0 
7feea8290000-7feeac000000 ---p 00000000 00:00 0 
7feeac000000-7feeac021000 rw-p 00000000 00:00 0 
7feeac021000-7feeb0000000 ---p 00000000 00:00 0 
7feeb0000000-7feeb0021000 rw-p 00000000 00:00 0 
7feeb0021000-7feeb4000000 ---p 00000000 00:00 0 
7feeb4000000-7feeb4021000 rw-p 00000000 00:00 0 
7feeb4021000-7feeb8000000 ---p 00000000 00:00 0 
7feeb8000000-7feeb8021000 rw-p 00000000 00:00 0 
7feeb8021000-7feebc000000 ---p 00000000 00:00 0 
7feebc000000-7feebc021000 rw-p 00000000 00:00 0 
7feebc021000-7feec0000000 ---p 00000000 00:00 0 
7feec0000000-7feec0021000 rw-p 00000000 00:00 0 
7feec0021000-7feec4000000 ---p 00000000 00:00 0 
7feec4089000-7feec4094000 r-xp 00000000 08:01 14426599                   /usr/lib/x86_64-linux-gnu/libjbig.so.0
7feec4094000-7feec4293000 ---p 0000b000 08:01 14426599                   /usr/lib/x86_64-linux-gnu/libjbig.so.0
7feec4293000-7feec4294000 r--p 0000a000 08:01 14426599                   /usr/lib/x86_64-linux-gnu/libjbig.so.0
7feec4294000-7feec4297000 rw-p 0000b000 08:01 14426599                   /usr/lib/x86_64-linux-gnu/libjbig.so.0
7feec4297000-7feec42b8000 r-xp 00000000 08:01 1708465                    /lib/x86_64-linux-gnu/liblzma.so.5.0.0
7feec42b8000-7feec44b7000 ---p 00021000 08:01 1708465                    /lib/x86_64-linux-gnu/liblzma.so.5.0.0
7feec44b7000-7feec44b8000 r--p 00020000 08:01 1708465                    /lib/x86_64-linux-gnu/liblzma.so.5.0.0
7feec44b8000-7feec44b9000 rw-p 00021000 08:01 1708465                    /lib/x86_64-linux-gnu/liblzma.so.5.0.0
7feec44b9000-7feec44ef000 r-xp 00000000 08:01 14419917                   /usr/lib/x86_64-linux-gnu/libopenjp2.so.2.1.0
7feec44ef000-7feec46ee000 ---p 00036000 08:01 14419917                   /usr/lib/x86_64-linux-gnu/libopenjp2.so.2.1.0
7feec46ee000-7feec46ef000 r--p 00035000 08:01 14419917                   /usr/lib/x86_64-linux-gnu/libopenjp2.so.2.1.0
7feec46ef000-7feec46f0000 rw-p 00036000 08:01 14419917                   /usr/lib/x86_64-linux-gnu/libopenjp2.so.2.1.0
7feec46f0000-7feec4749000 r-xp 00000000 08:01 14427151                   /usr/lib/x86_64-linux-gnu/libwebp.so.5.0.4
7feec4749000-7feec4949000 ---p 00059000 08:01 14427151                   /usr/lib/x86_64-linux-gnu/libwebp.so.5.0.4
7feec4949000-7feec494a000 r--p 00059000 08:01 14427151                   /usr/lib/x86_64-linux-gnu/libwebp.so.5.0.4
7feec494a000-7feec494c000 rw-p 0005a000 08:01 14427151                   /usr/lib/x86_64-linux-gnu/libwebp.so.5.0.4
7feec494c000-7feec49bc000 r-xp 00000000 08:01 14420147                   /usr/lib/x86_64-linux-gnu/libtiff.so.5.2.4
7feec49bc000-7feec4bbc000 ---p 00070000 08:01 14420147                   /usr/lib/x86_64-linux-gnu/libtiff.so.5.2.4
7feec4bbc000-7feec4bbd000 r--p 00070000 08:01 14420147                   /usr/lib/x86_64-linux-gnu/libtiff.so.5.2.4
7feec4bbd000-7feec4bc0000 rw-p 00071000 08:01 14420147                   /usr/lib/x86_64-linux-gnu/libtiff.so.5.2.4
7feec4bc0000-7feec4c17000 r-xp 00000000 08:01 14426603                   /usr/lib/x86_64-linux-gnu/libjpeg.so.8.0.2
7feec4c17000-7feec4e17000 ---p 00057000 08:01 14426603                   /usr/lib/x86_64-linux-gnu/libjpeg.so.8.0.2
7feec4e17000-7feec4e18000 r--p 00057000 08:01 14426603                   /usr/lib/x86_64-linux-gnu/libjpeg.so.8.0.2
7feec4e18000-7feec4e19000 rw-p 00058000 08:01 14426603                   /usr/lib/x86_64-linux-gnu/libjpeg.so.8.0.2
7feec4e19000-7feec4e3d000 r-xp 00000000 08:01 1708539                    /lib/x86_64-linux-gnu/libpng12.so.0.54.0
7feec4e3d000-7feec503c000 ---p 00024000 08:01 1708539                    /lib/x86_64-linux-gnu/libpng12.so.0.54.0
7feec503c000-7feec503d000 r--p 00023000 08:01 1708539                    /lib/x86_64-linux-gnu/libpng12.so.0.54.0
7feec503d000-7feec503e000 rw-p 00024000 08:01 1708539                    /lib/x86_64-linux-gnu/libpng12.so.0.54.0
7feec503e000-7feec5057000 r-xp 00000000 08:01 1704302                    /lib/x86_64-linux-gnu/libz.so.1.2.8
7feec5057000-7feec5256000 ---p 00019000 08:01 1704302                    /lib/x86_64-linux-gnu/libz.so.1.2.8
7feec5256000-7feec5257000 r--p 00018000 08:01 1704302                    /lib/x86_64-linux-gnu/libz.so.1.2.8
7feec5257000-7feec5258000 rw-p 00019000 08:01 1704302                    /lib/x86_64-linux-gnu/libz.so.1.2.8
7feec5258000-7feec526e000 r-xp 00000000 08:01 1708436                    /lib/x86_64-linux-gnu/libgcc_s.so.1
7feec526e000-7feec546d000 ---p 00016000 08:01 1708436                    /lib/x86_64-linux-gnu/libgcc_s.so.1
7feec546d000-7feec546e000 rw-p 00015000 08:01 1708436                    /lib/x86_64-linux-gnu/libgcc_s.so.1
7feec546e000-7feec55e0000 r-xp 00000000 08:01 14420097                   /usr/lib/x86_64-linux-gnu/libstdc++.so.6.0.21
7feec55e0000-7feec57e0000 ---p 00172000 08:01 14420097                   /usr/lib/x86_64-linux-gnu/libstdc++.so.6.0.21
7feec57e0000-7feec57ea000 r--p 00172000 08:01 14420097                   /usr/lib/x86_64-linux-gnu/libstdc++.so.6.0.21
7feec57ea000-7feec57ec000 rw-p 0017c000 08:01 14420097                   /usr/lib/x86_64-linux-gnu/libstdc++.so.6.0.21
7feec57ec000-7feec57f0000 rw-p 00000000 00:00 0 
7feec57f0000-7feec5a2d000 r-xp 00000000 08:01 14419919                   /usr/lib/liblept.so.5.0.0
7feec5a2d000-7feec5c2c000 ---p 0023d000 08:01 14419919                   /usr/lib/liblept.so.5.0.0
7feec5c2c000-7feec5c2d000 r--p 0023c000 08:01 14419919                   /usr/lib/liblept.so.5.0.0
7feec5c2d000-7feec5c33000 rw-p 0023d000 08:01 14419919                   /usr/lib/liblept.so.5.0.0
7feec5c33000-7feec5f1c000 r-xp 00000000 08:01 14419921                   /usr/lib/libtesseract.so.3.0.4
7feec5f1c000-7feec611c000 ---p 002e9000 08:01 14419921                   /usr/lib/libtesseract.so.3.0.4
7feec611c000-7feec6120000 r--p 002e9000 08:01 14419921                   /usr/lib/libtesseract.so.3.0.4
7feec6120000-7feec6121000 rw-p 002ed000 08:01 14419921                   /usr/lib/libtesseract.so.3.0.4
7feec6121000-7feec63b5000 rw-p 00000000 00:00 0 
7feec63b5000-7feec63cc000 r-xp 00000000 08:01 18612987                   /tmp/jna--991722340/jna7217399698342995347.tmp (deleted)
7feec63cc000-7feec64cb000 ---p 00017000 08:01 18612987                   /tmp/jna--991722340/jna7217399698342995347.tmp (deleted)
7feec64cb000-7feec64cd000 rw-p 00016000 08:01 18612987                   /tmp/jna--991722340/jna7217399698342995347.tmp (deleted)
7feec64cd000-7feec64ce000 ---p 00000000 00:00 0 
7feec64ce000-7feec65ce000 rw-p 00000000 00:00 0 
7feec65ce000-7feec65d1000 ---p 00000000 00:00 0 
7feec65d1000-7feec69d0000 rw-p 00000000 00:00 0 
7feec69d0000-7feec69e6000 r-xp 00000000 08:01 14688854                   /usr/lib/jvm/java-8-oracle/jre/lib/amd64/libnet.so
7feec69e6000-7feec6be6000 ---p 00016000 08:01 14688854                   /usr/lib/jvm/java-8-oracle/jre/lib/amd64/libnet.so
7feec6be6000-7feec6be7000 rw-p 00016000 08:01 14688854                   /usr/lib/jvm/java-8-oracle/jre/lib/amd64/libnet.so
7feec6be7000-7feec6bea000 ---p 00000000 00:00 0 
7feec6bea000-7feec6ce8000 rw-p 00000000 00:00 0 
7feec6ce8000-7feec6ceb000 ---p 00000000 00:00 0 
7feec6ceb000-7feec6de9000 rw-p 00000000 00:00 0 
7feec6de9000-7feec6dec000 ---p 00000000 00:00 0 
7feec6dec000-7feec6eea000 rw-p 00000000 00:00 0 
7feec6eea000-7feec6eed000 ---p 00000000 00:00 0 
7feec6eed000-7feec6feb000 rw-p 00000000 00:00 0 
7feec6feb000-7feec6fee000 ---p 00000000 00:00 0 
7feec6fee000-7feec70ec000 rw-p 00000000 00:00 0 
7feec70ec000-7feec74f5000 r--p 00000000 08:01 14440884                   /usr/lib/locale/locale-archive
7feec74f5000-7feec74f8000 ---p 00000000 00:00 0 
7feec74f8000-7feec75f6000 rw-p 00000000 00:00 0 
7feec75f6000-7feec75f9000 ---p 00000000 00:00 0 
7feec75f9000-7feec76f7000 rw-p 00000000 00:00 0 
7feec76f7000-7feec76f8000 ---p 00000000 00:00 0 
7feec76f8000-7feec8000000 rw-p 00000000 00:00 0 
7feec8000000-7feec8021000 rw-p 00000000 00:00 0 
7feec8021000-7feecc000000 ---p 00000000 00:00 0 
7feecc000000-7feecc021000 rw-p 00000000 00:00 0 
7feecc021000-7feed0000000 ---p 00000000 00:00 0 
7feed0000000-7feed0021000 rw-p 00000000 00:00 0 
7feed0021000-7feed4000000 ---p 00000000 00:00 0 
7feed4029000-7feed4033000 r--s 00116000 08:01 14685783                   /usr/lib/jvm/java-8-oracle/jre/lib/ext/localedata.jar
7feed4033000-7feed404f000 r--s 00393000 08:01 14685776                   /usr/lib/jvm/java-8-oracle/jre/lib/ext/cldrdata.jar
7feed404f000-7feed4051000 rwxp 00000000 00:00 0 
7feed4051000-7feed4052000 r--p 00000000 00:00 0 
7feed4052000-7feed4057000 r--s 0009a000 08:01 14685772                   /usr/lib/jvm/java-8-oracle/jre/lib/jsse.jar
7feed4057000-7feed4059000 r--s 0001a000 08:01 2752850                    /home/permmy/idea-IU-171.4249.39/lib/idea_rt.jar
7feed4059000-7feed405b000 r--s 00004000 08:01 11404816                   /home/permmy/.m2/repository/org/slf4j/log4j-over-slf4j/1.7.21/log4j-over-slf4j-1.7.21.jar
7feed405b000-7feed405d000 r--s 00003000 08:01 11404821                   /home/permmy/.m2/repository/org/slf4j/jcl-over-slf4j/1.7.21/jcl-over-slf4j-1.7.21.jar
7feed405d000-7feed405f000 r--s 00000000 08:01 11404817                   /home/permmy/.m2/repository/org/slf4j/jul-to-slf4j/1.7.21/jul-to-slf4j-1.7.21.jar
7feed405f000-7feed4069000 r--s 00069000 08:01 8520315                    /home/permmy/.m2/repository/ch/qos/logback/logback-core/1.1.7/logback-core-1.1.7.jar
7feed4069000-7feed4070000 r--s 00044000 08:01 8520313                    /home/permmy/.m2/repository/ch/qos/logback/logback-classic/1.1.7/logback-classic-1.1.7.jar
7feed4070000-7feed4077000 r--s 00040000 08:01 6948410                    /home/permmy/.m2/repository/cglib/cglib/2.2.2/cglib-2.2.2.jar
7feed4077000-7feed407b000 r--s 00015000 08:01 6948404                    /home/permmy/.m2/repository/org/rococoa/rococoa-core/0.5/rococoa-core-0.5.jar
7feed407b000-7feed4080000 r--s 00229000 08:01 11541521                   /home/permmy/.m2/repository/net/sourceforge/lept4j/lept4j/1.2.3/lept4j-1.2.3.jar
7feed4080000-7feed4084000 r--s 0002f000 08:01 11010206                   /home/permmy/.m2/repository/commons-io/commons-io/2.5/commons-io-2.5.jar
7feed4084000-7feed4090000 r--s 00108000 08:01 11010200                   /home/permmy/.m2/repository/com/lowagie/itext/2.1.7/itext-2.1.7.jar
7feed4090000-7feed409a000 r--s 00081000 08:01 6948401                    /home/permmy/.m2/repository/org/apache/xmlgraphics/xmlgraphics-commons/1.4/xmlgraphics-commons-1.4.jar
7feed409a000-7feed40a8000 r--s 0007f000 08:01 9831038                    /home/permmy/.m2/repository/commons-collections/commons-collections/3.2.1/commons-collections-3.2.1.jar
7feed40a8000-7feed40ad000 r--s 00035000 08:01 11010196                   /home/permmy/.m2/repository/commons-beanutils/commons-beanutils/1.9.2/commons-beanutils-1.9.2.jar
7feed40ad000-7feed40b6000 r--s 0006f000 08:01 10750631                   /home/permmy/.m2/repository/log4j/log4j/1.2.17/log4j-1.2.17.jar
7feed40b6000-7feed40bb000 r--s 00028000 08:01 6948398                    /home/permmy/.m2/repository/org/ghost4j/ghost4j/1.0.1/ghost4j-1.0.1.jar
7feed40bb000-7feed40c6000 r--s 00088000 08:01 11010202                   /home/permmy/.m2/repository/com/github/jai-imageio/jai-imageio-core/1.3.1/jai-imageio-core-1.3.1.jar
7feed40c6000-7feed40ca000 r--s 000dc000 08:01 11010204                   /home/permmy/.m2/repository/net/java/dev/jna/jna/4.1.0/jna-4.1.0.jar
7feed40ca000-7feed40dd000 r--s 00345000 08:01 14685757                   /usr/lib/jvm/java-8-oracle/jre/lib/resources.jar
7feed40dd000-7feed40ef000 r--s 000d6000 08:01 14683829                   /usr/lib/jvm/java-8-oracle/jre/lib/plugin.jar
7feed40ef000-7feed40f4000 r--s 0009a000 08:01 14685772                   /usr/lib/jvm/java-8-oracle/jre/lib/jsse.jar
7feed40f4000-7feed40f9000 r--s 00084000 08:01 14683804                   /usr/lib/jvm/java-8-oracle/jre/lib/jfr.jar
7feed40f9000-7feed5000000 rw-p 00000000 00:00 0 
7feed5000000-7feed5340000 rwxp 00000000 00:00 0 
7feed5340000-7feee4000000 ---p 00000000 00:00 0 
7feee4000000-7feee4993000 rw-p 00000000 00:00 0 
7feee4993000-7feee8000000 ---p 00000000 00:00 0 
7feee8000000-7feee8001000 r--s 00009000 08:01 11010201                   /home/permmy/.m2/repository/org/slf4j/slf4j-api/1.7.20/slf4j-api-1.7.20.jar
7feee8001000-7feee8002000 r--s 0000a000 08:01 7212154                    /home/permmy/.m2/repository/asm/asm/3.3.1/asm-3.3.1.jar
7feee8002000-7feee800c000 r--s 0006c000 08:01 14683814                   /usr/lib/jvm/java-8-oracle/jre/lib/javaws.jar
7feee800c000-7feee8027000 r--s 0020b000 08:01 14683805                   /usr/lib/jvm/java-8-oracle/jre/lib/deploy.jar
7feee8027000-7feee8076000 rw-p 00000000 00:00 0 
7feee8076000-7feee824f000 r--s 03d40000 08:01 14683887                   /usr/lib/jvm/java-8-oracle/jre/lib/rt.jar
7feee824f000-7feee9a15000 rw-p 00000000 00:00 0 
7feee9a15000-7feee9a16000 ---p 00000000 00:00 0 
7feee9a16000-7feee9b16000 rw-p 00000000 00:00 0 
7feee9b16000-7feee9b17000 ---p 00000000 00:00 0 
7feee9b17000-7feee9c17000 rw-p 00000000 00:00 0 
7feee9c17000-7feee9c18000 ---p 00000000 00:00 0 
7feee9c18000-7feee9d18000 rw-p 00000000 00:00 0 
7feee9d18000-7feee9d19000 ---p 00000000 00:00 0 
7feee9d19000-7feee9e29000 rw-p 00000000 00:00 0 
7feee9e29000-7feee9f08000 ---p 00000000 00:00 0 
7feee9f08000-7feee9f18000 rw-p 00000000 00:00 0 
7feee9f18000-7feee9ff6000 ---p 00000000 00:00 0 
7feee9ff6000-7feee9fff000 rw-p 00000000 00:00 0 
7feee9fff000-7feeea06e000 ---p 00000000 00:00 0 
7feeea06e000-7feeea07c000 rw-p 00000000 00:00 0 
7feeea07c000-7feeea42f000 ---p 00000000 00:00 0 
7feeea42f000-7feeea449000 r-xp 00000000 08:01 14688850                   /usr/lib/jvm/java-8-oracle/jre/lib/amd64/libzip.so
7feeea449000-7feeea649000 ---p 0001a000 08:01 14688850                   /usr/lib/jvm/java-8-oracle/jre/lib/amd64/libzip.so
7feeea649000-7feeea64a000 rw-p 0001a000 08:01 14688850                   /usr/lib/jvm/java-8-oracle/jre/lib/amd64/libzip.so
7feeea64a000-7feeea655000 r-xp 00000000 08:01 1705710                    /lib/x86_64-linux-gnu/libnss_files-2.23.so
7feeea655000-7feeea854000 ---p 0000b000 08:01 1705710                    /lib/x86_64-linux-gnu/libnss_files-2.23.so
7feeea854000-7feeea855000 r--p 0000a000 08:01 1705710                    /lib/x86_64-linux-gnu/libnss_files-2.23.so
7feeea855000-7feeea856000 rw-p 0000b000 08:01 1705710                    /lib/x86_64-linux-gnu/libnss_files-2.23.so
7feeea856000-7feeea85c000 rw-p 00000000 00:00 0 
7feeea85c000-7feeea867000 r-xp 00000000 08:01 1705716                    /lib/x86_64-linux-gnu/libnss_nis-2.23.so
7feeea867000-7feeeaa66000 ---p 0000b000 08:01 1705716                    /lib/x86_64-linux-gnu/libnss_nis-2.23.so
7feeeaa66000-7feeeaa67000 r--p 0000a000 08:01 1705716                    /lib/x86_64-linux-gnu/libnss_nis-2.23.so
7feeeaa67000-7feeeaa68000 rw-p 0000b000 08:01 1705716                    /lib/x86_64-linux-gnu/libnss_nis-2.23.so
7feeeaa68000-7feeeaa7e000 r-xp 00000000 08:01 1703950                    /lib/x86_64-linux-gnu/libnsl-2.23.so
7feeeaa7e000-7feeeac7d000 ---p 00016000 08:01 1703950                    /lib/x86_64-linux-gnu/libnsl-2.23.so
7feeeac7d000-7feeeac7e000 r--p 00015000 08:01 1703950                    /lib/x86_64-linux-gnu/libnsl-2.23.so
7feeeac7e000-7feeeac7f000 rw-p 00016000 08:01 1703950                    /lib/x86_64-linux-gnu/libnsl-2.23.so
7feeeac7f000-7feeeac81000 rw-p 00000000 00:00 0 
7feeeac81000-7feeeac89000 r-xp 00000000 08:01 1705728                    /lib/x86_64-linux-gnu/libnss_compat-2.23.so
7feeeac89000-7feeeae88000 ---p 00008000 08:01 1705728                    /lib/x86_64-linux-gnu/libnss_compat-2.23.so
7feeeae88000-7feeeae89000 r--p 00007000 08:01 1705728                    /lib/x86_64-linux-gnu/libnss_compat-2.23.so
7feeeae89000-7feeeae8a000 rw-p 00008000 08:01 1705728                    /lib/x86_64-linux-gnu/libnss_compat-2.23.so
7feeeae8a000-7feeeae94000 r-xp 00000000 08:01 14688859                   /usr/lib/jvm/java-8-oracle/jre/lib/amd64/libinstrument.so
7feeeae94000-7feeeb093000 ---p 0000a000 08:01 14688859                   /usr/lib/jvm/java-8-oracle/jre/lib/amd64/libinstrument.so
7feeeb093000-7feeeb094000 rw-p 00009000 08:01 14688859                   /usr/lib/jvm/java-8-oracle/jre/lib/amd64/libinstrument.so
7feeeb094000-7feeeb0bf000 r-xp 00000000 08:01 14688844                   /usr/lib/jvm/java-8-oracle/jre/lib/amd64/libjava.so
7feeeb0bf000-7feeeb2be000 ---p 0002b000 08:01 14688844                   /usr/lib/jvm/java-8-oracle/jre/lib/amd64/libjava.so
7feeeb2be000-7feeeb2c0000 rw-p 0002a000 08:01 14688844                   /usr/lib/jvm/java-8-oracle/jre/lib/amd64/libjava.so
7feeeb2c0000-7feeeb2cd000 r-xp 00000000 08:01 14688849                   /usr/lib/jvm/java-8-oracle/jre/lib/amd64/libverify.so
7feeeb2cd000-7feeeb4cc000 ---p 0000d000 08:01 14688849                   /usr/lib/jvm/java-8-oracle/jre/lib/amd64/libverify.so
7feeeb4cc000-7feeeb4ce000 rw-p 0000c000 08:01 14688849                   /usr/lib/jvm/java-8-oracle/jre/lib/amd64/libverify.so
7feeeb4ce000-7feeeb4d5000 r-xp 00000000 08:01 1705720                    /lib/x86_64-linux-gnu/librt-2.23.so
7feeeb4d5000-7feeeb6d4000 ---p 00007000 08:01 1705720                    /lib/x86_64-linux-gnu/librt-2.23.so
7feeeb6d4000-7feeeb6d5000 r--p 00006000 08:01 1705720                    /lib/x86_64-linux-gnu/librt-2.23.so
7feeeb6d5000-7feeeb6d6000 rw-p 00007000 08:01 1705720                    /lib/x86_64-linux-gnu/librt-2.23.so
7feeeb6d6000-7feeeb7de000 r-xp 00000000 08:01 1705739                    /lib/x86_64-linux-gnu/libm-2.23.so
7feeeb7de000-7feeeb9dd000 ---p 00108000 08:01 1705739                    /lib/x86_64-linux-gnu/libm-2.23.so
7feeeb9dd000-7feeeb9de000 r--p 00107000 08:01 1705739                    /lib/x86_64-linux-gnu/libm-2.23.so
7feeeb9de000-7feeeb9df000 rw-p 00108000 08:01 1705739                    /lib/x86_64-linux-gnu/libm-2.23.so
7feeeb9df000-7feeec6ae000 r-xp 00000000 08:01 14814863                   /usr/lib/jvm/java-8-oracle/jre/lib/amd64/server/libjvm.so
7feeec6ae000-7feeec8ae000 ---p 00ccf000 08:01 14814863                   /usr/lib/jvm/java-8-oracle/jre/lib/amd64/server/libjvm.so
7feeec8ae000-7feeec987000 rw-p 00ccf000 08:01 14814863                   /usr/lib/jvm/java-8-oracle/jre/lib/amd64/server/libjvm.so
7feeec987000-7feeec9d2000 rw-p 00000000 00:00 0 
7feeec9d2000-7feeecb92000 r-xp 00000000 08:01 1705749                    /lib/x86_64-linux-gnu/libc-2.23.so
7feeecb92000-7feeecd92000 ---p 001c0000 08:01 1705749                    /lib/x86_64-linux-gnu/libc-2.23.so
7feeecd92000-7feeecd96000 r--p 001c0000 08:01 1705749                    /lib/x86_64-linux-gnu/libc-2.23.so
7feeecd96000-7feeecd98000 rw-p 001c4000 08:01 1705749                    /lib/x86_64-linux-gnu/libc-2.23.so
7feeecd98000-7feeecd9c000 rw-p 00000000 00:00 0 
7feeecd9c000-7feeecd9f000 r-xp 00000000 08:01 1705726                    /lib/x86_64-linux-gnu/libdl-2.23.so
7feeecd9f000-7feeecf9e000 ---p 00003000 08:01 1705726                    /lib/x86_64-linux-gnu/libdl-2.23.so
7feeecf9e000-7feeecf9f000 r--p 00002000 08:01 1705726                    /lib/x86_64-linux-gnu/libdl-2.23.so
7feeecf9f000-7feeecfa0000 rw-p 00003000 08:01 1705726                    /lib/x86_64-linux-gnu/libdl-2.23.so
7feeecfa0000-7feeecfb5000 r-xp 00000000 08:01 14683764                   /usr/lib/jvm/java-8-oracle/lib/amd64/jli/libjli.so
7feeecfb5000-7feeed1b5000 ---p 00015000 08:01 14683764                   /usr/lib/jvm/java-8-oracle/lib/amd64/jli/libjli.so
7feeed1b5000-7feeed1b6000 rw-p 00015000 08:01 14683764                   /usr/lib/jvm/java-8-oracle/lib/amd64/jli/libjli.so
7feeed1b6000-7feeed1ce000 r-xp 00000000 08:01 1705714                    /lib/x86_64-linux-gnu/libpthread-2.23.so
7feeed1ce000-7feeed3cd000 ---p 00018000 08:01 1705714                    /lib/x86_64-linux-gnu/libpthread-2.23.so
7feeed3cd000-7feeed3ce000 r--p 00017000 08:01 1705714                    /lib/x86_64-linux-gnu/libpthread-2.23.so
7feeed3ce000-7feeed3cf000 rw-p 00018000 08:01 1705714                    /lib/x86_64-linux-gnu/libpthread-2.23.so
7feeed3cf000-7feeed3d3000 rw-p 00000000 00:00 0 
7feeed3d3000-7feeed3f9000 r-xp 00000000 08:01 1705704                    /lib/x86_64-linux-gnu/ld-2.23.so
7feeed3f9000-7feeed3fb000 r--s 0000d000 08:01 9830979                    /home/permmy/.m2/repository/commons-logging/commons-logging/1.1.1/commons-logging-1.1.1.jar
7feeed3fb000-7feeed3fd000 r--s 02050000 08:01 11541519                   /home/permmy/.m2/repository/net/sourceforge/tess4j/tess4j/3.2.1/tess4j-3.2.1.jar
7feeed3fd000-7feeed4ce000 rw-p 00000000 00:00 0 
7feeed4ce000-7feeed4d1000 ---p 00000000 00:00 0 
7feeed4d1000-7feeed5d3000 rw-p 00000000 00:00 0 
7feeed5d3000-7feeed5d4000 r--s 00000000 08:01 14683811                   /usr/lib/jvm/java-8-oracle/jre/lib/management-agent.jar
7feeed5d4000-7feeed5d6000 r--s 00007000 08:01 14688801                   /usr/lib/jvm/java-8-oracle/jre/lib/jfxswt.jar
7feeed5d6000-7feeed5d9000 r--s 0001a000 08:01 14688799                   /usr/lib/jvm/java-8-oracle/jre/lib/jce.jar
7feeed5d9000-7feeed5de000 r--s 002f9000 08:01 14683885                   /usr/lib/jvm/java-8-oracle/jre/lib/charsets.jar
7feeed5de000-7feeed5ec000 rw-p 00000000 00:00 0 
7feeed5ec000-7feeed5f4000 rw-s 00000000 08:01 18612986                   /tmp/hsperfdata_permmy/6991
7feeed5f4000-7feeed5f5000 rw-p 00000000 00:00 0 
7feeed5f5000-7feeed5f6000 r--p 00000000 00:00 0 
7feeed5f6000-7feeed5f8000 rw-p 00000000 00:00 0 
7feeed5f8000-7feeed5f9000 r--p 00025000 08:01 1705704                    /lib/x86_64-linux-gnu/ld-2.23.so
7feeed5f9000-7feeed5fa000 rw-p 00026000 08:01 1705704                    /lib/x86_64-linux-gnu/ld-2.23.so
7feeed5fa000-7feeed5fb000 rw-p 00000000 00:00 0 
7ffdf1cf7000-7ffdf1d19000 rw-p 00000000 00:00 0                          [stack]
7ffdf1ddf000-7ffdf1de1000 r--p 00000000 00:00 0                          [vvar]
7ffdf1de1000-7ffdf1de3000 r-xp 00000000 00:00 0                          [vdso]
ffffffffff600000-ffffffffff601000 r-xp 00000000 00:00 0                  [vsyscall]

VM Arguments:
jvm_args: -javaagent:/home/permmy/idea-IU-171.4249.39/lib/idea_rt.jar=44667:/home/permmy/idea-IU-171.4249.39/bin -Dfile.encoding=UTF-8 
java_command: com.company.Main
java_class_path (initial): /usr/lib/jvm/java-8-oracle/jre/lib/charsets.jar:/usr/lib/jvm/java-8-oracle/jre/lib/deploy.jar:/usr/lib/jvm/java-8-oracle/jre/lib/ext/cldrdata.jar:/usr/lib/jvm/java-8-oracle/jre/lib/ext/dnsns.jar:/usr/lib/jvm/java-8-oracle/jre/lib/ext/jaccess.jar:/usr/lib/jvm/java-8-oracle/jre/lib/ext/jfxrt.jar:/usr/lib/jvm/java-8-oracle/jre/lib/ext/localedata.jar:/usr/lib/jvm/java-8-oracle/jre/lib/ext/nashorn.jar:/usr/lib/jvm/java-8-oracle/jre/lib/ext/sunec.jar:/usr/lib/jvm/java-8-oracle/jre/lib/ext/sunjce_provider.jar:/usr/lib/jvm/java-8-oracle/jre/lib/ext/sunpkcs11.jar:/usr/lib/jvm/java-8-oracle/jre/lib/ext/zipfs.jar:/usr/lib/jvm/java-8-oracle/jre/lib/javaws.jar:/usr/lib/jvm/java-8-oracle/jre/lib/jce.jar:/usr/lib/jvm/java-8-oracle/jre/lib/jfr.jar:/usr/lib/jvm/java-8-oracle/jre/lib/jfxswt.jar:/usr/lib/jvm/java-8-oracle/jre/lib/jsse.jar:/usr/lib/jvm/java-8-oracle/jre/lib/management-agent.jar:/usr/lib/jvm/java-8-oracle/jre/lib/plugin.jar:/usr/lib/jvm/java-8-oracle/jre/lib/resources.jar:/usr/lib/jvm/java-8-oracle/jre/lib/rt.jar:/home/permmy/IdeaProjects/JavaOCR/target/classes:/home/permmy/.m2/repository/net/sourceforge/tess4j/tess4j/3.2.1/tess4j-3.2.1.jar:/home/permmy/.m2/repository/net/java/dev/jna/jna/4.1.0/jna-4.1.0.jar:/home/permmy/.m2/repository/com/github/jai-imageio/jai-imageio-core/1.3.1/jai-imageio-core-1.3.1.jar:/home/permmy/.m2/repository/org/ghost4j/ghost4j/1.0.1/ghost4j-1.0.1.jar:/home/permmy/.m2/repository/log4j/log4j/1.2.17/log4j-1.2.17.jar:/home/permmy/.m2/repository/commons-beanutils/commons-beanutils/1.9.2/commons-beanutils-1.9.2.jar:/home/permmy/.m2/repository/commons-logging/commons-logging/1.1.1/commons-logging-1.1.1.jar:/home/permmy/.m2/repository/commons-collections/commons-collections/3.2.1/commons-collections-3.2.1.jar:/home/permmy/.m2/repository/org/apache/xmlgraphics/xmlgraphics-commons/1.4/xmlgraphics-commons-1.4.jar:/home/permmy/.m2/repository/com/lowagie/itext/2.1.7/itext-2.1.7.jar:/home/permmy/.m2/repository/commons-io/common
Launcher Type: SUN_STANDARD

Environment Variables:
JAVA_HOME=/usr/lib/jvm/java-8-oracle
PATH=/home/permmy/bin:/home/permmy/.local/bin:/usr/local/sbin:/usr/local/bin:/usr/sbin:/usr/bin:/sbin:/bin:/usr/games:/usr/local/games:/snap/bin:/usr/lib/jvm/java-8-oracle/bin:/usr/lib/jvm/java-8-oracle/db/bin:/usr/lib/jvm/java-8-oracle/jre/bin
LD_LIBRARY_PATH=/home/permmy/idea-IU-171.4249.39/bin:
SHELL=/bin/bash
DISPLAY=:1

Signal Handlers:
SIGSEGV: [libjvm.so+0xac8af0], sa_mask[0]=11111111011111111101111111111110, sa_flags=SA_RESTART|SA_SIGINFO
SIGBUS: [libjvm.so+0xac8af0], sa_mask[0]=11111111011111111101111111111110, sa_flags=SA_RESTART|SA_SIGINFO
SIGFPE: [libjvm.so+0x921dd0], sa_mask[0]=11111111011111111101111111111110, sa_flags=SA_RESTART|SA_SIGINFO
SIGPIPE: [libjvm.so+0x921dd0], sa_mask[0]=11111111011111111101111111111110, sa_flags=SA_RESTART|SA_SIGINFO
SIGXFSZ: [libjvm.so+0x921dd0], sa_mask[0]=11111111011111111101111111111110, sa_flags=SA_RESTART|SA_SIGINFO
SIGILL: [libjvm.so+0x921dd0], sa_mask[0]=11111111011111111101111111111110, sa_flags=SA_RESTART|SA_SIGINFO
SIGUSR1: SIG_DFL, sa_mask[0]=00000000000000000000000000000000, sa_flags=none
SIGUSR2: [libjvm.so+0x923610], sa_mask[0]=00100000000000000000000000000000, sa_flags=SA_RESTART|SA_SIGINFO
SIGHUP: [libjvm.so+0x924a10], sa_mask[0]=11111111011111111101111111111110, sa_flags=SA_RESTART|SA_SIGINFO
SIGINT: [libjvm.so+0x924a10], sa_mask[0]=11111111011111111101111111111110, sa_flags=SA_RESTART|SA_SIGINFO
SIGTERM: [libjvm.so+0x924a10], sa_mask[0]=11111111011111111101111111111110, sa_flags=SA_RESTART|SA_SIGINFO
SIGQUIT: [libjvm.so+0x924a10], sa_mask[0]=11111111011111111101111111111110, sa_flags=SA_RESTART|SA_SIGINFO


---------------  S Y S T E M  ---------------

OS:DISTRIB_ID=Ubuntu
DISTRIB_RELEASE=16.04
DISTRIB_CODENAME=xenial
DISTRIB_DESCRIPTION="Ubuntu 16.04.2 LTS"

uname:Linux 4.9.2-040902-generic #201701090331 SMP Mon Jan 9 08:33:19 UTC 2017 x86_64
libc:glibc 2.23 NPTL 2.23 
rlimit: STACK 8192k, CORE 0k, NPROC 11290, NOFILE 65536, AS infinity
load average:3.72 2.67 2.51

/proc/meminfo:
MemTotal:        2932444 kB
MemFree:           69932 kB
MemAvailable:     694228 kB
Buffers:           52388 kB
Cached:           829892 kB
SwapCached:        26292 kB
Active:          1860400 kB
Inactive:         755676 kB
Active(anon):    1494672 kB
Inactive(anon):   396272 kB
Active(file):     365728 kB
Inactive(file):   359404 kB
Unevictable:         112 kB
Mlocked:             112 kB
SwapTotal:       2996220 kB
SwapFree:        1682964 kB
Dirty:             36204 kB
Writeback:             0 kB
AnonPages:       1728724 kB
Mapped:           181904 kB
Shmem:            156920 kB
Slab:             119952 kB
SReclaimable:      68552 kB
SUnreclaim:        51400 kB
KernelStack:       16096 kB
PageTables:        71212 kB
NFS_Unstable:          0 kB
Bounce:                0 kB
WritebackTmp:          0 kB
CommitLimit:     4462440 kB
Committed_AS:   10659412 kB
VmallocTotal:   34359738367 kB
VmallocUsed:           0 kB
VmallocChunk:          0 kB
HardwareCorrupted:     0 kB
AnonHugePages:    366592 kB
ShmemHugePages:        0 kB
ShmemPmdMapped:        0 kB
CmaTotal:              0 kB
CmaFree:               0 kB
HugePages_Total:       0
HugePages_Free:        0
HugePages_Rsvd:        0
HugePages_Surp:        0
Hugepagesize:       2048 kB
DirectMap4k:      110400 kB
DirectMap2M:     2887680 kB


CPU:total 4 (initial active 4) (2 cores per cpu, 2 threads per core) family 6 model 37 stepping 2, cmov, cx8, fxsr, mmx, sse, sse2, sse3, ssse3, sse4.1, sse4.2, popcnt, ht, tsc, tscinvbit

/proc/cpuinfo:
processor	: 0
vendor_id	: GenuineIntel
cpu family	: 6
model		: 37
model name	: Intel(R) Core(TM) i3 CPU       M 350  @ 2.27GHz
stepping	: 2
microcode	: 0x9
cpu MHz		: 2266.000
cache size	: 3072 KB
physical id	: 0
siblings	: 4
core id		: 0
cpu cores	: 2
apicid		: 0
initial apicid	: 0
fpu		: yes
fpu_exception	: yes
cpuid level	: 11
wp		: yes
flags		: fpu vme de pse tsc msr pae mce cx8 apic sep mtrr pge mca cmov pat pse36 clflush dts acpi mmx fxsr sse sse2 ss ht tm pbe syscall nx rdtscp lm constant_tsc arch_perfmon pebs bts rep_good nopl xtopology nonstop_tsc aperfmperf eagerfpu pni dtes64 monitor ds_cpl vmx est tm2 ssse3 cx16 xtpr pdcm sse4_1 sse4_2 popcnt lahf_lm tpr_shadow vnmi flexpriority ept vpid dtherm arat
bugs		:
bogomips	: 4521.71
clflush size	: 64
cache_alignment	: 64
address sizes	: 36 bits physical, 48 bits virtual
power management:

processor	: 1
vendor_id	: GenuineIntel
cpu family	: 6
model		: 37
model name	: Intel(R) Core(TM) i3 CPU       M 350  @ 2.27GHz
stepping	: 2
microcode	: 0x9
cpu MHz		: 2266.000
cache size	: 3072 KB
physical id	: 0
siblings	: 4
core id		: 0
cpu cores	: 2
apicid		: 1
initial apicid	: 1
fpu		: yes
fpu_exception	: yes
cpuid level	: 11
wp		: yes
flags		: fpu vme de pse tsc msr pae mce cx8 apic sep mtrr pge mca cmov pat pse36 clflush dts acpi mmx fxsr sse sse2 ss ht tm pbe syscall nx rdtscp lm constant_tsc arch_perfmon pebs bts rep_good nopl xtopology nonstop_tsc aperfmperf eagerfpu pni dtes64 monitor ds_cpl vmx est tm2 ssse3 cx16 xtpr pdcm sse4_1 sse4_2 popcnt lahf_lm tpr_shadow vnmi flexpriority ept vpid dtherm arat
bugs		:
bogomips	: 4521.87
clflush size	: 64
cache_alignment	: 64
address sizes	: 36 bits physical, 48 bits virtual
power management:

processor	: 2
vendor_id	: GenuineIntel
cpu family	: 6
model		: 37
model name	: Intel(R) Core(TM) i3 CPU       M 350  @ 2.27GHz
stepping	: 2
microcode	: 0x9
cpu MHz		: 2266.000
cache size	: 3072 KB
physical id	: 0
siblings	: 4
core id		: 2
cpu cores	: 2
apicid		: 4
initial apicid	: 4
fpu		: yes
fpu_exception	: yes
cpuid level	: 11
wp		: yes
flags		: fpu vme de pse tsc msr pae mce cx8 apic sep mtrr pge mca cmov pat pse36 clflush dts acpi mmx fxsr sse sse2 ss ht tm pbe syscall nx rdtscp lm constant_tsc arch_perfmon pebs bts rep_good nopl xtopology nonstop_tsc aperfmperf eagerfpu pni dtes64 monitor ds_cpl vmx est tm2 ssse3 cx16 xtpr pdcm sse4_1 sse4_2 popcnt lahf_lm tpr_shadow vnmi flexpriority ept vpid dtherm arat
bugs		:
bogomips	: 4521.90
clflush size	: 64
cache_alignment	: 64
address sizes	: 36 bits physical, 48 bits virtual
power management:

processor	: 3
vendor_id	: GenuineIntel
cpu family	: 6
model		: 37
model name	: Intel(R) Core(TM) i3 CPU       M 350  @ 2.27GHz
stepping	: 2
microcode	: 0x9
cpu MHz		: 2266.000
cache size	: 3072 KB
physical id	: 0
siblings	: 4
core id		: 2
cpu cores	: 2
apicid		: 5
initial apicid	: 5
fpu		: yes
fpu_exception	: yes
cpuid level	: 11
wp		: yes
flags		: fpu vme de pse tsc msr pae mce cx8 apic sep mtrr pge mca cmov pat pse36 clflush dts acpi mmx fxsr sse sse2 ss ht tm pbe syscall nx rdtscp lm constant_tsc arch_perfmon pebs bts rep_good nopl xtopology nonstop_tsc aperfmperf eagerfpu pni dtes64 monitor ds_cpl vmx est tm2 ssse3 cx16 xtpr pdcm sse4_1 sse4_2 popcnt lahf_lm tpr_shadow vnmi flexpriority ept vpid dtherm arat
bugs		:
bogomips	: 4521.90
clflush size	: 64
cache_alignment	: 64
address sizes	: 36 bits physical, 48 bits virtual
power management:



Memory: 4k page, physical 2932444k(69932k free), swap 2996220k(1682964k free)

vm_info: Java HotSpot(TM) 64-Bit Server VM (25.131-b11) for linux-amd64 JRE (1.8.0_131-b11), built on Mar 15 2017 01:23:40 by "java_re" with gcc 4.3.0 20080428 (Red Hat 4.3.0-8)

time: Mon Jul  3 12:43:58 2017
elapsed time: 7 seconds (0d 0h 0m 7s)

