#
# A fatal error has been detected by the Java Runtime Environment:
#
#  SIGSEGV (0xb) at pc=0x00007fecf5a04ac7, pid=7393, tid=0x00007fed3ef40700
#
# JRE version: Java(TM) SE Runtime Environment (8.0_131-b11) (build 1.8.0_131-b11)
# Java VM: Java HotSpot(TM) 64-Bit Server VM (25.131-b11 mixed mode linux-amd64 compressed oops)
# Problematic frame:
# C  [libtesseract.so.3.0.4+0x9dac7]  tesseract::Tesseract::recog_all_words(PAGE_RES*, ETEXT_DESC*, TBOX const*, char const*, int)+0x5e7
#
# Failed to write core dump. Core dumps have been disabled. To enable core dumping, try "ulimit -c unlimited" before starting Java again
#
# If you would like to submit a bug report, please visit:
#   http://bugreport.java.com/bugreport/crash.jsp
# The crash happened outside the Java Virtual Machine in native code.
# See problematic frame for where to report the bug.
#

---------------  T H R E A D  ---------------

Current thread (0x00007fed3800c000):  JavaThread "main" [_thread_in_native, id=7394, stack(0x00007fed3ee40000,0x00007fed3ef41000)]

siginfo: si_signo: 11 (SIGSEGV), si_code: 1 (SEGV_MAPERR), si_addr: 0x000000000000000c

Registers:
RAX=0x0000000000000000, RBX=0x00007fed3ef3e6d0, RCX=0x0000000000000000, RDX=0x0000000000000000
RSP=0x00007fed3ef3e680, RBP=0x00007fed3874b2f0, RSI=0x0000000000000000, RDI=0x00007fed3ef3e790
R8 =0x0000000000000000, R9 =0x0000000000000000, R10=0x00000000ffff8001, R11=0x00007fed3e4da110
R12=0x00007fed3898f2f0, R13=0x0000000000000000, R14=0x0000000000000000, R15=0x00007fed3898f2f0
RIP=0x00007fecf5a04ac7, EFLAGS=0x0000000000010246, CSGSFS=0x002b000000000033, ERR=0x0000000000000004
  TRAPNO=0x000000000000000e

Top of Stack: (sp=0x00007fed3ef3e680)
0x00007fed3ef3e680:   0000000000000000 0000000000000000
0x00007fed3ef3e690:   00007fed387e39e0 00007fed387e3e30
0x00007fed3ef3e6a0:   00007fed389a9ee0 00007fed3898df30
0x00007fed3ef3e6b0:   0000000000000000 00007fed3ef3e6e0
0x00007fed3ef3e6c0:   00007fed387e39e0 00007fecf5b60980
0x00007fed3ef3e6d0:   00007fed3898f2f0 0000000000000000
0x00007fed3ef3e6e0:   0000000000000000 0000000000000000
0x00007fed3ef3e6f0:   00007fed38949df0 00007fed3898a5e0
0x00007fed3ef3e700:   00007fed3898df30 00007fed3898eb60
0x00007fed3ef3e710:   00007fed3898a5e0 00007fed3898df30
0x00007fed3ef3e720:   00007fed3898f2f8 00007fed3898df30
0x00007fed3ef3e730:   00007fed3898df30 00007fed3898df30
0x00007fed3ef3e740:   00007fed38980000 00007fed3898df30
0x00007fed3ef3e750:   0000000000000000 00007fed3898df58
0x00007fed3ef3e760:   00007fed387e3e30 00007fed3898a5e0
0x00007fed3ef3e770:   00007fed3898de40 00007fed38740000
0x00007fed3ef3e780:   00007fed3898a5e0 00007fed3898f300
0x00007fed3ef3e790:   00007fed3898a600 00007fed3898eb60
0x00007fed3ef3e7a0:   00007fed389922f0 00007fed38989180
0x00007fed3ef3e7b0:   0000000000000000 00007fed38949df0
0x00007fed3ef3e7c0:   0000000000000001 54e44ea116816700
0x00007fed3ef3e7d0:   0000000000000000 00007fed38700810
0x00007fed3ef3e7e0:   00007fed3ef3e860 00000000ffffffff
0x00007fed3ef3e7f0:   0000000000000000 00007fed3898f2f0
0x00007fed3ef3e800:   00007fed3898f2f0 00007fecf59ef065
0x00007fed3ef3e810:   00007fed3ef3e890 00007fed28bdb040
0x00007fed3ef3e820:   00007fed3ef3e801 54e44ea116816700
0x00007fed3ef3e830:   0000000000000016 00007fed38700810
0x00007fed3ef3e840:   0000000000000001 0000000000000000
0x00007fed3ef3e850:   0000000000000001 00007fed3ef3f2a0
0x00007fed3ef3e860:   00007fed3ef3e8b0 00007fecf59f033c
0x00007fed3ef3e870:   0000000000000000 54e44ea116816700 

Instructions: (pc=0x00007fecf5a04ac7)
0x00007fecf5a04aa7:   13 00 00 41 83 fe 01 0f 84 ec fb ff ff e9 b9 fa
0x00007fecf5a04ab7:   ff ff 0f 1f 80 00 00 00 00 48 8b 85 10 0b 00 00
0x00007fecf5a04ac7:   80 78 0c 00 0f 84 9f fd ff ff 48 89 ef e8 17 82
0x00007fecf5a04ad7:   0f 00 e9 92 fd ff ff 4c 89 e6 48 89 ef e8 e7 8b 

Register to memory mapping:

RAX=0x0000000000000000 is an unknown value
RBX=0x00007fed3ef3e6d0 is pointing into the stack for thread: 0x00007fed3800c000
RCX=0x0000000000000000 is an unknown value
RDX=0x0000000000000000 is an unknown value
RSP=0x00007fed3ef3e680 is pointing into the stack for thread: 0x00007fed3800c000
RBP=0x00007fed3874b2f0 is an unknown value
RSI=0x0000000000000000 is an unknown value
RDI=0x00007fed3ef3e790 is pointing into the stack for thread: 0x00007fed3800c000
R8 =0x0000000000000000 is an unknown value
R9 =0x0000000000000000 is an unknown value
R10=0x00000000ffff8001 is an unallocated location in the heap
R11=0x00007fed3e4da110: <offset 0x196110> in /lib/x86_64-linux-gnu/libc.so.6 at 0x00007fed3e344000
R12=0x00007fed3898f2f0 is an unknown value
R13=0x0000000000000000 is an unknown value
R14=0x0000000000000000 is an unknown value
R15=0x00007fed3898f2f0 is an unknown value


Stack: [0x00007fed3ee40000,0x00007fed3ef41000],  sp=0x00007fed3ef3e680,  free space=1017k
Native frames: (J=compiled Java code, j=interpreted, Vv=VM code, C=native code)
C  [libtesseract.so.3.0.4+0x9dac7]  tesseract::Tesseract::recog_all_words(PAGE_RES*, ETEXT_DESC*, TBOX const*, char const*, int)+0x5e7

Java frames: (J=compiled Java code, j=interpreted, Vv=VM code)
j  com.sun.jna.Native.invokePointer(JI[Ljava/lang/Object;)J+0
j  com.sun.jna.Function.invokePointer(I[Ljava/lang/Object;)Lcom/sun/jna/Pointer;+6
j  com.sun.jna.Function.invoke([Ljava/lang/Object;Ljava/lang/Class;Z)Ljava/lang/Object;+426
j  com.sun.jna.Function.invoke(Ljava/lang/Class;[Ljava/lang/Object;Ljava/util/Map;)Ljava/lang/Object;+262
j  com.sun.jna.Library$Handler.invoke(Ljava/lang/Object;Ljava/lang/reflect/Method;[Ljava/lang/Object;)Ljava/lang/Object;+316
j  com.sun.proxy.$Proxy0.TessBaseAPIGetUTF8Text(Lnet/sourceforge/tess4j/ITessAPI$TessBaseAPI;)Lcom/sun/jna/Pointer;+16
j  net.sourceforge.tess4j.Tesseract.getOCRText(Ljava/lang/String;I)Ljava/lang/String;+62
j  net.sourceforge.tess4j.Tesseract.doOCR(Ljava/util/List;Ljava/lang/String;Ljava/awt/Rectangle;)Ljava/lang/String;+69
j  net.sourceforge.tess4j.Tesseract.doOCR(Ljava/io/File;Ljava/awt/Rectangle;)Ljava/lang/String;+10
j  net.sourceforge.tess4j.Tesseract.doOCR(Ljava/io/File;)Ljava/lang/String;+3
j  com.company.upload.UploadImage.ReadImage()V+42
j  com.company.Main.main([Ljava/lang/String;)V+9
v  ~StubRoutines::call_stub

---------------  P R O C E S S  ---------------

Java Threads: ( => current thread )
  0x00007fed38433000 JavaThread "Java2D Disposer" daemon [_thread_blocked, id=7428, stack(0x00007fed20068000,0x00007fed20169000)]
  0x00007fed382fe800 JavaThread "Service Thread" daemon [_thread_blocked, id=7426, stack(0x00007fed20290000,0x00007fed20391000)]
  0x00007fed382e1000 JavaThread "C1 CompilerThread2" daemon [_thread_blocked, id=7425, stack(0x00007fed205a8000,0x00007fed206a9000)]
  0x00007fed382df000 JavaThread "C2 CompilerThread1" daemon [_thread_blocked, id=7424, stack(0x00007fed206a9000,0x00007fed207aa000)]
  0x00007fed382dd000 JavaThread "C2 CompilerThread0" daemon [_thread_blocked, id=7423, stack(0x00007fed207aa000,0x00007fed208ab000)]
  0x00007fed382db800 JavaThread "Monitor Ctrl-Break" daemon [_thread_in_native, id=7422, stack(0x00007fed208ab000,0x00007fed209ac000)]
  0x00007fed38181000 JavaThread "Signal Dispatcher" daemon [_thread_blocked, id=7419, stack(0x00007fed209ac000,0x00007fed20aad000)]
  0x00007fed3814d000 JavaThread "Finalizer" daemon [_thread_blocked, id=7413, stack(0x00007fed20eb6000,0x00007fed20fb7000)]
  0x00007fed38148800 JavaThread "Reference Handler" daemon [_thread_blocked, id=7411, stack(0x00007fed20fb7000,0x00007fed210b8000)]
=>0x00007fed3800c000 JavaThread "main" [_thread_in_native, id=7394, stack(0x00007fed3ee40000,0x00007fed3ef41000)]

Other Threads:
  0x00007fed38141000 VMThread [stack: 0x00007fed210b8000,0x00007fed211b9000] [id=7409]
  0x00007fed38301000 WatcherThread [stack: 0x00007fed2018f000,0x00007fed20290000] [id=7427]

VM state:not at safepoint (normal execution)

VM Mutex/Monitor currently owned by a thread: None

Heap:
 PSYoungGen      total 13824K, used 8786K [0x00000000f1180000, 0x00000000f2080000, 0x0000000100000000)
  eden space 12288K, 59% used [0x00000000f1180000,0x00000000f189ca40,0x00000000f1d80000)
  from space 1536K, 97% used [0x00000000f1d80000,0x00000000f1ef8020,0x00000000f1f00000)
  to   space 1536K, 0% used [0x00000000f1f00000,0x00000000f1f00000,0x00000000f2080000)
 ParOldGen       total 31744K, used 5760K [0x00000000d3400000, 0x00000000d5300000, 0x00000000f1180000)
  object space 31744K, 18% used [0x00000000d3400000,0x00000000d39a00b8,0x00000000d5300000)
 Metaspace       used 11222K, capacity 11406K, committed 11520K, reserved 1058816K
  class space    used 1367K, capacity 1435K, committed 1536K, reserved 1048576K

Card table byte_map: [0x00007fed3c067000,0x00007fed3c1ce000] byte_map_base: 0x00007fed3b9cd000

Marking Bits: (ParMarkBitMap*) 0x00007fed3e316f60
 Begin Bits: [0x00007fed229a0000, 0x00007fed234d0000)
 End Bits:   [0x00007fed234d0000, 0x00007fed24000000)

Polling page: 0x00007fed3ef67000

CodeCache: size=245760Kb used=3328Kb max_used=3339Kb free=242431Kb
 bounds [0x00007fed28bd3000, 0x00007fed28f23000, 0x00007fed37bd3000]
 total_blobs=1172 nmethods=794 adapters=293
 compilation: enabled

Compilation events (10 events):
Event: 7.510 Thread 0x00007fed382e1000 nmethod 790 0x00007fed28f0ed50 code [0x00007fed28f0eec0, 0x00007fed28f0f050]
Event: 7.510 Thread 0x00007fed382e1000  791       3       java.io.RandomAccessFile::readFully (45 bytes)
Event: 7.511 Thread 0x00007fed382e1000 nmethod 791 0x00007fed28f0f0d0 code [0x00007fed28f0f260, 0x00007fed28f0f638]
Event: 7.536 Thread 0x00007fed382dd000 nmethod 754 0x00007fed28f14090 code [0x00007fed28f143e0, 0x00007fed28f15df0]
Event: 7.586 Thread 0x00007fed382e1000  792       3       sun.reflect.ClassFileAssembler::emitShort (24 bytes)
Event: 7.587 Thread 0x00007fed382e1000 nmethod 792 0x00007fed28f139d0 code [0x00007fed28f13b60, 0x00007fed28f13e98]
Event: 7.587 Thread 0x00007fed382e1000  793       3       java.lang.StringBuilder::append (8 bytes)
Event: 7.587 Thread 0x00007fed382e1000 nmethod 793 0x00007fed28f13650 code [0x00007fed28f137c0, 0x00007fed28f13948]
Event: 7.587 Thread 0x00007fed382e1000  794       3       java.lang.AbstractStringBuilder::append (62 bytes)
Event: 7.588 Thread 0x00007fed382e1000 nmethod 794 0x00007fed28f12650 code [0x00007fed28f12860, 0x00007fed28f13178]

GC Heap History (6 events):
Event: 3.806 GC heap before
{Heap before GC invocations=1 (full 0):
 PSYoungGen      total 13824K, used 12286K [0x00000000f1180000, 0x00000000f2080000, 0x0000000100000000)
  eden space 12288K, 99% used [0x00000000f1180000,0x00000000f1d7fa80,0x00000000f1d80000)
  from space 1536K, 0% used [0x00000000f1f00000,0x00000000f1f00000,0x00000000f2080000)
  to   space 1536K, 0% used [0x00000000f1d80000,0x00000000f1d80000,0x00000000f1f00000)
 ParOldGen       total 31744K, used 0K [0x00000000d3400000, 0x00000000d5300000, 0x00000000f1180000)
  object space 31744K, 0% used [0x00000000d3400000,0x00000000d3400000,0x00000000d5300000)
 Metaspace       used 6223K, capacity 6320K, committed 6528K, reserved 1056768K
  class space    used 755K, capacity 784K, committed 896K, reserved 1048576K
Event: 3.814 GC heap after
Heap after GC invocations=1 (full 0):
 PSYoungGen      total 13824K, used 1509K [0x00000000f1180000, 0x00000000f2080000, 0x0000000100000000)
  eden space 12288K, 0% used [0x00000000f1180000,0x00000000f1180000,0x00000000f1d80000)
  from space 1536K, 98% used [0x00000000f1d80000,0x00000000f1ef94f0,0x00000000f1f00000)
  to   space 1536K, 0% used [0x00000000f1f00000,0x00000000f1f00000,0x00000000f2080000)
 ParOldGen       total 31744K, used 515K [0x00000000d3400000, 0x00000000d5300000, 0x00000000f1180000)
  object space 31744K, 1% used [0x00000000d3400000,0x00000000d3480d38,0x00000000d5300000)
 Metaspace       used 6223K, capacity 6320K, committed 6528K, reserved 1056768K
  class space    used 755K, capacity 784K, committed 896K, reserved 1048576K
}
Event: 6.104 GC heap before
{Heap before GC invocations=2 (full 0):
 PSYoungGen      total 13824K, used 13797K [0x00000000f1180000, 0x00000000f2080000, 0x0000000100000000)
  eden space 12288K, 100% used [0x00000000f1180000,0x00000000f1d80000,0x00000000f1d80000)
  from space 1536K, 98% used [0x00000000f1d80000,0x00000000f1ef94f0,0x00000000f1f00000)
  to   space 1536K, 0% used [0x00000000f1f00000,0x00000000f1f00000,0x00000000f2080000)
 ParOldGen       total 31744K, used 515K [0x00000000d3400000, 0x00000000d5300000, 0x00000000f1180000)
  object space 31744K, 1% used [0x00000000d3400000,0x00000000d3480d38,0x00000000d5300000)
 Metaspace       used 9823K, capacity 9954K, committed 10240K, reserved 1058816K
  class space    used 1142K, capacity 1209K, committed 1280K, reserved 1048576K
Event: 6.115 GC heap after
Heap after GC invocations=2 (full 0):
 PSYoungGen      total 13824K, used 1504K [0x00000000f1180000, 0x00000000f2080000, 0x0000000100000000)
  eden space 12288K, 0% used [0x00000000f1180000,0x00000000f1180000,0x00000000f1d80000)
  from space 1536K, 97% used [0x00000000f1f00000,0x00000000f2078020,0x00000000f2080000)
  to   space 1536K, 0% used [0x00000000f1d80000,0x00000000f1d80000,0x00000000f1f00000)
 ParOldGen       total 31744K, used 5147K [0x00000000d3400000, 0x00000000d5300000, 0x00000000f1180000)
  object space 31744K, 16% used [0x00000000d3400000,0x00000000d3906f30,0x00000000d5300000)
 Metaspace       used 9823K, capacity 9954K, committed 10240K, reserved 1058816K
  class space    used 1142K, capacity 1209K, committed 1280K, reserved 1048576K
}
Event: 7.445 GC heap before
{Heap before GC invocations=3 (full 0):
 PSYoungGen      total 13824K, used 13792K [0x00000000f1180000, 0x00000000f2080000, 0x0000000100000000)
  eden space 12288K, 100% used [0x00000000f1180000,0x00000000f1d80000,0x00000000f1d80000)
  from space 1536K, 97% used [0x00000000f1f00000,0x00000000f2078020,0x00000000f2080000)
  to   space 1536K, 0% used [0x00000000f1d80000,0x00000000f1d80000,0x00000000f1f00000)
 ParOldGen       total 31744K, used 5147K [0x00000000d3400000, 0x00000000d5300000, 0x00000000f1180000)
  object space 31744K, 16% used [0x00000000d3400000,0x00000000d3906f30,0x00000000d5300000)
 Metaspace       used 11108K, capacity 11272K, committed 11520K, reserved 1058816K
  class space    used 1341K, capacity 1434K, committed 1536K, reserved 1048576K
Event: 7.450 GC heap after
Heap after GC invocations=3 (full 0):
 PSYoungGen      total 13824K, used 1504K [0x00000000f1180000, 0x00000000f2080000, 0x0000000100000000)
  eden space 12288K, 0% used [0x00000000f1180000,0x00000000f1180000,0x00000000f1d80000)
  from space 1536K, 97% used [0x00000000f1d80000,0x00000000f1ef8020,0x00000000f1f00000)
  to   space 1536K, 0% used [0x00000000f1f00000,0x00000000f1f00000,0x00000000f2080000)
 ParOldGen       total 31744K, used 5760K [0x00000000d3400000, 0x00000000d5300000, 0x00000000f1180000)
  object space 31744K, 18% used [0x00000000d3400000,0x00000000d39a00b8,0x00000000d5300000)
 Metaspace       used 11108K, capacity 11272K, committed 11520K, reserved 1058816K
  class space    used 1341K, capacity 1434K, committed 1536K, reserved 1048576K
}

Deoptimization events (3 events):
Event: 4.282 Thread 0x00007fed3800c000 Uncommon trap: reason=unstable_if action=reinterpret pc=0x00007fed28d861d4 method=java.lang.String.replace(CC)Ljava/lang/String; @ 26
Event: 4.381 Thread 0x00007fed3800c000 Uncommon trap: reason=unstable_if action=reinterpret pc=0x00007fed28d6195c method=sun.misc.MetaIndex.mayContain(Ljava/lang/String;)Z @ 38
Event: 6.886 Thread 0x00007fed3800c000 Uncommon trap: reason=unstable_if action=reinterpret pc=0x00007fed28e75864 method=java.util.HashMap.getNode(ILjava/lang/Object;)Ljava/util/HashMap$Node; @ 129

Internal exceptions (10 events):
Event: 1.804 Thread 0x00007fed3800c000 Exception <a 'java/security/PrivilegedActionException'> (0x00000000f1487510) thrown at [/HUDSON/workspace/8-2-build-linux-amd64/jdk8u131/8869/hotspot/src/share/vm/prims/jvm.cpp, line 1390]
Event: 1.805 Thread 0x00007fed3800c000 Exception <a 'java/security/PrivilegedActionException'> (0x00000000f1489978) thrown at [/HUDSON/workspace/8-2-build-linux-amd64/jdk8u131/8869/hotspot/src/share/vm/prims/jvm.cpp, line 1390]
Event: 1.805 Thread 0x00007fed3800c000 Exception <a 'java/security/PrivilegedActionException'> (0x00000000f1489b88) thrown at [/HUDSON/workspace/8-2-build-linux-amd64/jdk8u131/8869/hotspot/src/share/vm/prims/jvm.cpp, line 1390]
Event: 2.132 Thread 0x00007fed3800c000 Exception <a 'java/io/FileNotFoundException'> (0x00000000f1630140) thrown at [/HUDSON/workspace/8-2-build-linux-amd64/jdk8u131/8869/hotspot/src/share/vm/prims/jni.cpp, line 709]
Event: 4.647 Thread 0x00007fed3800c000 Exception <a 'java/lang/NoSuchFieldError': method resolution failed> (0x00000000f141ffe8) thrown at [/HUDSON/workspace/8-2-build-linux-amd64/jdk8u131/8869/hotspot/src/share/vm/prims/methodHandles.cpp, line 1146]
Event: 4.672 Thread 0x00007fed3800c000 Exception <a 'java/lang/NoSuchFieldError': method resolution failed> (0x00000000f142df78) thrown at [/HUDSON/workspace/8-2-build-linux-amd64/jdk8u131/8869/hotspot/src/share/vm/prims/methodHandles.cpp, line 1146]
Event: 4.943 Thread 0x00007fed3800c000 Exception <a 'java/io/FileNotFoundException'> (0x00000000f14cc4f0) thrown at [/HUDSON/workspace/8-2-build-linux-amd64/jdk8u131/8869/hotspot/src/share/vm/prims/jni.cpp, line 709]
Event: 4.943 Thread 0x00007fed3800c000 Exception <a 'java/io/FileNotFoundException'> (0x00000000f14cce78) thrown at [/HUDSON/workspace/8-2-build-linux-amd64/jdk8u131/8869/hotspot/src/share/vm/prims/jni.cpp, line 709]
Event: 6.055 Thread 0x00007fed3800c000 Exception <a 'java/lang/UnsatisfiedLinkError': libtesseract.so: cannot open shared object file: No such file or directory> (0x00000000f1cd2210) thrown at [/HUDSON/workspace/8-2-build-linux-amd64/jdk8u131/8869/hotspot/src/share/vm/prims/jni.cpp, line 735]
Event: 6.055 Thread 0x00007fed3800c000 Exception <a 'java/lang/UnsatisfiedLinkError': libtesseract.so: cannot open shared object file: No such file or directory> (0x00000000f1cd3490) thrown at [/HUDSON/workspace/8-2-build-linux-amd64/jdk8u131/8869/hotspot/src/share/vm/prims/jni.cpp, line 735]

Events (10 events):
Event: 7.477 loading class java/awt/image/DataBufferShort
Event: 7.477 loading class java/awt/image/DataBufferShort done
Event: 7.478 loading class java/awt/image/DataBufferInt
Event: 7.481 loading class java/awt/image/DataBufferInt done
Event: 7.520 loading class java/nio/DirectByteBuffer$Deallocator
Event: 7.521 loading class java/nio/DirectByteBuffer$Deallocator done
Event: 7.522 loading class java/lang/StrictMath
Event: 7.523 loading class java/lang/StrictMath done
Event: 7.528 loading class com/sun/jna/Native$Buffers
Event: 7.528 loading class com/sun/jna/Native$Buffers done


Dynamic libraries:
00400000-00401000 r-xp 00000000 08:01 14549252                           /usr/lib/jvm/java-8-oracle/bin/java
00600000-00601000 rw-p 00000000 08:01 14549252                           /usr/lib/jvm/java-8-oracle/bin/java
017e6000-01807000 rw-p 00000000 00:00 0                                  [heap]
d3400000-d5300000 rw-p 00000000 00:00 0 
d5300000-f1180000 ---p 00000000 00:00 0 
f1180000-f2080000 rw-p 00000000 00:00 0 
f2080000-100000000 ---p 00000000 00:00 0 
100000000-100180000 rw-p 00000000 00:00 0 
100180000-140000000 ---p 00000000 00:00 0 
7fece3765000-7fece39bf000 rw-p 00000000 00:00 0 
7fece39bf000-7fece39d0000 r-xp 00000000 08:01 14688857                   /usr/lib/jvm/java-8-oracle/jre/lib/amd64/libnio.so
7fece39d0000-7fece3bcf000 ---p 00011000 08:01 14688857                   /usr/lib/jvm/java-8-oracle/jre/lib/amd64/libnio.so
7fece3bcf000-7fece3bd0000 rw-p 00010000 08:01 14688857                   /usr/lib/jvm/java-8-oracle/jre/lib/amd64/libnio.so
7fece3bd0000-7fece3bdb000 r-xp 00000000 08:01 14426599                   /usr/lib/x86_64-linux-gnu/libjbig.so.0
7fece3bdb000-7fece3dda000 ---p 0000b000 08:01 14426599                   /usr/lib/x86_64-linux-gnu/libjbig.so.0
7fece3dda000-7fece3ddb000 r--p 0000a000 08:01 14426599                   /usr/lib/x86_64-linux-gnu/libjbig.so.0
7fece3ddb000-7fece3dde000 rw-p 0000b000 08:01 14426599                   /usr/lib/x86_64-linux-gnu/libjbig.so.0
7fece3dde000-7fece3dff000 r-xp 00000000 08:01 1708465                    /lib/x86_64-linux-gnu/liblzma.so.5.0.0
7fece3dff000-7fece3ffe000 ---p 00021000 08:01 1708465                    /lib/x86_64-linux-gnu/liblzma.so.5.0.0
7fece3ffe000-7fece3fff000 r--p 00020000 08:01 1708465                    /lib/x86_64-linux-gnu/liblzma.so.5.0.0
7fece3fff000-7fece4000000 rw-p 00021000 08:01 1708465                    /lib/x86_64-linux-gnu/liblzma.so.5.0.0
7fece4000000-7fece4021000 rw-p 00000000 00:00 0 
7fece4021000-7fece8000000 ---p 00000000 00:00 0 
7fece8000000-7fece8021000 rw-p 00000000 00:00 0 
7fece8021000-7fecec000000 ---p 00000000 00:00 0 
7fecec000000-7fecec021000 rw-p 00000000 00:00 0 
7fecec021000-7fecf0000000 ---p 00000000 00:00 0 
7fecf0000000-7fecf0447000 rw-p 00000000 00:00 0 
7fecf0447000-7fecf4000000 ---p 00000000 00:00 0 
7fecf402a000-7fecf41ed000 rw-p 00000000 00:00 0 
7fecf41ed000-7fecf4223000 r-xp 00000000 08:01 14419917                   /usr/lib/x86_64-linux-gnu/libopenjp2.so.2.1.0
7fecf4223000-7fecf4422000 ---p 00036000 08:01 14419917                   /usr/lib/x86_64-linux-gnu/libopenjp2.so.2.1.0
7fecf4422000-7fecf4423000 r--p 00035000 08:01 14419917                   /usr/lib/x86_64-linux-gnu/libopenjp2.so.2.1.0
7fecf4423000-7fecf4424000 rw-p 00036000 08:01 14419917                   /usr/lib/x86_64-linux-gnu/libopenjp2.so.2.1.0
7fecf4424000-7fecf447d000 r-xp 00000000 08:01 14427151                   /usr/lib/x86_64-linux-gnu/libwebp.so.5.0.4
7fecf447d000-7fecf467d000 ---p 00059000 08:01 14427151                   /usr/lib/x86_64-linux-gnu/libwebp.so.5.0.4
7fecf467d000-7fecf467e000 r--p 00059000 08:01 14427151                   /usr/lib/x86_64-linux-gnu/libwebp.so.5.0.4
7fecf467e000-7fecf4680000 rw-p 0005a000 08:01 14427151                   /usr/lib/x86_64-linux-gnu/libwebp.so.5.0.4
7fecf4680000-7fecf46f0000 r-xp 00000000 08:01 14420147                   /usr/lib/x86_64-linux-gnu/libtiff.so.5.2.4
7fecf46f0000-7fecf48f0000 ---p 00070000 08:01 14420147                   /usr/lib/x86_64-linux-gnu/libtiff.so.5.2.4
7fecf48f0000-7fecf48f1000 r--p 00070000 08:01 14420147                   /usr/lib/x86_64-linux-gnu/libtiff.so.5.2.4
7fecf48f1000-7fecf48f4000 rw-p 00071000 08:01 14420147                   /usr/lib/x86_64-linux-gnu/libtiff.so.5.2.4
7fecf48f4000-7fecf494b000 r-xp 00000000 08:01 14426603                   /usr/lib/x86_64-linux-gnu/libjpeg.so.8.0.2
7fecf494b000-7fecf4b4b000 ---p 00057000 08:01 14426603                   /usr/lib/x86_64-linux-gnu/libjpeg.so.8.0.2
7fecf4b4b000-7fecf4b4c000 r--p 00057000 08:01 14426603                   /usr/lib/x86_64-linux-gnu/libjpeg.so.8.0.2
7fecf4b4c000-7fecf4b4d000 rw-p 00058000 08:01 14426603                   /usr/lib/x86_64-linux-gnu/libjpeg.so.8.0.2
7fecf4b4d000-7fecf4b71000 r-xp 00000000 08:01 1708539                    /lib/x86_64-linux-gnu/libpng12.so.0.54.0
7fecf4b71000-7fecf4d70000 ---p 00024000 08:01 1708539                    /lib/x86_64-linux-gnu/libpng12.so.0.54.0
7fecf4d70000-7fecf4d71000 r--p 00023000 08:01 1708539                    /lib/x86_64-linux-gnu/libpng12.so.0.54.0
7fecf4d71000-7fecf4d72000 rw-p 00024000 08:01 1708539                    /lib/x86_64-linux-gnu/libpng12.so.0.54.0
7fecf4d72000-7fecf4d8b000 r-xp 00000000 08:01 1704302                    /lib/x86_64-linux-gnu/libz.so.1.2.8
7fecf4d8b000-7fecf4f8a000 ---p 00019000 08:01 1704302                    /lib/x86_64-linux-gnu/libz.so.1.2.8
7fecf4f8a000-7fecf4f8b000 r--p 00018000 08:01 1704302                    /lib/x86_64-linux-gnu/libz.so.1.2.8
7fecf4f8b000-7fecf4f8c000 rw-p 00019000 08:01 1704302                    /lib/x86_64-linux-gnu/libz.so.1.2.8
7fecf4f8c000-7fecf4fa2000 r-xp 00000000 08:01 1708436                    /lib/x86_64-linux-gnu/libgcc_s.so.1
7fecf4fa2000-7fecf51a1000 ---p 00016000 08:01 1708436                    /lib/x86_64-linux-gnu/libgcc_s.so.1
7fecf51a1000-7fecf51a2000 rw-p 00015000 08:01 1708436                    /lib/x86_64-linux-gnu/libgcc_s.so.1
7fecf51a2000-7fecf5314000 r-xp 00000000 08:01 14420097                   /usr/lib/x86_64-linux-gnu/libstdc++.so.6.0.21
7fecf5314000-7fecf5514000 ---p 00172000 08:01 14420097                   /usr/lib/x86_64-linux-gnu/libstdc++.so.6.0.21
7fecf5514000-7fecf551e000 r--p 00172000 08:01 14420097                   /usr/lib/x86_64-linux-gnu/libstdc++.so.6.0.21
7fecf551e000-7fecf5520000 rw-p 0017c000 08:01 14420097                   /usr/lib/x86_64-linux-gnu/libstdc++.so.6.0.21
7fecf5520000-7fecf5524000 rw-p 00000000 00:00 0 
7fecf5524000-7fecf5761000 r-xp 00000000 08:01 14419919                   /usr/lib/liblept.so.5.0.0
7fecf5761000-7fecf5960000 ---p 0023d000 08:01 14419919                   /usr/lib/liblept.so.5.0.0
7fecf5960000-7fecf5961000 r--p 0023c000 08:01 14419919                   /usr/lib/liblept.so.5.0.0
7fecf5961000-7fecf5967000 rw-p 0023d000 08:01 14419919                   /usr/lib/liblept.so.5.0.0
7fecf5967000-7fecf5c50000 r-xp 00000000 08:01 14419921                   /usr/lib/libtesseract.so.3.0.4
7fecf5c50000-7fecf5e50000 ---p 002e9000 08:01 14419921                   /usr/lib/libtesseract.so.3.0.4
7fecf5e50000-7fecf5e54000 r--p 002e9000 08:01 14419921                   /usr/lib/libtesseract.so.3.0.4
7fecf5e54000-7fecf5e55000 rw-p 002ed000 08:01 14419921                   /usr/lib/libtesseract.so.3.0.4
7fecf5e55000-7fecf60e9000 rw-p 00000000 00:00 0 
7fecf60e9000-7fecf6100000 r-xp 00000000 08:01 18612988                   /tmp/jna--991722340/jna5517919864341506693.tmp (deleted)
7fecf6100000-7fecf61ff000 ---p 00017000 08:01 18612988                   /tmp/jna--991722340/jna5517919864341506693.tmp (deleted)
7fecf61ff000-7fecf6201000 rw-p 00016000 08:01 18612988                   /tmp/jna--991722340/jna5517919864341506693.tmp (deleted)
7fecf6201000-7fecf63c1000 rw-p 00000000 00:00 0 
7fecf63c1000-7fecf6401000 ---p 00000000 00:00 0 
7fecf6401000-7fecf643c000 r-xp 00000000 08:01 14688807                   /usr/lib/jvm/java-8-oracle/jre/lib/amd64/libjpeg.so
7fecf643c000-7fecf663b000 ---p 0003b000 08:01 14688807                   /usr/lib/jvm/java-8-oracle/jre/lib/amd64/libjpeg.so
7fecf663b000-7fecf663c000 rw-p 0003a000 08:01 14688807                   /usr/lib/jvm/java-8-oracle/jre/lib/amd64/libjpeg.so
7fecf663c000-7fecf6641000 r-xp 00000000 08:01 14425880                   /usr/lib/x86_64-linux-gnu/libXdmcp.so.6.0.0
7fecf6641000-7fecf6840000 ---p 00005000 08:01 14425880                   /usr/lib/x86_64-linux-gnu/libXdmcp.so.6.0.0
7fecf6840000-7fecf6841000 r--p 00004000 08:01 14425880                   /usr/lib/x86_64-linux-gnu/libXdmcp.so.6.0.0
7fecf6841000-7fecf6842000 rw-p 00005000 08:01 14425880                   /usr/lib/x86_64-linux-gnu/libXdmcp.so.6.0.0
7fecf6842000-7fecf6844000 r-xp 00000000 08:01 14425869                   /usr/lib/x86_64-linux-gnu/libXau.so.6.0.0
7fecf6844000-7fecf6a44000 ---p 00002000 08:01 14425869                   /usr/lib/x86_64-linux-gnu/libXau.so.6.0.0
7fecf6a44000-7fecf6a45000 r--p 00002000 08:01 14425869                   /usr/lib/x86_64-linux-gnu/libXau.so.6.0.0
7fecf6a45000-7fecf6a46000 rw-p 00003000 08:01 14425869                   /usr/lib/x86_64-linux-gnu/libXau.so.6.0.0
7fecf6a46000-7fecf6a67000 r-xp 00000000 08:01 14427247                   /usr/lib/x86_64-linux-gnu/libxcb.so.1.1.0
7fecf6a67000-7fecf6c66000 ---p 00021000 08:01 14427247                   /usr/lib/x86_64-linux-gnu/libxcb.so.1.1.0
7fecf6c66000-7fecf6c67000 r--p 00020000 08:01 14427247                   /usr/lib/x86_64-linux-gnu/libxcb.so.1.1.0
7fecf6c67000-7fecf6c68000 rw-p 00021000 08:01 14427247                   /usr/lib/x86_64-linux-gnu/libxcb.so.1.1.0
7fecf6c68000-7fecf6c77000 r-xp 00000000 08:01 14425890                   /usr/lib/x86_64-linux-gnu/libXi.so.6.1.0
7fecf6c77000-7fecf6e76000 ---p 0000f000 08:01 14425890                   /usr/lib/x86_64-linux-gnu/libXi.so.6.1.0
7fecf6e76000-7fecf6e77000 r--p 0000e000 08:01 14425890                   /usr/lib/x86_64-linux-gnu/libXi.so.6.1.0
7fecf6e77000-7fecf6e78000 rw-p 0000f000 08:01 14425890                   /usr/lib/x86_64-linux-gnu/libXi.so.6.1.0
7fecf6e78000-7fecf6e7d000 r-xp 00000000 08:01 14425908                   /usr/lib/x86_64-linux-gnu/libXtst.so.6.1.0
7fecf6e7d000-7fecf707c000 ---p 00005000 08:01 14425908                   /usr/lib/x86_64-linux-gnu/libXtst.so.6.1.0
7fecf707c000-7fecf707d000 r--p 00004000 08:01 14425908                   /usr/lib/x86_64-linux-gnu/libXtst.so.6.1.0
7fecf707d000-7fecf707e000 rw-p 00005000 08:01 14425908                   /usr/lib/x86_64-linux-gnu/libXtst.so.6.1.0
7fecf707e000-7fecf7087000 r-xp 00000000 08:01 14425902                   /usr/lib/x86_64-linux-gnu/libXrender.so.1.3.0
7fecf7087000-7fecf7286000 ---p 00009000 08:01 14425902                   /usr/lib/x86_64-linux-gnu/libXrender.so.1.3.0
7fecf7286000-7fecf7287000 r--p 00008000 08:01 14425902                   /usr/lib/x86_64-linux-gnu/libXrender.so.1.3.0
7fecf7287000-7fecf7288000 rw-p 00009000 08:01 14425902                   /usr/lib/x86_64-linux-gnu/libXrender.so.1.3.0
7fecf7288000-7fecf73bd000 r-xp 00000000 08:01 14425865                   /usr/lib/x86_64-linux-gnu/libX11.so.6.3.0
7fecf73bd000-7fecf75bd000 ---p 00135000 08:01 14425865                   /usr/lib/x86_64-linux-gnu/libX11.so.6.3.0
7fecf75bd000-7fecf75be000 r--p 00135000 08:01 14425865                   /usr/lib/x86_64-linux-gnu/libX11.so.6.3.0
7fecf75be000-7fecf75c2000 rw-p 00136000 08:01 14425865                   /usr/lib/x86_64-linux-gnu/libX11.so.6.3.0
7fecf75c2000-7fecf75d3000 r-xp 00000000 08:01 14425882                   /usr/lib/x86_64-linux-gnu/libXext.so.6.4.0
7fecf75d3000-7fecf77d2000 ---p 00011000 08:01 14425882                   /usr/lib/x86_64-linux-gnu/libXext.so.6.4.0
7fecf77d2000-7fecf77d3000 r--p 00010000 08:01 14425882                   /usr/lib/x86_64-linux-gnu/libXext.so.6.4.0
7fecf77d3000-7fecf77d4000 rw-p 00011000 08:01 14425882                   /usr/lib/x86_64-linux-gnu/libXext.so.6.4.0
7fecf77d4000-7fecf7828000 r-xp 00000000 08:01 14688861                   /usr/lib/jvm/java-8-oracle/jre/lib/amd64/libawt_xawt.so
7fecf7828000-7fecf7a28000 ---p 00054000 08:01 14688861                   /usr/lib/jvm/java-8-oracle/jre/lib/amd64/libawt_xawt.so
7fecf7a28000-7fecf7a2c000 rw-p 00054000 08:01 14688861                   /usr/lib/jvm/java-8-oracle/jre/lib/amd64/libawt_xawt.so
7fecf7a2c000-7fecf7a2d000 rw-p 00000000 00:00 0 
7fecf7a2d000-7fecf7acf000 r-xp 00000000 08:01 14688847                   /usr/lib/jvm/java-8-oracle/jre/lib/amd64/libawt.so
7fecf7acf000-7fecf7ccf000 ---p 000a2000 08:01 14688847                   /usr/lib/jvm/java-8-oracle/jre/lib/amd64/libawt.so
7fecf7ccf000-7fecf7cdb000 rw-p 000a2000 08:01 14688847                   /usr/lib/jvm/java-8-oracle/jre/lib/amd64/libawt.so
7fecf7cdb000-7fecf8000000 rw-p 00000000 00:00 0 
7fecf8000000-7fecf82fb000 rw-p 00000000 00:00 0 
7fecf82fb000-7fecfc000000 ---p 00000000 00:00 0 
7fecfc000000-7fecfc127000 rw-p 00000000 00:00 0 
7fecfc127000-7fed00000000 ---p 00000000 00:00 0 
7fed00000000-7fed00021000 rw-p 00000000 00:00 0 
7fed00021000-7fed04000000 ---p 00000000 00:00 0 
7fed04000000-7fed04021000 rw-p 00000000 00:00 0 
7fed04021000-7fed08000000 ---p 00000000 00:00 0 
7fed08000000-7fed08021000 rw-p 00000000 00:00 0 
7fed08021000-7fed0c000000 ---p 00000000 00:00 0 
7fed0c000000-7fed0c021000 rw-p 00000000 00:00 0 
7fed0c021000-7fed10000000 ---p 00000000 00:00 0 
7fed10000000-7fed10021000 rw-p 00000000 00:00 0 
7fed10021000-7fed14000000 ---p 00000000 00:00 0 
7fed14000000-7fed14021000 rw-p 00000000 00:00 0 
7fed14021000-7fed18000000 ---p 00000000 00:00 0 
7fed18000000-7fed18021000 rw-p 00000000 00:00 0 
7fed18021000-7fed1c000000 ---p 00000000 00:00 0 
7fed1c000000-7fed1c021000 rw-p 00000000 00:00 0 
7fed1c021000-7fed20000000 ---p 00000000 00:00 0 
7fed20068000-7fed2006b000 ---p 00000000 00:00 0 
7fed2006b000-7fed20169000 rw-p 00000000 00:00 0 
7fed20169000-7fed20173000 r--s 00116000 08:01 14685783                   /usr/lib/jvm/java-8-oracle/jre/lib/ext/localedata.jar
7fed20173000-7fed2018f000 r--s 00393000 08:01 14685776                   /usr/lib/jvm/java-8-oracle/jre/lib/ext/cldrdata.jar
7fed2018f000-7fed20190000 ---p 00000000 00:00 0 
7fed20190000-7fed20290000 rw-p 00000000 00:00 0 
7fed20290000-7fed20293000 ---p 00000000 00:00 0 
7fed20293000-7fed20391000 rw-p 00000000 00:00 0 
7fed20391000-7fed203a7000 r-xp 00000000 08:01 14688854                   /usr/lib/jvm/java-8-oracle/jre/lib/amd64/libnet.so
7fed203a7000-7fed205a7000 ---p 00016000 08:01 14688854                   /usr/lib/jvm/java-8-oracle/jre/lib/amd64/libnet.so
7fed205a7000-7fed205a8000 rw-p 00016000 08:01 14688854                   /usr/lib/jvm/java-8-oracle/jre/lib/amd64/libnet.so
7fed205a8000-7fed205ab000 ---p 00000000 00:00 0 
7fed205ab000-7fed206a9000 rw-p 00000000 00:00 0 
7fed206a9000-7fed206ac000 ---p 00000000 00:00 0 
7fed206ac000-7fed207aa000 rw-p 00000000 00:00 0 
7fed207aa000-7fed207ad000 ---p 00000000 00:00 0 
7fed207ad000-7fed208ab000 rw-p 00000000 00:00 0 
7fed208ab000-7fed208ae000 ---p 00000000 00:00 0 
7fed208ae000-7fed209ac000 rw-p 00000000 00:00 0 
7fed209ac000-7fed209af000 ---p 00000000 00:00 0 
7fed209af000-7fed20aad000 rw-p 00000000 00:00 0 
7fed20aad000-7fed20eb6000 r--p 00000000 08:01 14440884                   /usr/lib/locale/locale-archive
7fed20eb6000-7fed20eb9000 ---p 00000000 00:00 0 
7fed20eb9000-7fed20fb7000 rw-p 00000000 00:00 0 
7fed20fb7000-7fed20fba000 ---p 00000000 00:00 0 
7fed20fba000-7fed210b8000 rw-p 00000000 00:00 0 
7fed210b8000-7fed210b9000 ---p 00000000 00:00 0 
7fed210b9000-7fed21fc7000 rw-p 00000000 00:00 0 
7fed21fc7000-7fed221a0000 r--s 03d40000 08:01 14683887                   /usr/lib/jvm/java-8-oracle/jre/lib/rt.jar
7fed221a0000-7fed24000000 rw-p 00000000 00:00 0 
7fed24000000-7fed24021000 rw-p 00000000 00:00 0 
7fed24021000-7fed28000000 ---p 00000000 00:00 0 
7fed28003000-7fed28008000 r--s 0009a000 08:01 14685772                   /usr/lib/jvm/java-8-oracle/jre/lib/jsse.jar
7fed28008000-7fed2800a000 r--s 0001a000 08:01 2752850                    /home/permmy/idea-IU-171.4249.39/lib/idea_rt.jar
7fed2800a000-7fed2800c000 r--s 00004000 08:01 11404816                   /home/permmy/.m2/repository/org/slf4j/log4j-over-slf4j/1.7.21/log4j-over-slf4j-1.7.21.jar
7fed2800c000-7fed2800e000 r--s 00003000 08:01 11404821                   /home/permmy/.m2/repository/org/slf4j/jcl-over-slf4j/1.7.21/jcl-over-slf4j-1.7.21.jar
7fed2800e000-7fed28010000 r--s 00000000 08:01 11404817                   /home/permmy/.m2/repository/org/slf4j/jul-to-slf4j/1.7.21/jul-to-slf4j-1.7.21.jar
7fed28010000-7fed28011000 r--s 00009000 08:01 11010201                   /home/permmy/.m2/repository/org/slf4j/slf4j-api/1.7.20/slf4j-api-1.7.20.jar
7fed28011000-7fed2801b000 r--s 00069000 08:01 8520315                    /home/permmy/.m2/repository/ch/qos/logback/logback-core/1.1.7/logback-core-1.1.7.jar
7fed2801b000-7fed28022000 r--s 00044000 08:01 8520313                    /home/permmy/.m2/repository/ch/qos/logback/logback-classic/1.1.7/logback-classic-1.1.7.jar
7fed28022000-7fed28023000 r--s 0000a000 08:01 7212154                    /home/permmy/.m2/repository/asm/asm/3.3.1/asm-3.3.1.jar
7fed28023000-7fed2802a000 r--s 00040000 08:01 6948410                    /home/permmy/.m2/repository/cglib/cglib/2.2.2/cglib-2.2.2.jar
7fed2802a000-7fed2802e000 r--s 00015000 08:01 6948404                    /home/permmy/.m2/repository/org/rococoa/rococoa-core/0.5/rococoa-core-0.5.jar
7fed2802e000-7fed28033000 r--s 00229000 08:01 11541521                   /home/permmy/.m2/repository/net/sourceforge/lept4j/lept4j/1.2.3/lept4j-1.2.3.jar
7fed28033000-7fed28037000 r--s 0002f000 08:01 11010206                   /home/permmy/.m2/repository/commons-io/commons-io/2.5/commons-io-2.5.jar
7fed28037000-7fed28043000 r--s 00108000 08:01 11010200                   /home/permmy/.m2/repository/com/lowagie/itext/2.1.7/itext-2.1.7.jar
7fed28043000-7fed2804d000 r--s 00081000 08:01 6948401                    /home/permmy/.m2/repository/org/apache/xmlgraphics/xmlgraphics-commons/1.4/xmlgraphics-commons-1.4.jar
7fed2804d000-7fed2805b000 r--s 0007f000 08:01 9831038                    /home/permmy/.m2/repository/commons-collections/commons-collections/3.2.1/commons-collections-3.2.1.jar
7fed2805b000-7fed28060000 r--s 00035000 08:01 11010196                   /home/permmy/.m2/repository/commons-beanutils/commons-beanutils/1.9.2/commons-beanutils-1.9.2.jar
7fed28060000-7fed28069000 r--s 0006f000 08:01 10750631                   /home/permmy/.m2/repository/log4j/log4j/1.2.17/log4j-1.2.17.jar
7fed28069000-7fed2806e000 r--s 00028000 08:01 6948398                    /home/permmy/.m2/repository/org/ghost4j/ghost4j/1.0.1/ghost4j-1.0.1.jar
7fed2806e000-7fed28079000 r--s 00088000 08:01 11010202                   /home/permmy/.m2/repository/com/github/jai-imageio/jai-imageio-core/1.3.1/jai-imageio-core-1.3.1.jar
7fed28079000-7fed2808c000 r--s 00345000 08:01 14685757                   /usr/lib/jvm/java-8-oracle/jre/lib/resources.jar
7fed2808c000-7fed2809e000 r--s 000d6000 08:01 14683829                   /usr/lib/jvm/java-8-oracle/jre/lib/plugin.jar
7fed2809e000-7fed280b9000 r--s 0020b000 08:01 14683805                   /usr/lib/jvm/java-8-oracle/jre/lib/deploy.jar
7fed280b9000-7fed28320000 rw-p 00000000 00:00 0 
7fed28320000-7fed28321000 ---p 00000000 00:00 0 
7fed28321000-7fed28421000 rw-p 00000000 00:00 0 
7fed28421000-7fed28422000 ---p 00000000 00:00 0 
7fed28422000-7fed28522000 rw-p 00000000 00:00 0 
7fed28522000-7fed28523000 ---p 00000000 00:00 0 
7fed28523000-7fed28623000 rw-p 00000000 00:00 0 
7fed28623000-7fed28624000 ---p 00000000 00:00 0 
7fed28624000-7fed28734000 rw-p 00000000 00:00 0 
7fed28734000-7fed28813000 ---p 00000000 00:00 0 
7fed28813000-7fed28821000 rw-p 00000000 00:00 0 
7fed28821000-7fed28bd3000 ---p 00000000 00:00 0 
7fed28bd3000-7fed28f23000 rwxp 00000000 00:00 0 
7fed28f23000-7fed37bd3000 ---p 00000000 00:00 0 
7fed37bd3000-7fed37bed000 r-xp 00000000 08:01 14688850                   /usr/lib/jvm/java-8-oracle/jre/lib/amd64/libzip.so
7fed37bed000-7fed37ded000 ---p 0001a000 08:01 14688850                   /usr/lib/jvm/java-8-oracle/jre/lib/amd64/libzip.so
7fed37ded000-7fed37dee000 rw-p 0001a000 08:01 14688850                   /usr/lib/jvm/java-8-oracle/jre/lib/amd64/libzip.so
7fed37dee000-7fed37df9000 r-xp 00000000 08:01 1705710                    /lib/x86_64-linux-gnu/libnss_files-2.23.so
7fed37df9000-7fed37ff8000 ---p 0000b000 08:01 1705710                    /lib/x86_64-linux-gnu/libnss_files-2.23.so
7fed37ff8000-7fed37ff9000 r--p 0000a000 08:01 1705710                    /lib/x86_64-linux-gnu/libnss_files-2.23.so
7fed37ff9000-7fed37ffa000 rw-p 0000b000 08:01 1705710                    /lib/x86_64-linux-gnu/libnss_files-2.23.so
7fed37ffa000-7fed38000000 rw-p 00000000 00:00 0 
7fed38000000-7fed389d7000 rw-p 00000000 00:00 0 
7fed389d7000-7fed3c000000 ---p 00000000 00:00 0 
7fed3c000000-7fed3c004000 r--s 000dc000 08:01 11010204                   /home/permmy/.m2/repository/net/java/dev/jna/jna/4.1.0/jna-4.1.0.jar
7fed3c004000-7fed3c009000 r--s 0009a000 08:01 14685772                   /usr/lib/jvm/java-8-oracle/jre/lib/jsse.jar
7fed3c009000-7fed3c00e000 r--s 00084000 08:01 14683804                   /usr/lib/jvm/java-8-oracle/jre/lib/jfr.jar
7fed3c00e000-7fed3c018000 r--s 0006c000 08:01 14683814                   /usr/lib/jvm/java-8-oracle/jre/lib/javaws.jar
7fed3c018000-7fed3c077000 rw-p 00000000 00:00 0 
7fed3c077000-7fed3c155000 ---p 00000000 00:00 0 
7fed3c155000-7fed3c15e000 rw-p 00000000 00:00 0 
7fed3c15e000-7fed3c1cd000 ---p 00000000 00:00 0 
7fed3c1cd000-7fed3c1ce000 rw-p 00000000 00:00 0 
7fed3c1ce000-7fed3c1d9000 r-xp 00000000 08:01 1705716                    /lib/x86_64-linux-gnu/libnss_nis-2.23.so
7fed3c1d9000-7fed3c3d8000 ---p 0000b000 08:01 1705716                    /lib/x86_64-linux-gnu/libnss_nis-2.23.so
7fed3c3d8000-7fed3c3d9000 r--p 0000a000 08:01 1705716                    /lib/x86_64-linux-gnu/libnss_nis-2.23.so
7fed3c3d9000-7fed3c3da000 rw-p 0000b000 08:01 1705716                    /lib/x86_64-linux-gnu/libnss_nis-2.23.so
7fed3c3da000-7fed3c3f0000 r-xp 00000000 08:01 1703950                    /lib/x86_64-linux-gnu/libnsl-2.23.so
7fed3c3f0000-7fed3c5ef000 ---p 00016000 08:01 1703950                    /lib/x86_64-linux-gnu/libnsl-2.23.so
7fed3c5ef000-7fed3c5f0000 r--p 00015000 08:01 1703950                    /lib/x86_64-linux-gnu/libnsl-2.23.so
7fed3c5f0000-7fed3c5f1000 rw-p 00016000 08:01 1703950                    /lib/x86_64-linux-gnu/libnsl-2.23.so
7fed3c5f1000-7fed3c5f3000 rw-p 00000000 00:00 0 
7fed3c5f3000-7fed3c5fb000 r-xp 00000000 08:01 1705728                    /lib/x86_64-linux-gnu/libnss_compat-2.23.so
7fed3c5fb000-7fed3c7fa000 ---p 00008000 08:01 1705728                    /lib/x86_64-linux-gnu/libnss_compat-2.23.so
7fed3c7fa000-7fed3c7fb000 r--p 00007000 08:01 1705728                    /lib/x86_64-linux-gnu/libnss_compat-2.23.so
7fed3c7fb000-7fed3c7fc000 rw-p 00008000 08:01 1705728                    /lib/x86_64-linux-gnu/libnss_compat-2.23.so
7fed3c7fc000-7fed3c806000 r-xp 00000000 08:01 14688859                   /usr/lib/jvm/java-8-oracle/jre/lib/amd64/libinstrument.so
7fed3c806000-7fed3ca05000 ---p 0000a000 08:01 14688859                   /usr/lib/jvm/java-8-oracle/jre/lib/amd64/libinstrument.so
7fed3ca05000-7fed3ca06000 rw-p 00009000 08:01 14688859                   /usr/lib/jvm/java-8-oracle/jre/lib/amd64/libinstrument.so
7fed3ca06000-7fed3ca31000 r-xp 00000000 08:01 14688844                   /usr/lib/jvm/java-8-oracle/jre/lib/amd64/libjava.so
7fed3ca31000-7fed3cc30000 ---p 0002b000 08:01 14688844                   /usr/lib/jvm/java-8-oracle/jre/lib/amd64/libjava.so
7fed3cc30000-7fed3cc32000 rw-p 0002a000 08:01 14688844                   /usr/lib/jvm/java-8-oracle/jre/lib/amd64/libjava.so
7fed3cc32000-7fed3cc3f000 r-xp 00000000 08:01 14688849                   /usr/lib/jvm/java-8-oracle/jre/lib/amd64/libverify.so
7fed3cc3f000-7fed3ce3e000 ---p 0000d000 08:01 14688849                   /usr/lib/jvm/java-8-oracle/jre/lib/amd64/libverify.so
7fed3ce3e000-7fed3ce40000 rw-p 0000c000 08:01 14688849                   /usr/lib/jvm/java-8-oracle/jre/lib/amd64/libverify.so
7fed3ce40000-7fed3ce47000 r-xp 00000000 08:01 1705720                    /lib/x86_64-linux-gnu/librt-2.23.so
7fed3ce47000-7fed3d046000 ---p 00007000 08:01 1705720                    /lib/x86_64-linux-gnu/librt-2.23.so
7fed3d046000-7fed3d047000 r--p 00006000 08:01 1705720                    /lib/x86_64-linux-gnu/librt-2.23.so
7fed3d047000-7fed3d048000 rw-p 00007000 08:01 1705720                    /lib/x86_64-linux-gnu/librt-2.23.so
7fed3d048000-7fed3d150000 r-xp 00000000 08:01 1705739                    /lib/x86_64-linux-gnu/libm-2.23.so
7fed3d150000-7fed3d34f000 ---p 00108000 08:01 1705739                    /lib/x86_64-linux-gnu/libm-2.23.so
7fed3d34f000-7fed3d350000 r--p 00107000 08:01 1705739                    /lib/x86_64-linux-gnu/libm-2.23.so
7fed3d350000-7fed3d351000 rw-p 00108000 08:01 1705739                    /lib/x86_64-linux-gnu/libm-2.23.so
7fed3d351000-7fed3e020000 r-xp 00000000 08:01 14814863                   /usr/lib/jvm/java-8-oracle/jre/lib/amd64/server/libjvm.so
7fed3e020000-7fed3e220000 ---p 00ccf000 08:01 14814863                   /usr/lib/jvm/java-8-oracle/jre/lib/amd64/server/libjvm.so
7fed3e220000-7fed3e2f9000 rw-p 00ccf000 08:01 14814863                   /usr/lib/jvm/java-8-oracle/jre/lib/amd64/server/libjvm.so
7fed3e2f9000-7fed3e344000 rw-p 00000000 00:00 0 
7fed3e344000-7fed3e504000 r-xp 00000000 08:01 1705749                    /lib/x86_64-linux-gnu/libc-2.23.so
7fed3e504000-7fed3e704000 ---p 001c0000 08:01 1705749                    /lib/x86_64-linux-gnu/libc-2.23.so
7fed3e704000-7fed3e708000 r--p 001c0000 08:01 1705749                    /lib/x86_64-linux-gnu/libc-2.23.so
7fed3e708000-7fed3e70a000 rw-p 001c4000 08:01 1705749                    /lib/x86_64-linux-gnu/libc-2.23.so
7fed3e70a000-7fed3e70e000 rw-p 00000000 00:00 0 
7fed3e70e000-7fed3e711000 r-xp 00000000 08:01 1705726                    /lib/x86_64-linux-gnu/libdl-2.23.so
7fed3e711000-7fed3e910000 ---p 00003000 08:01 1705726                    /lib/x86_64-linux-gnu/libdl-2.23.so
7fed3e910000-7fed3e911000 r--p 00002000 08:01 1705726                    /lib/x86_64-linux-gnu/libdl-2.23.so
7fed3e911000-7fed3e912000 rw-p 00003000 08:01 1705726                    /lib/x86_64-linux-gnu/libdl-2.23.so
7fed3e912000-7fed3e927000 r-xp 00000000 08:01 14683764                   /usr/lib/jvm/java-8-oracle/lib/amd64/jli/libjli.so
7fed3e927000-7fed3eb27000 ---p 00015000 08:01 14683764                   /usr/lib/jvm/java-8-oracle/lib/amd64/jli/libjli.so
7fed3eb27000-7fed3eb28000 rw-p 00015000 08:01 14683764                   /usr/lib/jvm/java-8-oracle/lib/amd64/jli/libjli.so
7fed3eb28000-7fed3eb40000 r-xp 00000000 08:01 1705714                    /lib/x86_64-linux-gnu/libpthread-2.23.so
7fed3eb40000-7fed3ed3f000 ---p 00018000 08:01 1705714                    /lib/x86_64-linux-gnu/libpthread-2.23.so
7fed3ed3f000-7fed3ed40000 r--p 00017000 08:01 1705714                    /lib/x86_64-linux-gnu/libpthread-2.23.so
7fed3ed40000-7fed3ed41000 rw-p 00018000 08:01 1705714                    /lib/x86_64-linux-gnu/libpthread-2.23.so
7fed3ed41000-7fed3ed45000 rw-p 00000000 00:00 0 
7fed3ed45000-7fed3ed6b000 r-xp 00000000 08:01 1705704                    /lib/x86_64-linux-gnu/ld-2.23.so
7fed3ed6b000-7fed3ed6d000 r--s 0000d000 08:01 9830979                    /home/permmy/.m2/repository/commons-logging/commons-logging/1.1.1/commons-logging-1.1.1.jar
7fed3ed6d000-7fed3ed6f000 r--s 02050000 08:01 11541519                   /home/permmy/.m2/repository/net/sourceforge/tess4j/tess4j/3.2.1/tess4j-3.2.1.jar
7fed3ed6f000-7fed3ee40000 rw-p 00000000 00:00 0 
7fed3ee40000-7fed3ee43000 ---p 00000000 00:00 0 
7fed3ee43000-7fed3ef45000 rw-p 00000000 00:00 0 
7fed3ef45000-7fed3ef46000 r--s 00000000 08:01 14683811                   /usr/lib/jvm/java-8-oracle/jre/lib/management-agent.jar
7fed3ef46000-7fed3ef48000 r--s 00007000 08:01 14688801                   /usr/lib/jvm/java-8-oracle/jre/lib/jfxswt.jar
7fed3ef48000-7fed3ef4b000 r--s 0001a000 08:01 14688799                   /usr/lib/jvm/java-8-oracle/jre/lib/jce.jar
7fed3ef4b000-7fed3ef50000 r--s 002f9000 08:01 14683885                   /usr/lib/jvm/java-8-oracle/jre/lib/charsets.jar
7fed3ef50000-7fed3ef5e000 rw-p 00000000 00:00 0 
7fed3ef5e000-7fed3ef66000 rw-s 00000000 08:01 18612924                   /tmp/hsperfdata_permmy/7393
7fed3ef66000-7fed3ef67000 rw-p 00000000 00:00 0 
7fed3ef67000-7fed3ef68000 r--p 00000000 00:00 0 
7fed3ef68000-7fed3ef6a000 rw-p 00000000 00:00 0 
7fed3ef6a000-7fed3ef6b000 r--p 00025000 08:01 1705704                    /lib/x86_64-linux-gnu/ld-2.23.so
7fed3ef6b000-7fed3ef6c000 rw-p 00026000 08:01 1705704                    /lib/x86_64-linux-gnu/ld-2.23.so
7fed3ef6c000-7fed3ef6d000 rw-p 00000000 00:00 0 
7ffdad206000-7ffdad228000 rw-p 00000000 00:00 0                          [stack]
7ffdad302000-7ffdad304000 r--p 00000000 00:00 0                          [vvar]
7ffdad304000-7ffdad306000 r-xp 00000000 00:00 0                          [vdso]
ffffffffff600000-ffffffffff601000 r-xp 00000000 00:00 0                  [vsyscall]

VM Arguments:
jvm_args: -javaagent:/home/permmy/idea-IU-171.4249.39/lib/idea_rt.jar=46105:/home/permmy/idea-IU-171.4249.39/bin -Dfile.encoding=UTF-8 
java_command: com.company.Main
java_class_path (initial): /usr/lib/jvm/java-8-oracle/jre/lib/charsets.jar:/usr/lib/jvm/java-8-oracle/jre/lib/deploy.jar:/usr/lib/jvm/java-8-oracle/jre/lib/ext/cldrdata.jar:/usr/lib/jvm/java-8-oracle/jre/lib/ext/dnsns.jar:/usr/lib/jvm/java-8-oracle/jre/lib/ext/jaccess.jar:/usr/lib/jvm/java-8-oracle/jre/lib/ext/jfxrt.jar:/usr/lib/jvm/java-8-oracle/jre/lib/ext/localedata.jar:/usr/lib/jvm/java-8-oracle/jre/lib/ext/nashorn.jar:/usr/lib/jvm/java-8-oracle/jre/lib/ext/sunec.jar:/usr/lib/jvm/java-8-oracle/jre/lib/ext/sunjce_provider.jar:/usr/lib/jvm/java-8-oracle/jre/lib/ext/sunpkcs11.jar:/usr/lib/jvm/java-8-oracle/jre/lib/ext/zipfs.jar:/usr/lib/jvm/java-8-oracle/jre/lib/javaws.jar:/usr/lib/jvm/java-8-oracle/jre/lib/jce.jar:/usr/lib/jvm/java-8-oracle/jre/lib/jfr.jar:/usr/lib/jvm/java-8-oracle/jre/lib/jfxswt.jar:/usr/lib/jvm/java-8-oracle/jre/lib/jsse.jar:/usr/lib/jvm/java-8-oracle/jre/lib/management-agent.jar:/usr/lib/jvm/java-8-oracle/jre/lib/plugin.jar:/usr/lib/jvm/java-8-oracle/jre/lib/resources.jar:/usr/lib/jvm/java-8-oracle/jre/lib/rt.jar:/home/permmy/IdeaProjects/JavaOCR/target/classes:/home/permmy/.m2/repository/net/sourceforge/tess4j/tess4j/3.2.1/tess4j-3.2.1.jar:/home/permmy/.m2/repository/net/java/dev/jna/jna/4.1.0/jna-4.1.0.jar:/home/permmy/.m2/repository/com/github/jai-imageio/jai-imageio-core/1.3.1/jai-imageio-core-1.3.1.jar:/home/permmy/.m2/repository/org/ghost4j/ghost4j/1.0.1/ghost4j-1.0.1.jar:/home/permmy/.m2/repository/log4j/log4j/1.2.17/log4j-1.2.17.jar:/home/permmy/.m2/repository/commons-beanutils/commons-beanutils/1.9.2/commons-beanutils-1.9.2.jar:/home/permmy/.m2/repository/commons-logging/commons-logging/1.1.1/commons-logging-1.1.1.jar:/home/permmy/.m2/repository/commons-collections/commons-collections/3.2.1/commons-collections-3.2.1.jar:/home/permmy/.m2/repository/org/apache/xmlgraphics/xmlgraphics-commons/1.4/xmlgraphics-commons-1.4.jar:/home/permmy/.m2/repository/com/lowagie/itext/2.1.7/itext-2.1.7.jar:/home/permmy/.m2/repository/commons-io/common
Launcher Type: SUN_STANDARD

Environment Variables:
JAVA_HOME=/usr/lib/jvm/java-8-oracle
PATH=/home/permmy/bin:/home/permmy/.local/bin:/usr/local/sbin:/usr/local/bin:/usr/sbin:/usr/bin:/sbin:/bin:/usr/games:/usr/local/games:/snap/bin:/usr/lib/jvm/java-8-oracle/bin:/usr/lib/jvm/java-8-oracle/db/bin:/usr/lib/jvm/java-8-oracle/jre/bin
LD_LIBRARY_PATH=/home/permmy/idea-IU-171.4249.39/bin:
SHELL=/bin/bash
DISPLAY=:1

Signal Handlers:
SIGSEGV: [libjvm.so+0xac8af0], sa_mask[0]=11111111011111111101111111111110, sa_flags=SA_RESTART|SA_SIGINFO
SIGBUS: [libjvm.so+0xac8af0], sa_mask[0]=11111111011111111101111111111110, sa_flags=SA_RESTART|SA_SIGINFO
SIGFPE: [libjvm.so+0x921dd0], sa_mask[0]=11111111011111111101111111111110, sa_flags=SA_RESTART|SA_SIGINFO
SIGPIPE: [libjvm.so+0x921dd0], sa_mask[0]=11111111011111111101111111111110, sa_flags=SA_RESTART|SA_SIGINFO
SIGXFSZ: [libjvm.so+0x921dd0], sa_mask[0]=11111111011111111101111111111110, sa_flags=SA_RESTART|SA_SIGINFO
SIGILL: [libjvm.so+0x921dd0], sa_mask[0]=11111111011111111101111111111110, sa_flags=SA_RESTART|SA_SIGINFO
SIGUSR1: SIG_DFL, sa_mask[0]=00000000000000000000000000000000, sa_flags=none
SIGUSR2: [libjvm.so+0x923610], sa_mask[0]=00100000000000000000000000000000, sa_flags=SA_RESTART|SA_SIGINFO
SIGHUP: [libjvm.so+0x924a10], sa_mask[0]=11111111011111111101111111111110, sa_flags=SA_RESTART|SA_SIGINFO
SIGINT: [libjvm.so+0x924a10], sa_mask[0]=11111111011111111101111111111110, sa_flags=SA_RESTART|SA_SIGINFO
SIGTERM: [libjvm.so+0x924a10], sa_mask[0]=11111111011111111101111111111110, sa_flags=SA_RESTART|SA_SIGINFO
SIGQUIT: [libjvm.so+0x924a10], sa_mask[0]=11111111011111111101111111111110, sa_flags=SA_RESTART|SA_SIGINFO


---------------  S Y S T E M  ---------------

OS:DISTRIB_ID=Ubuntu
DISTRIB_RELEASE=16.04
DISTRIB_CODENAME=xenial
DISTRIB_DESCRIPTION="Ubuntu 16.04.2 LTS"

uname:Linux 4.9.2-040902-generic #201701090331 SMP Mon Jan 9 08:33:19 UTC 2017 x86_64
libc:glibc 2.23 NPTL 2.23 
rlimit: STACK 8192k, CORE 0k, NPROC 11290, NOFILE 65536, AS infinity
load average:3.19 2.61 2.30

/proc/meminfo:
MemTotal:        2932444 kB
MemFree:           89016 kB
MemAvailable:     495980 kB
Buffers:          103568 kB
Cached:           508020 kB
SwapCached:        32036 kB
Active:          1780232 kB
Inactive:         766756 kB
Active(anon):    1547980 kB
Inactive(anon):   519788 kB
Active(file):     232252 kB
Inactive(file):   246968 kB
Unevictable:         112 kB
Mlocked:             112 kB
SwapTotal:       2996220 kB
SwapFree:        1609560 kB
Dirty:              9252 kB
Writeback:             0 kB
AnonPages:       1926952 kB
Mapped:           176104 kB
Shmem:            132308 kB
Slab:             170788 kB
SReclaimable:     119168 kB
SUnreclaim:        51620 kB
KernelStack:       15904 kB
PageTables:        71524 kB
NFS_Unstable:          0 kB
Bounce:                0 kB
WritebackTmp:          0 kB
CommitLimit:     4462440 kB
Committed_AS:   10817652 kB
VmallocTotal:   34359738367 kB
VmallocUsed:           0 kB
VmallocChunk:          0 kB
HardwareCorrupted:     0 kB
AnonHugePages:    358400 kB
ShmemHugePages:        0 kB
ShmemPmdMapped:        0 kB
CmaTotal:              0 kB
CmaFree:               0 kB
HugePages_Total:       0
HugePages_Free:        0
HugePages_Rsvd:        0
HugePages_Surp:        0
Hugepagesize:       2048 kB
DirectMap4k:      114496 kB
DirectMap2M:     2883584 kB


CPU:total 4 (initial active 4) (2 cores per cpu, 2 threads per core) family 6 model 37 stepping 2, cmov, cx8, fxsr, mmx, sse, sse2, sse3, ssse3, sse4.1, sse4.2, popcnt, ht, tsc, tscinvbit

/proc/cpuinfo:
processor	: 0
vendor_id	: GenuineIntel
cpu family	: 6
model		: 37
model name	: Intel(R) Core(TM) i3 CPU       M 350  @ 2.27GHz
stepping	: 2
microcode	: 0x9
cpu MHz		: 2266.000
cache size	: 3072 KB
physical id	: 0
siblings	: 4
core id		: 0
cpu cores	: 2
apicid		: 0
initial apicid	: 0
fpu		: yes
fpu_exception	: yes
cpuid level	: 11
wp		: yes
flags		: fpu vme de pse tsc msr pae mce cx8 apic sep mtrr pge mca cmov pat pse36 clflush dts acpi mmx fxsr sse sse2 ss ht tm pbe syscall nx rdtscp lm constant_tsc arch_perfmon pebs bts rep_good nopl xtopology nonstop_tsc aperfmperf eagerfpu pni dtes64 monitor ds_cpl vmx est tm2 ssse3 cx16 xtpr pdcm sse4_1 sse4_2 popcnt lahf_lm tpr_shadow vnmi flexpriority ept vpid dtherm arat
bugs		:
bogomips	: 4521.71
clflush size	: 64
cache_alignment	: 64
address sizes	: 36 bits physical, 48 bits virtual
power management:

processor	: 1
vendor_id	: GenuineIntel
cpu family	: 6
model		: 37
model name	: Intel(R) Core(TM) i3 CPU       M 350  @ 2.27GHz
stepping	: 2
microcode	: 0x9
cpu MHz		: 2266.000
cache size	: 3072 KB
physical id	: 0
siblings	: 4
core id		: 0
cpu cores	: 2
apicid		: 1
initial apicid	: 1
fpu		: yes
fpu_exception	: yes
cpuid level	: 11
wp		: yes
flags		: fpu vme de pse tsc msr pae mce cx8 apic sep mtrr pge mca cmov pat pse36 clflush dts acpi mmx fxsr sse sse2 ss ht tm pbe syscall nx rdtscp lm constant_tsc arch_perfmon pebs bts rep_good nopl xtopology nonstop_tsc aperfmperf eagerfpu pni dtes64 monitor ds_cpl vmx est tm2 ssse3 cx16 xtpr pdcm sse4_1 sse4_2 popcnt lahf_lm tpr_shadow vnmi flexpriority ept vpid dtherm arat
bugs		:
bogomips	: 4521.87
clflush size	: 64
cache_alignment	: 64
address sizes	: 36 bits physical, 48 bits virtual
power management:

processor	: 2
vendor_id	: GenuineIntel
cpu family	: 6
model		: 37
model name	: Intel(R) Core(TM) i3 CPU       M 350  @ 2.27GHz
stepping	: 2
microcode	: 0x9
cpu MHz		: 1599.000
cache size	: 3072 KB
physical id	: 0
siblings	: 4
core id		: 2
cpu cores	: 2
apicid		: 4
initial apicid	: 4
fpu		: yes
fpu_exception	: yes
cpuid level	: 11
wp		: yes
flags		: fpu vme de pse tsc msr pae mce cx8 apic sep mtrr pge mca cmov pat pse36 clflush dts acpi mmx fxsr sse sse2 ss ht tm pbe syscall nx rdtscp lm constant_tsc arch_perfmon pebs bts rep_good nopl xtopology nonstop_tsc aperfmperf eagerfpu pni dtes64 monitor ds_cpl vmx est tm2 ssse3 cx16 xtpr pdcm sse4_1 sse4_2 popcnt lahf_lm tpr_shadow vnmi flexpriority ept vpid dtherm arat
bugs		:
bogomips	: 4521.90
clflush size	: 64
cache_alignment	: 64
address sizes	: 36 bits physical, 48 bits virtual
power management:

processor	: 3
vendor_id	: GenuineIntel
cpu family	: 6
model		: 37
model name	: Intel(R) Core(TM) i3 CPU       M 350  @ 2.27GHz
stepping	: 2
microcode	: 0x9
cpu MHz		: 2266.000
cache size	: 3072 KB
physical id	: 0
siblings	: 4
core id		: 2
cpu cores	: 2
apicid		: 5
initial apicid	: 5
fpu		: yes
fpu_exception	: yes
cpuid level	: 11
wp		: yes
flags		: fpu vme de pse tsc msr pae mce cx8 apic sep mtrr pge mca cmov pat pse36 clflush dts acpi mmx fxsr sse sse2 ss ht tm pbe syscall nx rdtscp lm constant_tsc arch_perfmon pebs bts rep_good nopl xtopology nonstop_tsc aperfmperf eagerfpu pni dtes64 monitor ds_cpl vmx est tm2 ssse3 cx16 xtpr pdcm sse4_1 sse4_2 popcnt lahf_lm tpr_shadow vnmi flexpriority ept vpid dtherm arat
bugs		:
bogomips	: 4521.90
clflush size	: 64
cache_alignment	: 64
address sizes	: 36 bits physical, 48 bits virtual
power management:



Memory: 4k page, physical 2932444k(89016k free), swap 2996220k(1609560k free)

vm_info: Java HotSpot(TM) 64-Bit Server VM (25.131-b11) for linux-amd64 JRE (1.8.0_131-b11), built on Mar 15 2017 01:23:40 by "java_re" with gcc 4.3.0 20080428 (Red Hat 4.3.0-8)

time: Mon Jul  3 13:03:14 2017
elapsed time: 8 seconds (0d 0h 0m 8s)

